Using pre-set license
Built from '2022.3/staging' branch; Version is '2022.3.50f1 (c3db7f8bf9b1) revision 12835711'; Using compiler version '192829333'; Build Type 'Release'
OS: 'Windows 11  (10.0.22631) 64bit CoreSingleLanguage' Language: 'en' Physical Memory: 6081 MB
BatchMode: 1, IsHumanControllingUs: 0, StartBugReporterOnCrash: 0, Is64bit: 1, IsPro: 1

COMMAND LINE ARGUMENTS:
C:\Users\Acer\Desktop\Unity Download\2022.3.50f1\Editor\Unity.exe
-adb2
-batchMode
-noUpm
-name
AssetImportWorker2
-projectPath
C:/Users/Acer/Documents/GitHub/Class-3-A
-logFile
Logs/AssetImportWorker2.log
-srvPort
56626
Successfully changed project path to: C:/Users/Acer/Documents/GitHub/Class-3-A
C:/Users/Acer/Documents/GitHub/Class-3-A
[UnityMemory] Configuration Parameters - Can be set up in boot.config
    "memorysetup-bucket-allocator-granularity=16"
    "memorysetup-bucket-allocator-bucket-count=8"
    "memorysetup-bucket-allocator-block-size=33554432"
    "memorysetup-bucket-allocator-block-count=8"
    "memorysetup-main-allocator-block-size=16777216"
    "memorysetup-thread-allocator-block-size=16777216"
    "memorysetup-gfx-main-allocator-block-size=16777216"
    "memorysetup-gfx-thread-allocator-block-size=16777216"
    "memorysetup-cache-allocator-block-size=4194304"
    "memorysetup-typetree-allocator-block-size=2097152"
    "memorysetup-profiler-bucket-allocator-granularity=16"
    "memorysetup-profiler-bucket-allocator-bucket-count=8"
    "memorysetup-profiler-bucket-allocator-block-size=33554432"
    "memorysetup-profiler-bucket-allocator-block-count=8"
    "memorysetup-profiler-allocator-block-size=16777216"
    "memorysetup-profiler-editor-allocator-block-size=1048576"
    "memorysetup-temp-allocator-size-main=16777216"
    "memorysetup-job-temp-allocator-block-size=2097152"
    "memorysetup-job-temp-allocator-block-size-background=1048576"
    "memorysetup-job-temp-allocator-reduction-small-platforms=262144"
    "memorysetup-allocator-temp-initial-block-size-main=262144"
    "memorysetup-allocator-temp-initial-block-size-worker=262144"
    "memorysetup-temp-allocator-size-background-worker=32768"
    "memorysetup-temp-allocator-size-job-worker=262144"
    "memorysetup-temp-allocator-size-preload-manager=33554432"
    "memorysetup-temp-allocator-size-nav-mesh-worker=65536"
    "memorysetup-temp-allocator-size-audio-worker=65536"
    "memorysetup-temp-allocator-size-cloud-worker=32768"
    "memorysetup-temp-allocator-size-gi-baking-worker=262144"
    "memorysetup-temp-allocator-size-gfx=262144"
Player connection [4036]  Target information:

Player connection [4036]  * "[IP] 192.168.0.157 [Port] 0 [Flags] 2 [Guid] 3728645353 [EditorId] 3728645353 [Version] 1048832 [Id] WindowsEditor(7,LAPTOP-45OSCUUN) [Debug] 1 [PackageName] WindowsEditor [ProjectName] Editor" 

Player connection [4036] Host joined multi-casting on [225.0.0.222:54997]...
Player connection [4036] Host joined alternative multi-casting on [225.0.0.222:34997]...
[PhysX] Initialized MultithreadedTaskDispatcher with 4 workers.
Refreshing native plugins compatible for Editor in 25.32 ms, found 3 plugins.
Preloading 0 native plugins for Editor in 0.00 ms.
Initialize engine version: 2022.3.50f1 (c3db7f8bf9b1)
[Subsystems] Discovering subsystems at path C:/Users/Acer/Desktop/Unity Download/2022.3.50f1/Editor/Data/Resources/UnitySubsystems
[Subsystems] Discovering subsystems at path C:/Users/Acer/Documents/GitHub/Class-3-A/Assets
GfxDevice: creating device client; threaded=0; jobified=0
Direct3D:
    Version:  Direct3D 11.0 [level 11.1]
    Renderer: AMD Radeon(TM) Vega 3 Graphics (ID=0x15d8)
    Vendor:   ATI
    VRAM:     3040 MB
    Driver:   31.0.21921.1000
Initialize mono
Mono path[0] = 'C:/Users/Acer/Desktop/Unity Download/2022.3.50f1/Editor/Data/Managed'
Mono path[1] = 'C:/Users/Acer/Desktop/Unity Download/2022.3.50f1/Editor/Data/MonoBleedingEdge/lib/mono/unityjit-win32'
Mono config path = 'C:/Users/Acer/Desktop/Unity Download/2022.3.50f1/Editor/Data/MonoBleedingEdge/etc'
Using monoOptions --debugger-agent=transport=dt_socket,embedding=1,server=y,suspend=n,address=127.0.0.1:56684
Begin MonoManager ReloadAssembly
Registering precompiled unity dll's ...
Register platform support module: C:/Users/Acer/Desktop/Unity Download/2022.3.50f1/Editor/Data/PlaybackEngines/AndroidPlayer/UnityEditor.Android.Extensions.dll
Register platform support module: C:/Users/Acer/Desktop/Unity Download/2022.3.50f1/Editor/Data/PlaybackEngines/WindowsStandaloneSupport/UnityEditor.WindowsStandalone.Extensions.dll
Registered in 0.024039 seconds.
- Loaded All Assemblies, in  1.443 seconds
Native extension for WindowsStandalone target not found
Native extension for Android target not found
Android Extension - Scanning For ADB Devices 964 ms
Mono: successfully reloaded assembly
- Finished resetting the current domain, in  1.919 seconds
Domain Reload Profiling: 3351ms
	BeginReloadAssembly (346ms)
		ExecutionOrderSort (0ms)
		DisableScriptedObjects (0ms)
		BackupInstance (0ms)
		ReleaseScriptingObjects (0ms)
		CreateAndSetChildDomain (6ms)
	RebuildCommonClasses (178ms)
	RebuildNativeTypeToScriptingClass (32ms)
	initialDomainReloadingComplete (171ms)
	LoadAllAssembliesAndSetupDomain (705ms)
		LoadAssemblies (379ms)
		RebuildTransferFunctionScriptingTraits (0ms)
		AnalyzeDomain (642ms)
			TypeCache.Refresh (638ms)
				TypeCache.ScanAssembly (586ms)
			ScanForSourceGeneratedMonoScriptInfo (1ms)
			ResolveRequiredComponents (1ms)
	FinalizeReload (1920ms)
		ReleaseScriptCaches (0ms)
		RebuildScriptCaches (0ms)
		SetupLoadedEditorAssemblies (1595ms)
			LogAssemblyErrors (0ms)
			InitializePlatformSupportModulesInManaged (1264ms)
			SetLoadedEditorAssemblies (7ms)
			RefreshPlugins (0ms)
			BeforeProcessingInitializeOnLoad (4ms)
			ProcessInitializeOnLoadAttributes (245ms)
			ProcessInitializeOnLoadMethodAttributes (75ms)
			AfterProcessingInitializeOnLoad (0ms)
			EditorAssembliesLoaded (0ms)
		ExecutionOrderSort2 (0ms)
		AwakeInstancesAfterBackupRestoration (0ms)
========================================================================
Worker process is ready to serve import requests
Caller must complete domain reload
Begin MonoManager ReloadAssembly
- Loaded All Assemblies, in  1.558 seconds
Native extension for WindowsStandalone target not found
Native extension for Android target not found
Mono: successfully reloaded assembly
- Finished resetting the current domain, in  1.019 seconds
Domain Reload Profiling: 2571ms
	BeginReloadAssembly (262ms)
		ExecutionOrderSort (0ms)
		DisableScriptedObjects (11ms)
		BackupInstance (0ms)
		ReleaseScriptingObjects (0ms)
		CreateAndSetChildDomain (34ms)
	RebuildCommonClasses (55ms)
	RebuildNativeTypeToScriptingClass (16ms)
	initialDomainReloadingComplete (65ms)
	LoadAllAssembliesAndSetupDomain (1154ms)
		LoadAssemblies (722ms)
		RebuildTransferFunctionScriptingTraits (0ms)
		AnalyzeDomain (562ms)
			TypeCache.Refresh (431ms)
				TypeCache.ScanAssembly (376ms)
			ScanForSourceGeneratedMonoScriptInfo (113ms)
			ResolveRequiredComponents (15ms)
	FinalizeReload (1020ms)
		ReleaseScriptCaches (0ms)
		RebuildScriptCaches (0ms)
		SetupLoadedEditorAssemblies (736ms)
			LogAssemblyErrors (0ms)
			InitializePlatformSupportModulesInManaged (32ms)
			SetLoadedEditorAssemblies (4ms)
			RefreshPlugins (0ms)
			BeforeProcessingInitializeOnLoad (86ms)
			ProcessInitializeOnLoadAttributes (546ms)
			ProcessInitializeOnLoadMethodAttributes (43ms)
			AfterProcessingInitializeOnLoad (24ms)
			EditorAssembliesLoaded (0ms)
		ExecutionOrderSort2 (0ms)
		AwakeInstancesAfterBackupRestoration (28ms)
Launched and connected shader compiler UnityShaderCompiler.exe after 0.08 seconds
Refreshing native plugins compatible for Editor in 7.27 ms, found 3 plugins.
Preloading 0 native plugins for Editor in 0.00 ms.
Unloading 3124 Unused Serialized files (Serialized files now loaded: 0)
Unloading 19 unused Assets / (55.1 KB). Loaded Objects now: 3593.
Memory consumption went from 122.8 MB to 122.8 MB.
Total: 4.047600 ms (FindLiveObjects: 0.395100 ms CreateObjectMapping: 0.143700 ms MarkObjects: 3.286900 ms  DeleteObjects: 0.219800 ms)

AssetImportParameters requested are different than current active one (requested -> active):
  custom:container-demuxer-ogg: 62fdf1f143b41e24485cea50d1cbac27 -> 
  custom:video-decoder-ogg-theora: a1e56fd34408186e4bbccfd4996cb3dc -> 
  custom:framework-win-MediaFoundation: 216162199b28c13a410421893ffa2e32 -> 
  custom:scripting/monoscript/fileName/NPCInteractable.cs: 5eab74a401521f20b77c6f13559f026b -> 
  custom:scripting/monoscript/fileName/PlayerInteract.cs: d055edb0e287b2a945ede08b7b198efb -> 
  custom:CustomObjectIndexerAttribute: 9a22284fe3817be447336de3de66b15e -> 
  custom:container-demuxer-webm: 4f35f7cbe854078d1ac9338744f61a02 -> 
  custom:container-muxer-webm: aa71ff27fc2769a1b78a27578f13a17b -> 
  custom:video-decoder-webm-vp8: 9c59270c3fd7afecdb556c50c9e8de78 -> 
  custom:scripting/monoscript/fileName/NPC.cs: 90abe046273d7d199d0f971801ca7233 -> 
  custom:SearchIndexIgnoredProperties: e643bd26f0fe6173181afceb89e7c659 -> 
  custom:AudioImporter_EditorPlatform: d09bf68614088b80899f8185d706f6e7 -> 
  custom:scripting/monoscript/fileName/dialogue1.cs: 68aa61eee3f9486865bb582d0be8d718 -> 0bd9cbce87c2b48afba3a1544db0d376
  custom:video-encoder-webm-vp8: eb34c28f22e8b96e1ab97ce403110664 -> 
  custom:audio-decoder-ogg-vorbis: bf7c407c2cedff20999df2af8eb42d56 -> 
  custom:audio-encoder-webm-vorbis: bf7c407c2cedff20999df2af8eb42d56 -> 
========================================================================
Received Import Request.
  Time since last request: 290391.880584 seconds.
  path: Assets/nappin/Office Props Softpack/Textures/(Txt)GradientGreen.png
  artifactKey: Guid(b3d2d9ac8c50c0743af991b469817ddc) Importer(815301076,1909f56bfc062723c751e8b465ee728b)
Start importing Assets/nappin/Office Props Softpack/Textures/(Txt)GradientGreen.png using Guid(b3d2d9ac8c50c0743af991b469817ddc) Importer(815301076,1909f56bfc062723c751e8b465ee728b) [PhysX] Initialized MultithreadedTaskDispatcher with 4 workers.
[PhysX] Initialized MultithreadedTaskDispatcher with 4 workers.
 -> (artifact id: '0be7b420848ad13db228b925414b5fdb') in 0.124892 seconds
Number of updated asset objects reloaded before import = 0
Number of asset objects unloaded after import = 2
========================================================================
Received Import Request.
  Time since last request: 0.068499 seconds.
  path: Assets/nappin/Office Props Softpack/Textures/(Txt)GradientOrange.png
  artifactKey: Guid(1be709cd9dfa27c48a678cdacc829f7e) Importer(815301076,1909f56bfc062723c751e8b465ee728b)
Start importing Assets/nappin/Office Props Softpack/Textures/(Txt)GradientOrange.png using Guid(1be709cd9dfa27c48a678cdacc829f7e) Importer(815301076,1909f56bfc062723c751e8b465ee728b) [PhysX] Initialized MultithreadedTaskDispatcher with 4 workers.
[PhysX] Initialized MultithreadedTaskDispatcher with 4 workers.
 -> (artifact id: '5bcfaaec25ddbbe9649a64f937f490d8') in 0.024931 seconds
Number of updated asset objects reloaded before import = 0
Number of asset objects unloaded after import = 2
========================================================================
Received Import Request.
  Time since last request: 0.000032 seconds.
  path: Assets/nappin/Office Props Softpack/Textures/(Txt)GradientYellow.png
  artifactKey: Guid(da405f481770b8a4a8592cf2f2eeb50d) Importer(815301076,1909f56bfc062723c751e8b465ee728b)
Start importing Assets/nappin/Office Props Softpack/Textures/(Txt)GradientYellow.png using Guid(da405f481770b8a4a8592cf2f2eeb50d) Importer(815301076,1909f56bfc062723c751e8b465ee728b) [PhysX] Initialized MultithreadedTaskDispatcher with 4 workers.
[PhysX] Initialized MultithreadedTaskDispatcher with 4 workers.
 -> (artifact id: '61d37e3ae6ba0c336bbd5668a1a8b478') in 0.041740 seconds
Number of updated asset objects reloaded before import = 0
Number of asset objects unloaded after import = 2
========================================================================
Received Import Request.
  Time since last request: 0.302693 seconds.
  path: Assets/Mess Maker Free/Materials/Textures/AppleCoreAlbido.png
  artifactKey: Guid(6489498436f545349909b715e4d6e083) Importer(815301076,1909f56bfc062723c751e8b465ee728b)
Start importing Assets/Mess Maker Free/Materials/Textures/AppleCoreAlbido.png using Guid(6489498436f545349909b715e4d6e083) Importer(815301076,1909f56bfc062723c751e8b465ee728b) [PhysX] Initialized MultithreadedTaskDispatcher with 4 workers.
[PhysX] Initialized MultithreadedTaskDispatcher with 4 workers.
 -> (artifact id: '592a53690ab0a05f66fc0695ad29d23d') in 0.061807 seconds
Number of updated asset objects reloaded before import = 0
Number of asset objects unloaded after import = 2
========================================================================
Received Import Request.
  Time since last request: 0.000055 seconds.
  path: Assets/Mess Maker Free/Materials/Textures/AppleCoreNormal.png
  artifactKey: Guid(43594b6a0c574bf4998f033a0a0163f0) Importer(815301076,1909f56bfc062723c751e8b465ee728b)
Start importing Assets/Mess Maker Free/Materials/Textures/AppleCoreNormal.png using Guid(43594b6a0c574bf4998f033a0a0163f0) Importer(815301076,1909f56bfc062723c751e8b465ee728b) [PhysX] Initialized MultithreadedTaskDispatcher with 4 workers.
[PhysX] Initialized MultithreadedTaskDispatcher with 4 workers.
 -> (artifact id: 'e226c5c3d9a9d050262647af7d0229df') in 0.076840 seconds
Number of updated asset objects reloaded before import = 0
Number of asset objects unloaded after import = 2
========================================================================
Received Import Request.
  Time since last request: 0.064400 seconds.
  path: Assets/Mess Maker Free/Materials/Textures/Beer Can Blue.png
  artifactKey: Guid(a667e3d734d372e4482ed7fc65c559c3) Importer(815301076,1909f56bfc062723c751e8b465ee728b)
Start importing Assets/Mess Maker Free/Materials/Textures/Beer Can Blue.png using Guid(a667e3d734d372e4482ed7fc65c559c3) Importer(815301076,1909f56bfc062723c751e8b465ee728b) [PhysX] Initialized MultithreadedTaskDispatcher with 4 workers.
[PhysX] Initialized MultithreadedTaskDispatcher with 4 workers.
 -> (artifact id: '6358ff55f1ac4d7c76e914b52079ba3f') in 0.064104 seconds
Number of updated asset objects reloaded before import = 0
Number of asset objects unloaded after import = 2
========================================================================
Received Import Request.
  Time since last request: 0.007575 seconds.
  path: Assets/Mess Maker Free/Materials/Textures/Beer Can Red.png
  artifactKey: Guid(2cff1f988916a5e41a8dce999e924a9d) Importer(815301076,1909f56bfc062723c751e8b465ee728b)
Start importing Assets/Mess Maker Free/Materials/Textures/Beer Can Red.png using Guid(2cff1f988916a5e41a8dce999e924a9d) Importer(815301076,1909f56bfc062723c751e8b465ee728b) [PhysX] Initialized MultithreadedTaskDispatcher with 4 workers.
[PhysX] Initialized MultithreadedTaskDispatcher with 4 workers.
 -> (artifact id: 'cf36d0ccb9dd9a2fbe80492b85da92d0') in 0.066442 seconds
Number of updated asset objects reloaded before import = 0
Number of asset objects unloaded after import = 2
========================================================================
Received Import Request.
  Time since last request: 0.341455 seconds.
  path: Assets/Mess Maker Free/Materials/Textures/Burgar_base.png
  artifactKey: Guid(14ef9d59fae2f4b41a0a38dd57981048) Importer(815301076,1909f56bfc062723c751e8b465ee728b)
Start importing Assets/Mess Maker Free/Materials/Textures/Burgar_base.png using Guid(14ef9d59fae2f4b41a0a38dd57981048) Importer(815301076,1909f56bfc062723c751e8b465ee728b) [PhysX] Initialized MultithreadedTaskDispatcher with 4 workers.
[PhysX] Initialized MultithreadedTaskDispatcher with 4 workers.
 -> (artifact id: '2188240c01a6aed41d0117d84b9bb786') in 0.060163 seconds
Number of updated asset objects reloaded before import = 0
Number of asset objects unloaded after import = 2
========================================================================
Received Import Request.
  Time since last request: 0.000031 seconds.
  path: Assets/Mess Maker Free/Materials/Textures/Chicken Bone NRM.png
  artifactKey: Guid(164b14f55ca68e94cb8abc775977f969) Importer(815301076,1909f56bfc062723c751e8b465ee728b)
Start importing Assets/Mess Maker Free/Materials/Textures/Chicken Bone NRM.png using Guid(164b14f55ca68e94cb8abc775977f969) Importer(815301076,1909f56bfc062723c751e8b465ee728b) [PhysX] Initialized MultithreadedTaskDispatcher with 4 workers.
[PhysX] Initialized MultithreadedTaskDispatcher with 4 workers.
 -> (artifact id: '7616bed22fcf5c4fe809e2954bdfe948') in 0.019082 seconds
Number of updated asset objects reloaded before import = 0
Number of asset objects unloaded after import = 2
========================================================================
Received Import Request.
  Time since last request: 0.101940 seconds.
  path: Assets/Mess Maker Free/Materials/Textures/CityMap.png
  artifactKey: Guid(0ba8d0e67b8853248a06f8deff95e94c) Importer(815301076,1909f56bfc062723c751e8b465ee728b)
Start importing Assets/Mess Maker Free/Materials/Textures/CityMap.png using Guid(0ba8d0e67b8853248a06f8deff95e94c) Importer(815301076,1909f56bfc062723c751e8b465ee728b) [PhysX] Initialized MultithreadedTaskDispatcher with 4 workers.
[PhysX] Initialized MultithreadedTaskDispatcher with 4 workers.
 -> (artifact id: '979fd6a2e10c3043e932e412004bfb90') in 0.016940 seconds
Number of updated asset objects reloaded before import = 0
Number of asset objects unloaded after import = 2
========================================================================
Received Import Request.
  Time since last request: 0.376360 seconds.
  path: Assets/Mess Maker Free/Materials/Textures/CityMapNrm.png
  artifactKey: Guid(503e094516ae6c74cb7b8f62f67c86cf) Importer(815301076,1909f56bfc062723c751e8b465ee728b)
Start importing Assets/Mess Maker Free/Materials/Textures/CityMapNrm.png using Guid(503e094516ae6c74cb7b8f62f67c86cf) Importer(815301076,1909f56bfc062723c751e8b465ee728b) [PhysX] Initialized MultithreadedTaskDispatcher with 4 workers.
[PhysX] Initialized MultithreadedTaskDispatcher with 4 workers.
 -> (artifact id: 'a5aba836fff1281101af3ee8ec2f0635') in 0.052920 seconds
Number of updated asset objects reloaded before import = 0
Number of asset objects unloaded after import = 2
========================================================================
Received Import Request.
  Time since last request: 0.004326 seconds.
  path: Assets/TextMesh Pro/Sprites/EmojiOne.png
  artifactKey: Guid(dffef66376be4fa480fb02b19edbe903) Importer(815301076,1909f56bfc062723c751e8b465ee728b)
Start importing Assets/TextMesh Pro/Sprites/EmojiOne.png using Guid(dffef66376be4fa480fb02b19edbe903) Importer(815301076,1909f56bfc062723c751e8b465ee728b) [PhysX] Initialized MultithreadedTaskDispatcher with 4 workers.
[PhysX] Initialized MultithreadedTaskDispatcher with 4 workers.
 -> (artifact id: '71d01f9902b74e686bcc3ba0d6f7e191') in 0.060833 seconds
Number of updated asset objects reloaded before import = 0
Number of asset objects unloaded after import = 2
========================================================================
Received Import Request.
  Time since last request: 0.464113 seconds.
  path: Assets/Mess Maker Free/Materials/Textures/Fish Bone NRM.png
  artifactKey: Guid(6ac847bd8d5c452459256dc46629947f) Importer(815301076,1909f56bfc062723c751e8b465ee728b)
Start importing Assets/Mess Maker Free/Materials/Textures/Fish Bone NRM.png using Guid(6ac847bd8d5c452459256dc46629947f) Importer(815301076,1909f56bfc062723c751e8b465ee728b) [PhysX] Initialized MultithreadedTaskDispatcher with 4 workers.
[PhysX] Initialized MultithreadedTaskDispatcher with 4 workers.
 -> (artifact id: '97a4c7c75a90c40d030218cc3cb2bd1c') in 0.060290 seconds
Number of updated asset objects reloaded before import = 0
Number of asset objects unloaded after import = 2
========================================================================
Received Import Request.
  Time since last request: 0.000367 seconds.
  path: Assets/TextMesh Pro/Resources/Fonts & Materials/LiberationSans SDF - Fallback.asset
  artifactKey: Guid(2e498d1c8094910479dc3e1b768306a4) Importer(815301076,1909f56bfc062723c751e8b465ee728b)
Start importing Assets/TextMesh Pro/Resources/Fonts & Materials/LiberationSans SDF - Fallback.asset using Guid(2e498d1c8094910479dc3e1b768306a4) Importer(815301076,1909f56bfc062723c751e8b465ee728b) [PhysX] Initialized MultithreadedTaskDispatcher with 4 workers.
[PhysX] Initialized MultithreadedTaskDispatcher with 4 workers.
[PhysX] Initialized MultithreadedTaskDispatcher with 4 workers.
 -> (artifact id: '02de02c368f2da0774dce83cdb2a5a99') in 0.145080 seconds
Number of updated asset objects reloaded before import = 0
Number of asset objects unloaded after import = 6
========================================================================
Received Import Request.
  Time since last request: 0.470439 seconds.
  path: Assets/Mess Maker Free/Scenes/All Assets SampleScene/Lightmap-0_comp_dir.png
  artifactKey: Guid(1acf16e763faed44b8afd01651d92be2) Importer(815301076,1909f56bfc062723c751e8b465ee728b)
Start importing Assets/Mess Maker Free/Scenes/All Assets SampleScene/Lightmap-0_comp_dir.png using Guid(1acf16e763faed44b8afd01651d92be2) Importer(815301076,1909f56bfc062723c751e8b465ee728b) [PhysX] Initialized MultithreadedTaskDispatcher with 4 workers.
[PhysX] Initialized MultithreadedTaskDispatcher with 4 workers.
 -> (artifact id: 'd3c0b992dbd35af06ffe813bfc5a963f') in 0.077537 seconds
Number of updated asset objects reloaded before import = 0
Number of asset objects unloaded after import = 2
========================================================================
Received Import Request.
  Time since last request: 0.000506 seconds.
  path: Assets/TextMesh Pro/Resources/Fonts & Materials/LiberationSans SDF.asset
  artifactKey: Guid(8f586378b4e144a9851e7b34d9b748ee) Importer(815301076,1909f56bfc062723c751e8b465ee728b)
Start importing Assets/TextMesh Pro/Resources/Fonts & Materials/LiberationSans SDF.asset using Guid(8f586378b4e144a9851e7b34d9b748ee) Importer(815301076,1909f56bfc062723c751e8b465ee728b) [PhysX] Initialized MultithreadedTaskDispatcher with 4 workers.
[PhysX] Initialized MultithreadedTaskDispatcher with 4 workers.
[PhysX] Initialized MultithreadedTaskDispatcher with 4 workers.
 -> (artifact id: 'ce44479841c470b48e21a8d037baab52') in 0.145840 seconds
Number of updated asset objects reloaded before import = 0
Number of asset objects unloaded after import = 9
========================================================================
Received Import Request.
  Time since last request: 0.656383 seconds.
  path: Assets/Mess Maker Free/Scenes/All Assets SampleScene/Lightmap-0_comp_light.exr
  artifactKey: Guid(ec10feafdd391c94e9634986da8284c4) Importer(815301076,1909f56bfc062723c751e8b465ee728b)
Start importing Assets/Mess Maker Free/Scenes/All Assets SampleScene/Lightmap-0_comp_light.exr using Guid(ec10feafdd391c94e9634986da8284c4) Importer(815301076,1909f56bfc062723c751e8b465ee728b) [PhysX] Initialized MultithreadedTaskDispatcher with 4 workers.
[PhysX] Initialized MultithreadedTaskDispatcher with 4 workers.
 -> (artifact id: '9f58850fc3c3f419dbd320ed0ee57461') in 0.070425 seconds
Number of updated asset objects reloaded before import = 0
Number of asset objects unloaded after import = 2
========================================================================
Received Import Request.
  Time since last request: 0.000044 seconds.
  path: Assets/Herta/mc1.png
  artifactKey: Guid(5f1e432dc9317624a8deb9537c5873f1) Importer(815301076,1909f56bfc062723c751e8b465ee728b)
Start importing Assets/Herta/mc1.png using Guid(5f1e432dc9317624a8deb9537c5873f1) Importer(815301076,1909f56bfc062723c751e8b465ee728b) [PhysX] Initialized MultithreadedTaskDispatcher with 4 workers.
[PhysX] Initialized MultithreadedTaskDispatcher with 4 workers.
 -> (artifact id: '012b4b268b66804a31a77a1d1885de7c') in 0.061706 seconds
Number of updated asset objects reloaded before import = 0
Number of asset objects unloaded after import = 2
========================================================================
Received Import Request.
  Time since last request: 0.000122 seconds.
  path: Assets/Herta/mc3.png
  artifactKey: Guid(1af458e22bccf0c469deba6193c3fb73) Importer(815301076,1909f56bfc062723c751e8b465ee728b)
Start importing Assets/Herta/mc3.png using Guid(1af458e22bccf0c469deba6193c3fb73) Importer(815301076,1909f56bfc062723c751e8b465ee728b) [PhysX] Initialized MultithreadedTaskDispatcher with 4 workers.
[PhysX] Initialized MultithreadedTaskDispatcher with 4 workers.
 -> (artifact id: 'e51370ac53cf8fa4b658c5207abec9f0') in 0.031403 seconds
Number of updated asset objects reloaded before import = 0
Number of asset objects unloaded after import = 2
========================================================================
Received Import Request.
  Time since last request: 0.098940 seconds.
  path: Assets/Mess Maker Free/Materials/Textures/Pottery.png
  artifactKey: Guid(925a5b95caa73a8498704017a23c5a24) Importer(815301076,1909f56bfc062723c751e8b465ee728b)
Start importing Assets/Mess Maker Free/Materials/Textures/Pottery.png using Guid(925a5b95caa73a8498704017a23c5a24) Importer(815301076,1909f56bfc062723c751e8b465ee728b) [PhysX] Initialized MultithreadedTaskDispatcher with 4 workers.
[PhysX] Initialized MultithreadedTaskDispatcher with 4 workers.
 -> (artifact id: '20fa040381ab3b16d0ea6f480f3a6c40') in 0.022745 seconds
Number of updated asset objects reloaded before import = 0
Number of asset objects unloaded after import = 2
========================================================================
Received Import Request.
  Time since last request: 0.000092 seconds.
  path: Assets/ModularFirstPersonController/DemoScene/Gridbox Prototype Materials/Resources/Textures/Prototype Grid/prototype_512x512_blue2.png
  artifactKey: Guid(17198718c5735204999fb13dc36e290f) Importer(815301076,1909f56bfc062723c751e8b465ee728b)
Start importing Assets/ModularFirstPersonController/DemoScene/Gridbox Prototype Materials/Resources/Textures/Prototype Grid/prototype_512x512_blue2.png using Guid(17198718c5735204999fb13dc36e290f) Importer(815301076,1909f56bfc062723c751e8b465ee728b) [PhysX] Initialized MultithreadedTaskDispatcher with 4 workers.
[PhysX] Initialized MultithreadedTaskDispatcher with 4 workers.
 -> (artifact id: '3d194baca18c1c914fe3644742e42ddf') in 0.032330 seconds
Number of updated asset objects reloaded before import = 0
Number of asset objects unloaded after import = 2
========================================================================
Received Import Request.
  Time since last request: 0.000052 seconds.
  path: Assets/ModularFirstPersonController/DemoScene/Gridbox Prototype Materials/Resources/Textures/Prototype Grid/prototype_512x512_brown.png
  artifactKey: Guid(3c227d230cca14c42822692b6aff3459) Importer(815301076,1909f56bfc062723c751e8b465ee728b)
Start importing Assets/ModularFirstPersonController/DemoScene/Gridbox Prototype Materials/Resources/Textures/Prototype Grid/prototype_512x512_brown.png using Guid(3c227d230cca14c42822692b6aff3459) Importer(815301076,1909f56bfc062723c751e8b465ee728b) [PhysX] Initialized MultithreadedTaskDispatcher with 4 workers.
[PhysX] Initialized MultithreadedTaskDispatcher with 4 workers.
 -> (artifact id: 'd38f98ebec8ab7b9f18c8a42aea339a9') in 0.031835 seconds
Number of updated asset objects reloaded before import = 0
Number of asset objects unloaded after import = 2
========================================================================
Received Import Request.
  Time since last request: 0.000041 seconds.
  path: Assets/ModularFirstPersonController/DemoScene/Gridbox Prototype Materials/Resources/Textures/Prototype Grid/prototype_512x512_blue1.png
  artifactKey: Guid(44cced520ecfd9f4292979a4fe8268c4) Importer(815301076,1909f56bfc062723c751e8b465ee728b)
Start importing Assets/ModularFirstPersonController/DemoScene/Gridbox Prototype Materials/Resources/Textures/Prototype Grid/prototype_512x512_blue1.png using Guid(44cced520ecfd9f4292979a4fe8268c4) Importer(815301076,1909f56bfc062723c751e8b465ee728b) [PhysX] Initialized MultithreadedTaskDispatcher with 4 workers.
[PhysX] Initialized MultithreadedTaskDispatcher with 4 workers.
 -> (artifact id: '843e769ee84fbf9d31d5ddc66a9fa3f4') in 0.076128 seconds
Number of updated asset objects reloaded before import = 0
Number of asset objects unloaded after import = 2
========================================================================
Received Import Request.
  Time since last request: 0.089229 seconds.
  path: Assets/ModularFirstPersonController/DemoScene/Gridbox Prototype Materials/Resources/Textures/Prototype Grid/prototype_512x512_cyan.png
  artifactKey: Guid(6c35396cb8128474a8a73c6b19f2fe1f) Importer(815301076,1909f56bfc062723c751e8b465ee728b)
Start importing Assets/ModularFirstPersonController/DemoScene/Gridbox Prototype Materials/Resources/Textures/Prototype Grid/prototype_512x512_cyan.png using Guid(6c35396cb8128474a8a73c6b19f2fe1f) Importer(815301076,1909f56bfc062723c751e8b465ee728b) [PhysX] Initialized MultithreadedTaskDispatcher with 4 workers.
[PhysX] Initialized MultithreadedTaskDispatcher with 4 workers.
 -> (artifact id: 'bc8c55b911ebffd8b462e72f7833ff0a') in 0.032847 seconds
Number of updated asset objects reloaded before import = 0
Number of asset objects unloaded after import = 2
========================================================================
Received Import Request.
  Time since last request: 0.086132 seconds.
  path: Assets/ModularFirstPersonController/DemoScene/Gridbox Prototype Materials/Resources/Textures/Prototype Grid/prototype_512x512_green2.png
  artifactKey: Guid(382df89af99b9f2459dd19206e68a63d) Importer(815301076,1909f56bfc062723c751e8b465ee728b)
Start importing Assets/ModularFirstPersonController/DemoScene/Gridbox Prototype Materials/Resources/Textures/Prototype Grid/prototype_512x512_green2.png using Guid(382df89af99b9f2459dd19206e68a63d) Importer(815301076,1909f56bfc062723c751e8b465ee728b) [PhysX] Initialized MultithreadedTaskDispatcher with 4 workers.
[PhysX] Initialized MultithreadedTaskDispatcher with 4 workers.
 -> (artifact id: '2829d4d6aed312d2f183133ca28988b2') in 0.055808 seconds
Number of updated asset objects reloaded before import = 0
Number of asset objects unloaded after import = 2
========================================================================
Received Import Request.
  Time since last request: 0.068155 seconds.
  path: Assets/ModularFirstPersonController/DemoScene/Gridbox Prototype Materials/Resources/Textures/Prototype Grid/prototype_512x512_grey2.png
  artifactKey: Guid(37920ac3813690349a856bbe19a86e2b) Importer(815301076,1909f56bfc062723c751e8b465ee728b)
Start importing Assets/ModularFirstPersonController/DemoScene/Gridbox Prototype Materials/Resources/Textures/Prototype Grid/prototype_512x512_grey2.png using Guid(37920ac3813690349a856bbe19a86e2b) Importer(815301076,1909f56bfc062723c751e8b465ee728b) [PhysX] Initialized MultithreadedTaskDispatcher with 4 workers.
[PhysX] Initialized MultithreadedTaskDispatcher with 4 workers.
 -> (artifact id: 'ab8d451223d327b29b9a7e63dbf82899') in 0.023117 seconds
Number of updated asset objects reloaded before import = 0
Number of asset objects unloaded after import = 2
========================================================================
Received Import Request.
  Time since last request: 0.129658 seconds.
  path: Assets/ModularFirstPersonController/DemoScene/Gridbox Prototype Materials/Resources/Textures/Prototype Grid/prototype_512x512_grey4.png
  artifactKey: Guid(ed0c2c8a99e92e14ba740ac8aa428288) Importer(815301076,1909f56bfc062723c751e8b465ee728b)
Start importing Assets/ModularFirstPersonController/DemoScene/Gridbox Prototype Materials/Resources/Textures/Prototype Grid/prototype_512x512_grey4.png using Guid(ed0c2c8a99e92e14ba740ac8aa428288) Importer(815301076,1909f56bfc062723c751e8b465ee728b) [PhysX] Initialized MultithreadedTaskDispatcher with 4 workers.
[PhysX] Initialized MultithreadedTaskDispatcher with 4 workers.
 -> (artifact id: 'e3bb4845f0445aa0fc4b248ffbbf0ca3') in 0.026693 seconds
Number of updated asset objects reloaded before import = 0
Number of asset objects unloaded after import = 2
========================================================================
Received Import Request.
  Time since last request: 0.142964 seconds.
  path: Assets/ModularFirstPersonController/DemoScene/Gridbox Prototype Materials/Resources/Textures/Prototype Grid/prototype_512x512_purple.png
  artifactKey: Guid(aa0c741df9dd8634c8d84fd9ba2b0e3d) Importer(815301076,1909f56bfc062723c751e8b465ee728b)
Start importing Assets/ModularFirstPersonController/DemoScene/Gridbox Prototype Materials/Resources/Textures/Prototype Grid/prototype_512x512_purple.png using Guid(aa0c741df9dd8634c8d84fd9ba2b0e3d) Importer(815301076,1909f56bfc062723c751e8b465ee728b) [PhysX] Initialized MultithreadedTaskDispatcher with 4 workers.
[PhysX] Initialized MultithreadedTaskDispatcher with 4 workers.
 -> (artifact id: 'babdd8103d350101801459891e9c732e') in 0.028413 seconds
Number of updated asset objects reloaded before import = 0
Number of asset objects unloaded after import = 2
========================================================================
Received Import Request.
  Time since last request: 0.000070 seconds.
  path: Assets/ModularFirstPersonController/DemoScene/Gridbox Prototype Materials/Resources/Textures/Prototype Grid/prototype_512x512_white.png
  artifactKey: Guid(9397418d1d7b12543bf27fb61b93bbea) Importer(815301076,1909f56bfc062723c751e8b465ee728b)
Start importing Assets/ModularFirstPersonController/DemoScene/Gridbox Prototype Materials/Resources/Textures/Prototype Grid/prototype_512x512_white.png using Guid(9397418d1d7b12543bf27fb61b93bbea) Importer(815301076,1909f56bfc062723c751e8b465ee728b) [PhysX] Initialized MultithreadedTaskDispatcher with 4 workers.
[PhysX] Initialized MultithreadedTaskDispatcher with 4 workers.
 -> (artifact id: 'ac628e307bd3b5cb7d38393147c7ee33') in 0.051831 seconds
Number of updated asset objects reloaded before import = 0
Number of asset objects unloaded after import = 2
========================================================================
Received Import Request.
  Time since last request: 0.107458 seconds.
  path: Assets/Mess Maker Free/Scenes/All Assets SampleScene/ReflectionProbe-0.exr
  artifactKey: Guid(9cc63f2d5096f874f82b95e12d4c89b4) Importer(815301076,1909f56bfc062723c751e8b465ee728b)
Start importing Assets/Mess Maker Free/Scenes/All Assets SampleScene/ReflectionProbe-0.exr using Guid(9cc63f2d5096f874f82b95e12d4c89b4) Importer(815301076,1909f56bfc062723c751e8b465ee728b) [PhysX] Initialized MultithreadedTaskDispatcher with 4 workers.
[PhysX] Initialized MultithreadedTaskDispatcher with 4 workers.
[PhysX] Initialized MultithreadedTaskDispatcher with 4 workers.
 -> (artifact id: '3e1c6f0705d4bc52ad2cebc7208a97f8') in 0.089762 seconds
Number of updated asset objects reloaded before import = 0
Number of asset objects unloaded after import = 1
========================================================================
Received Import Request.
  Time since last request: 0.000046 seconds.
  path: Assets/Mess Maker Free/Materials/Textures/rock_albedo.tif
  artifactKey: Guid(d388afed2c3848e41954afc5a012db25) Importer(815301076,1909f56bfc062723c751e8b465ee728b)
Start importing Assets/Mess Maker Free/Materials/Textures/rock_albedo.tif using Guid(d388afed2c3848e41954afc5a012db25) Importer(815301076,1909f56bfc062723c751e8b465ee728b) [PhysX] Initialized MultithreadedTaskDispatcher with 4 workers.
[PhysX] Initialized MultithreadedTaskDispatcher with 4 workers.
 -> (artifact id: '663c877e0addbdddc0398a9f84199640') in 0.066736 seconds
Number of updated asset objects reloaded before import = 0
Number of asset objects unloaded after import = 2
========================================================================
Received Import Request.
  Time since last request: 0.102339 seconds.
  path: Assets/Mess Maker Free/Materials/Textures/screen_normal.tif
  artifactKey: Guid(2c7c6a7cd98714443971176369b51bf6) Importer(815301076,1909f56bfc062723c751e8b465ee728b)
Start importing Assets/Mess Maker Free/Materials/Textures/screen_normal.tif using Guid(2c7c6a7cd98714443971176369b51bf6) Importer(815301076,1909f56bfc062723c751e8b465ee728b) [PhysX] Initialized MultithreadedTaskDispatcher with 4 workers.
[PhysX] Initialized MultithreadedTaskDispatcher with 4 workers.
 -> (artifact id: '7fce508eb0adc3cdc8a35b852c19243c') in 0.084916 seconds
Number of updated asset objects reloaded before import = 0
Number of asset objects unloaded after import = 2
========================================================================
Received Import Request.
  Time since last request: 0.002546 seconds.
  path: Assets/Mess Maker Free/Materials/Textures/Soda Can Orange.png
  artifactKey: Guid(bc58a7c75d268d646b483b2a21814700) Importer(815301076,1909f56bfc062723c751e8b465ee728b)
Start importing Assets/Mess Maker Free/Materials/Textures/Soda Can Orange.png using Guid(bc58a7c75d268d646b483b2a21814700) Importer(815301076,1909f56bfc062723c751e8b465ee728b) [PhysX] Initialized MultithreadedTaskDispatcher with 4 workers.
[PhysX] Initialized MultithreadedTaskDispatcher with 4 workers.
 -> (artifact id: 'a3a0fcc043336b24dfa3b3a5bcde960b') in 0.030072 seconds
Number of updated asset objects reloaded before import = 0
Number of asset objects unloaded after import = 2
========================================================================
Received Import Request.
  Time since last request: 0.000048 seconds.
  path: Assets/Herta/toon2.png
  artifactKey: Guid(277e975a2c084e342b9335d6d48189cf) Importer(815301076,1909f56bfc062723c751e8b465ee728b)
Start importing Assets/Herta/toon2.png using Guid(277e975a2c084e342b9335d6d48189cf) Importer(815301076,1909f56bfc062723c751e8b465ee728b) [PhysX] Initialized MultithreadedTaskDispatcher with 4 workers.
[PhysX] Initialized MultithreadedTaskDispatcher with 4 workers.
 -> (artifact id: '8ab902ba13fb87b5493cead4d7facb43') in 0.037332 seconds
Number of updated asset objects reloaded before import = 0
Number of asset objects unloaded after import = 2
========================================================================
Received Import Request.
  Time since last request: 0.001736 seconds.
  path: Assets/Mess Maker Free/Materials/Textures/Soda Can Red.png
  artifactKey: Guid(754b175c75937c047b9d2e904b1250ec) Importer(815301076,1909f56bfc062723c751e8b465ee728b)
Start importing Assets/Mess Maker Free/Materials/Textures/Soda Can Red.png using Guid(754b175c75937c047b9d2e904b1250ec) Importer(815301076,1909f56bfc062723c751e8b465ee728b) [PhysX] Initialized MultithreadedTaskDispatcher with 4 workers.
[PhysX] Initialized MultithreadedTaskDispatcher with 4 workers.
 -> (artifact id: 'f79f09add3ca44dfcc373298710b5dfe') in 0.036560 seconds
Number of updated asset objects reloaded before import = 0
Number of asset objects unloaded after import = 2
========================================================================
Received Import Request.
  Time since last request: 0.000722 seconds.
  path: Assets/Models/Trash Bin/Model/Textures/trash_bin.tga
  artifactKey: Guid(9e6e494b6de392d4dbe6b3be88fd42c1) Importer(815301076,1909f56bfc062723c751e8b465ee728b)
Start importing Assets/Models/Trash Bin/Model/Textures/trash_bin.tga using Guid(9e6e494b6de392d4dbe6b3be88fd42c1) Importer(815301076,1909f56bfc062723c751e8b465ee728b) [PhysX] Initialized MultithreadedTaskDispatcher with 4 workers.
[PhysX] Initialized MultithreadedTaskDispatcher with 4 workers.
 -> (artifact id: 'c284d2d0f2714835846b0c1653675d4a') in 0.050602 seconds
Number of updated asset objects reloaded before import = 0
Number of asset objects unloaded after import = 2
========================================================================
Received Import Request.
  Time since last request: 0.000241 seconds.
  path: Assets/Models/Trash Bin/Model/Textures/trash_bin_metallic.tga
  artifactKey: Guid(082e826141261c3459ab1ce0141468c3) Importer(815301076,1909f56bfc062723c751e8b465ee728b)
Start importing Assets/Models/Trash Bin/Model/Textures/trash_bin_metallic.tga using Guid(082e826141261c3459ab1ce0141468c3) Importer(815301076,1909f56bfc062723c751e8b465ee728b) [PhysX] Initialized MultithreadedTaskDispatcher with 4 workers.
[PhysX] Initialized MultithreadedTaskDispatcher with 4 workers.
 -> (artifact id: '8cf625c11f1020894ffe06144f4bc801') in 0.065756 seconds
Number of updated asset objects reloaded before import = 0
Number of asset objects unloaded after import = 2
========================================================================
Received Import Request.
  Time since last request: 0.001070 seconds.
  path: Assets/Mess Maker Free/Materials/Textures/Vodka Label.png
  artifactKey: Guid(f24ad308809970b46929c041e8cd71e7) Importer(815301076,1909f56bfc062723c751e8b465ee728b)
Start importing Assets/Mess Maker Free/Materials/Textures/Vodka Label.png using Guid(f24ad308809970b46929c041e8cd71e7) Importer(815301076,1909f56bfc062723c751e8b465ee728b) [PhysX] Initialized MultithreadedTaskDispatcher with 4 workers.
[PhysX] Initialized MultithreadedTaskDispatcher with 4 workers.
 -> (artifact id: '44722ce695fc4ebbef5236dbd73c9a50') in 0.068787 seconds
Number of updated asset objects reloaded before import = 0
Number of asset objects unloaded after import = 2
========================================================================
Received Import Request.
  Time since last request: 0.090209 seconds.
  path: Assets/Mess Maker Free/Templates/Textures/Wine Label Blank.png
  artifactKey: Guid(00ef305d347de4841b1eb3037b259ebb) Importer(815301076,1909f56bfc062723c751e8b465ee728b)
Start importing Assets/Mess Maker Free/Templates/Textures/Wine Label Blank.png using Guid(00ef305d347de4841b1eb3037b259ebb) Importer(815301076,1909f56bfc062723c751e8b465ee728b) [PhysX] Initialized MultithreadedTaskDispatcher with 4 workers.
[PhysX] Initialized MultithreadedTaskDispatcher with 4 workers.
 -> (artifact id: '88c6647965dd72a4964c2be5af6cc997') in 0.025410 seconds
Number of updated asset objects reloaded before import = 0
Number of asset objects unloaded after import = 2
========================================================================
Received Import Request.
  Time since last request: 0.108022 seconds.
  path: Assets/Mess Maker Free/Materials/Textures/Wine Label Green.png
  artifactKey: Guid(0542d29390031b54a88d59ff8fb6ce41) Importer(815301076,1909f56bfc062723c751e8b465ee728b)
Start importing Assets/Mess Maker Free/Materials/Textures/Wine Label Green.png using Guid(0542d29390031b54a88d59ff8fb6ce41) Importer(815301076,1909f56bfc062723c751e8b465ee728b) [PhysX] Initialized MultithreadedTaskDispatcher with 4 workers.
[PhysX] Initialized MultithreadedTaskDispatcher with 4 workers.
 -> (artifact id: '0f593a3c044e5253be84d9688835f3bf') in 0.076118 seconds
Number of updated asset objects reloaded before import = 0
Number of asset objects unloaded after import = 2
========================================================================
Received Import Request.
  Time since last request: 0.354087 seconds.
  path: Assets/Mess Maker Free/Materials/Textures/Wood Albido.png
  artifactKey: Guid(706f46f18c0d38e4bb81da4e611e32f4) Importer(815301076,1909f56bfc062723c751e8b465ee728b)
Start importing Assets/Mess Maker Free/Materials/Textures/Wood Albido.png using Guid(706f46f18c0d38e4bb81da4e611e32f4) Importer(815301076,1909f56bfc062723c751e8b465ee728b) [PhysX] Initialized MultithreadedTaskDispatcher with 4 workers.
[PhysX] Initialized MultithreadedTaskDispatcher with 4 workers.
 -> (artifact id: 'c2498dd3b14642a4daedd5a83f72ed45') in 0.070158 seconds
Number of updated asset objects reloaded before import = 0
Number of asset objects unloaded after import = 2
========================================================================
Received Import Request.
  Time since last request: 2.594709 seconds.
  path: Assets/Herta/头发.png
  artifactKey: Guid(b3ca3927392ae134c8c649f7a257956d) Importer(815301076,1909f56bfc062723c751e8b465ee728b)
Start importing Assets/Herta/头发.png using Guid(b3ca3927392ae134c8c649f7a257956d) Importer(815301076,1909f56bfc062723c751e8b465ee728b) [PhysX] Initialized MultithreadedTaskDispatcher with 4 workers.
[PhysX] Initialized MultithreadedTaskDispatcher with 4 workers.
 -> (artifact id: '6f3beb225b6f4a79300c96e46c0e0209') in 0.030522 seconds
Number of updated asset objects reloaded before import = 0
Number of asset objects unloaded after import = 2
========================================================================
Received Import Request.
  Time since last request: 0.253559 seconds.
  path: Assets/Herta/脸.png
  artifactKey: Guid(98600ef6265735047a215c09cfb4e600) Importer(815301076,1909f56bfc062723c751e8b465ee728b)
Start importing Assets/Herta/脸.png using Guid(98600ef6265735047a215c09cfb4e600) Importer(815301076,1909f56bfc062723c751e8b465ee728b) [PhysX] Initialized MultithreadedTaskDispatcher with 4 workers.
[PhysX] Initialized MultithreadedTaskDispatcher with 4 workers.
 -> (artifact id: '870fec7c7cb8a00fee33b05b0f0d709b') in 0.068468 seconds
Number of updated asset objects reloaded before import = 0
Number of asset objects unloaded after import = 2
========================================================================
Received Import Request.
  Time since last request: 0.138948 seconds.
  path: Assets/Herta/衣服内侧.png
  artifactKey: Guid(88d659ac569acbf48ba3f1458d1ea615) Importer(815301076,1909f56bfc062723c751e8b465ee728b)
Start importing Assets/Herta/衣服内侧.png using Guid(88d659ac569acbf48ba3f1458d1ea615) Importer(815301076,1909f56bfc062723c751e8b465ee728b) [PhysX] Initialized MultithreadedTaskDispatcher with 4 workers.
[PhysX] Initialized MultithreadedTaskDispatcher with 4 workers.
 -> (artifact id: '94f9649a5cd7757c020a4bde65e38ba4') in 0.068767 seconds
Number of updated asset objects reloaded before import = 0
Number of asset objects unloaded after import = 2
========================================================================
Received Prepare
Caller must complete domain reload
Begin MonoManager ReloadAssembly
- Loaded All Assemblies, in  3.714 seconds
Native extension for WindowsStandalone target not found
Native extension for Android target not found
Mono: successfully reloaded assembly
- Finished resetting the current domain, in 10.396 seconds
Domain Reload Profiling: 14087ms
	BeginReloadAssembly (1505ms)
		ExecutionOrderSort (0ms)
		DisableScriptedObjects (14ms)
		BackupInstance (0ms)
		ReleaseScriptingObjects (0ms)
		CreateAndSetChildDomain (467ms)
	RebuildCommonClasses (154ms)
	RebuildNativeTypeToScriptingClass (70ms)
	initialDomainReloadingComplete (224ms)
	LoadAllAssembliesAndSetupDomain (1736ms)
		LoadAssemblies (2370ms)
		RebuildTransferFunctionScriptingTraits (0ms)
		AnalyzeDomain (57ms)
			TypeCache.Refresh (19ms)
				TypeCache.ScanAssembly (0ms)
			ScanForSourceGeneratedMonoScriptInfo (1ms)
			ResolveRequiredComponents (32ms)
	FinalizeReload (10398ms)
		ReleaseScriptCaches (0ms)
		RebuildScriptCaches (0ms)
		SetupLoadedEditorAssemblies (5027ms)
			LogAssemblyErrors (0ms)
			InitializePlatformSupportModulesInManaged (85ms)
			SetLoadedEditorAssemblies (20ms)
			RefreshPlugins (0ms)
			BeforeProcessingInitializeOnLoad (425ms)
			ProcessInitializeOnLoadAttributes (3983ms)
			ProcessInitializeOnLoadMethodAttributes (411ms)
			AfterProcessingInitializeOnLoad (103ms)
			EditorAssembliesLoaded (1ms)
		ExecutionOrderSort2 (0ms)
		AwakeInstancesAfterBackupRestoration (55ms)
Refreshing native plugins compatible for Editor in 16.21 ms, found 3 plugins.
Preloading 0 native plugins for Editor in 0.00 ms.
Unloading 3103 Unused Serialized files (Serialized files now loaded: 0)
Unloading 14 unused Assets / (28.5 KB). Loaded Objects now: 3648.
Memory consumption went from 123.7 MB to 123.6 MB.
Total: 36.117300 ms (FindLiveObjects: 0.637800 ms CreateObjectMapping: 0.855600 ms MarkObjects: 34.501900 ms  DeleteObjects: 0.119000 ms)

Prepare: number of updated asset objects reloaded= 0
AssetImportParameters requested are different than current active one (requested -> active):
  custom:container-demuxer-ogg: 62fdf1f143b41e24485cea50d1cbac27 -> 
  custom:video-decoder-ogg-theora: a1e56fd34408186e4bbccfd4996cb3dc -> 
  custom:framework-win-MediaFoundation: 216162199b28c13a410421893ffa2e32 -> 
  custom:scripting/monoscript/fileName/NPCInteractable.cs: 5eab74a401521f20b77c6f13559f026b -> 
  custom:scripting/monoscript/fileName/PlayerInteract.cs: d055edb0e287b2a945ede08b7b198efb -> 
  custom:CustomObjectIndexerAttribute: 9a22284fe3817be447336de3de66b15e -> 
  custom:container-demuxer-webm: 4f35f7cbe854078d1ac9338744f61a02 -> 
  custom:container-muxer-webm: aa71ff27fc2769a1b78a27578f13a17b -> 
  custom:video-decoder-webm-vp8: 9c59270c3fd7afecdb556c50c9e8de78 -> 
  custom:scripting/monoscript/fileName/NPC.cs: 90abe046273d7d199d0f971801ca7233 -> 
  custom:SearchIndexIgnoredProperties: e643bd26f0fe6173181afceb89e7c659 -> 
  custom:AudioImporter_EditorPlatform: d09bf68614088b80899f8185d706f6e7 -> 
  custom:scripting/monoscript/fileName/dialogue1.cs: 68aa61eee3f9486865bb582d0be8d718 -> 0bd9cbce87c2b48afba3a1544db0d376
  custom:video-encoder-webm-vp8: eb34c28f22e8b96e1ab97ce403110664 -> 
  custom:audio-decoder-ogg-vorbis: bf7c407c2cedff20999df2af8eb42d56 -> 
  custom:audio-encoder-webm-vorbis: bf7c407c2cedff20999df2af8eb42d56 -> 
Editor requested this worker to shutdown with reason: Scaling down because of idle timeout
TcpMessagingSession - receive error
AssetImportWorkerClient::OnTransportError - code=2 error=End of file
AssetImportWorker is now disconnected from the server
Process exiting
Exiting without the bug reporter. Application will terminate with return code 0