Using pre-set license
Built from '2022.3/staging' branch; Version is '2022.3.50f1 (c3db7f8bf9b1) revision 12835711'; Using compiler version '192829333'; Build Type 'Release'
OS: 'Windows 11  (10.0.22631) 64bit Core' Language: 'en' Physical Memory: 31967 MB
BatchMode: 1, IsHumanControllingUs: 0, StartBugReporterOnCrash: 0, Is64bit: 1, IsPro: 1

COMMAND LINE ARGUMENTS:
C:\Program Files\Unity\Hub\Editor\2022.3.50f1\Editor\Unity.exe
-adb2
-batchMode
-noUpm
-name
AssetImportWorker6
-projectPath
C:/Users/User/OneDrive - Universiti Kuala Lumpur/Documents/GitHub/Class-3-A
-logFile
Logs/AssetImportWorker6.log
-srvPort
53164
Successfully changed project path to: C:/Users/User/OneDrive - Universiti Kuala Lumpur/Documents/GitHub/Class-3-A
C:/Users/User/OneDrive - Universiti Kuala Lumpur/Documents/GitHub/Class-3-A
[UnityMemory] Configuration Parameters - Can be set up in boot.config
    "memorysetup-bucket-allocator-granularity=16"
    "memorysetup-bucket-allocator-bucket-count=8"
    "memorysetup-bucket-allocator-block-size=33554432"
    "memorysetup-bucket-allocator-block-count=8"
    "memorysetup-main-allocator-block-size=16777216"
    "memorysetup-thread-allocator-block-size=16777216"
    "memorysetup-gfx-main-allocator-block-size=16777216"
    "memorysetup-gfx-thread-allocator-block-size=16777216"
    "memorysetup-cache-allocator-block-size=4194304"
    "memorysetup-typetree-allocator-block-size=2097152"
    "memorysetup-profiler-bucket-allocator-granularity=16"
    "memorysetup-profiler-bucket-allocator-bucket-count=8"
    "memorysetup-profiler-bucket-allocator-block-size=33554432"
    "memorysetup-profiler-bucket-allocator-block-count=8"
    "memorysetup-profiler-allocator-block-size=16777216"
    "memorysetup-profiler-editor-allocator-block-size=1048576"
    "memorysetup-temp-allocator-size-main=16777216"
    "memorysetup-job-temp-allocator-block-size=2097152"
    "memorysetup-job-temp-allocator-block-size-background=1048576"
    "memorysetup-job-temp-allocator-reduction-small-platforms=262144"
    "memorysetup-allocator-temp-initial-block-size-main=262144"
    "memorysetup-allocator-temp-initial-block-size-worker=262144"
    "memorysetup-temp-allocator-size-background-worker=32768"
    "memorysetup-temp-allocator-size-job-worker=262144"
    "memorysetup-temp-allocator-size-preload-manager=33554432"
    "memorysetup-temp-allocator-size-nav-mesh-worker=65536"
    "memorysetup-temp-allocator-size-audio-worker=65536"
    "memorysetup-temp-allocator-size-cloud-worker=32768"
    "memorysetup-temp-allocator-size-gi-baking-worker=262144"
    "memorysetup-temp-allocator-size-gfx=262144"
Player connection [4864]  Target information:

Player connection [4864]  * "[IP] 192.168.0.110 [Port] 0 [Flags] 2 [Guid] 2708326713 [EditorId] 2708326713 [Version] 1048832 [Id] WindowsEditor(7,DESKTOP-LIPBEPM) [Debug] 1 [PackageName] WindowsEditor [ProjectName] Editor" 

Player connection [4864] Host joined multi-casting on [225.0.0.222:54997]...
Player connection [4864] Host joined alternative multi-casting on [225.0.0.222:34997]...
[PhysX] Initialized MultithreadedTaskDispatcher with 16 workers.
Refreshing native plugins compatible for Editor in 5.11 ms, found 3 plugins.
Preloading 0 native plugins for Editor in 0.00 ms.
Initialize engine version: 2022.3.50f1 (c3db7f8bf9b1)
[Subsystems] Discovering subsystems at path C:/Program Files/Unity/Hub/Editor/2022.3.50f1/Editor/Data/Resources/UnitySubsystems
[Subsystems] Discovering subsystems at path C:/Users/User/OneDrive - Universiti Kuala Lumpur/Documents/GitHub/Class-3-A/Assets
GfxDevice: creating device client; threaded=0; jobified=0
Direct3D:
    Version:  Direct3D 11.0 [level 11.1]
    Renderer: AMD Radeon RX 7800 XT (ID=0x747e)
    Vendor:   ATI
    VRAM:     16158 MB
    Driver:   32.0.12033.1030
Initialize mono
Mono path[0] = 'C:/Program Files/Unity/Hub/Editor/2022.3.50f1/Editor/Data/Managed'
Mono path[1] = 'C:/Program Files/Unity/Hub/Editor/2022.3.50f1/Editor/Data/MonoBleedingEdge/lib/mono/unityjit-win32'
Mono config path = 'C:/Program Files/Unity/Hub/Editor/2022.3.50f1/Editor/Data/MonoBleedingEdge/etc'
Using monoOptions --debugger-agent=transport=dt_socket,embedding=1,server=y,suspend=n,address=127.0.0.1:56968
Begin MonoManager ReloadAssembly
Registering precompiled unity dll's ...
Register platform support module: C:/Program Files/Unity/Hub/Editor/2022.3.50f1/Editor/Data/PlaybackEngines/WindowsStandaloneSupport/UnityEditor.WindowsStandalone.Extensions.dll
Registered in 0.003965 seconds.
- Loaded All Assemblies, in  0.195 seconds
Native extension for WindowsStandalone target not found
Mono: successfully reloaded assembly
- Finished resetting the current domain, in  0.146 seconds
Domain Reload Profiling: 340ms
	BeginReloadAssembly (63ms)
		ExecutionOrderSort (0ms)
		DisableScriptedObjects (0ms)
		BackupInstance (0ms)
		ReleaseScriptingObjects (0ms)
		CreateAndSetChildDomain (0ms)
	RebuildCommonClasses (19ms)
	RebuildNativeTypeToScriptingClass (6ms)
	initialDomainReloadingComplete (32ms)
	LoadAllAssembliesAndSetupDomain (73ms)
		LoadAssemblies (62ms)
		RebuildTransferFunctionScriptingTraits (0ms)
		AnalyzeDomain (72ms)
			TypeCache.Refresh (71ms)
				TypeCache.ScanAssembly (64ms)
			ScanForSourceGeneratedMonoScriptInfo (0ms)
			ResolveRequiredComponents (0ms)
	FinalizeReload (146ms)
		ReleaseScriptCaches (0ms)
		RebuildScriptCaches (0ms)
		SetupLoadedEditorAssemblies (121ms)
			LogAssemblyErrors (0ms)
			InitializePlatformSupportModulesInManaged (5ms)
			SetLoadedEditorAssemblies (4ms)
			RefreshPlugins (0ms)
			BeforeProcessingInitializeOnLoad (1ms)
			ProcessInitializeOnLoadAttributes (84ms)
			ProcessInitializeOnLoadMethodAttributes (26ms)
			AfterProcessingInitializeOnLoad (0ms)
			EditorAssembliesLoaded (0ms)
		ExecutionOrderSort2 (0ms)
		AwakeInstancesAfterBackupRestoration (0ms)
========================================================================
Worker process is ready to serve import requests
Caller must complete domain reload
Begin MonoManager ReloadAssembly
- Loaded All Assemblies, in  0.370 seconds
Native extension for WindowsStandalone target not found
Mono: successfully reloaded assembly
- Finished resetting the current domain, in  0.352 seconds
Domain Reload Profiling: 721ms
	BeginReloadAssembly (87ms)
		ExecutionOrderSort (0ms)
		DisableScriptedObjects (3ms)
		BackupInstance (0ms)
		ReleaseScriptingObjects (0ms)
		CreateAndSetChildDomain (16ms)
	RebuildCommonClasses (19ms)
	RebuildNativeTypeToScriptingClass (6ms)
	initialDomainReloadingComplete (23ms)
	LoadAllAssembliesAndSetupDomain (233ms)
		LoadAssemblies (172ms)
		RebuildTransferFunctionScriptingTraits (0ms)
		AnalyzeDomain (112ms)
			TypeCache.Refresh (97ms)
				TypeCache.ScanAssembly (89ms)
			ScanForSourceGeneratedMonoScriptInfo (10ms)
			ResolveRequiredComponents (3ms)
	FinalizeReload (353ms)
		ReleaseScriptCaches (0ms)
		RebuildScriptCaches (0ms)
		SetupLoadedEditorAssemblies (279ms)
			LogAssemblyErrors (0ms)
			InitializePlatformSupportModulesInManaged (3ms)
			SetLoadedEditorAssemblies (2ms)
			RefreshPlugins (0ms)
			BeforeProcessingInitializeOnLoad (39ms)
			ProcessInitializeOnLoadAttributes (195ms)
			ProcessInitializeOnLoadMethodAttributes (36ms)
			AfterProcessingInitializeOnLoad (4ms)
			EditorAssembliesLoaded (0ms)
		ExecutionOrderSort2 (0ms)
		AwakeInstancesAfterBackupRestoration (3ms)
Launched and connected shader compiler UnityShaderCompiler.exe after 0.03 seconds
Refreshing native plugins compatible for Editor in 2.05 ms, found 3 plugins.
Preloading 0 native plugins for Editor in 0.00 ms.
Unloading 4220 Unused Serialized files (Serialized files now loaded: 0)
Unloading 21 unused Assets / (343.2 KB). Loaded Objects now: 4686.
Memory consumption went from 150.5 MB to 150.1 MB.
Total: 2.264400 ms (FindLiveObjects: 0.228400 ms CreateObjectMapping: 0.084700 ms MarkObjects: 1.848400 ms  DeleteObjects: 0.102300 ms)

AssetImportParameters requested are different than current active one (requested -> active):
  custom:container-demuxer-ogg: 62fdf1f143b41e24485cea50d1cbac27 -> 
  custom:scripting/monoscript/fileName/NoTrash.cs: 0345056ab87563185b62f19aa4a19ae1 -> 7a4581080cacdf363f3f7b41a1a297b0
  custom:video-codec-MediaFoundation-h265: 746d11721c4dcdbdad8f713fa42b33f4 -> 
  custom:video-decoder-ogg-theora: a1e56fd34408186e4bbccfd4996cb3dc -> 
  custom:framework-win-MediaFoundation: 216162199b28c13a410421893ffa2e32 -> 
  custom:scripting/monoscript/fileName/NPCInteractable.cs: 5eab74a401521f20b77c6f13559f026b -> 63366b24516f0659a22818f5f2436fa2
  custom:scripting/monoscript/fileName/NewBehaviourScript.cs: b21687ddb03d73bd9f0c1daecb9714de -> 
  custom:scripting/monoscript/fileName/PlayerInteract.cs: d055edb0e287b2a945ede08b7b198efb -> 73ffd8c360dbab24565d6c0e90133a24
  custom:CustomObjectIndexerAttribute: 9a22284fe3817be447336de3de66b15e -> 
  custom:container-demuxer-webm: 4f35f7cbe854078d1ac9338744f61a02 -> 
  custom:container-muxer-webm: aa71ff27fc2769a1b78a27578f13a17b -> 
  custom:video-decoder-webm-vp8: 9c59270c3fd7afecdb556c50c9e8de78 -> 
  custom:SearchIndexIgnoredProperties: e643bd26f0fe6173181afceb89e7c659 -> 
  custom:AudioImporter_EditorPlatform: d09bf68614088b80899f8185d706f6e7 -> 
  custom:scripting/monoscript/fileName/dialogue1.cs: 68aa61eee3f9486865bb582d0be8d718 -> 0bd9cbce87c2b48afba3a1544db0d376
  custom:video-encoder-webm-vp8: eb34c28f22e8b96e1ab97ce403110664 -> 
  custom:scripting/monoscript/fileName/PickUpScript.cs: 668fe0d2e07cc30171c8a2eba7255a77 -> 2d7e3b43aca3463347624789ae38f438
  custom:audio-decoder-ogg-vorbis: bf7c407c2cedff20999df2af8eb42d56 -> 
  custom:audio-encoder-webm-vorbis: bf7c407c2cedff20999df2af8eb42d56 -> 
  custom:scripting/monoscript/fileName/CoconutThrow.cs: 09bd45274f872dda8fef563948973cd3 -> e5e2d33e36a2a75e78433c668aaf27fa
========================================================================
Received Import Request.
  Time since last request: 52334.730808 seconds.
  path: Assets/RoyalCod/SimpleCharacters/Prefabs/Attachments/Beard_2.prefab
  artifactKey: Guid(e566186cc9a91e541ba7e2988409a7cf) Importer(815301076,1909f56bfc062723c751e8b465ee728b)
Start importing Assets/RoyalCod/SimpleCharacters/Prefabs/Attachments/Beard_2.prefab using Guid(e566186cc9a91e541ba7e2988409a7cf) Importer(815301076,1909f56bfc062723c751e8b465ee728b) [PhysX] Initialized MultithreadedTaskDispatcher with 16 workers.
[PhysX] Initialized MultithreadedTaskDispatcher with 16 workers.
 -> (artifact id: '11c5698e5bbfe8b8e51910eb50b05c7f') in 0.060730 seconds
Number of updated asset objects reloaded before import = 0
Number of asset objects unloaded after import = 9
========================================================================
Received Import Request.
  Time since last request: 0.000011 seconds.
  path: Assets/RoyalCod/SimpleCharacters/Prefabs/Attachments/Firefighter_Helmet.prefab
  artifactKey: Guid(3e28be00deffbb647a490e2a99ccf680) Importer(815301076,1909f56bfc062723c751e8b465ee728b)
Start importing Assets/RoyalCod/SimpleCharacters/Prefabs/Attachments/Firefighter_Helmet.prefab using Guid(3e28be00deffbb647a490e2a99ccf680) Importer(815301076,1909f56bfc062723c751e8b465ee728b) [PhysX] Initialized MultithreadedTaskDispatcher with 16 workers.
[PhysX] Initialized MultithreadedTaskDispatcher with 16 workers.
 -> (artifact id: 'dd97411523e03e87a8e47d683a2b1175') in 0.006977 seconds
Number of updated asset objects reloaded before import = 0
Number of asset objects unloaded after import = 9
========================================================================
Received Import Request.
  Time since last request: 0.000013 seconds.
  path: Assets/RoyalCod/SimpleCharacters/Prefabs/Attachments/Hair_4.prefab
  artifactKey: Guid(c77fcf50a40fae242bed001997da0bc7) Importer(815301076,1909f56bfc062723c751e8b465ee728b)
Start importing Assets/RoyalCod/SimpleCharacters/Prefabs/Attachments/Hair_4.prefab using Guid(c77fcf50a40fae242bed001997da0bc7) Importer(815301076,1909f56bfc062723c751e8b465ee728b) [PhysX] Initialized MultithreadedTaskDispatcher with 16 workers.
[PhysX] Initialized MultithreadedTaskDispatcher with 16 workers.
 -> (artifact id: '61163d974cf0a23072e47e86ad9cad81') in 0.007821 seconds
Number of updated asset objects reloaded before import = 0
Number of asset objects unloaded after import = 9
========================================================================
Received Import Request.
  Time since last request: 0.000013 seconds.
  path: Assets/RoyalCod/SimpleCharacters/Prefabs/Attachments/Hammer.prefab
  artifactKey: Guid(3c073145d1d2af54abe8f515966de29e) Importer(815301076,1909f56bfc062723c751e8b465ee728b)
Start importing Assets/RoyalCod/SimpleCharacters/Prefabs/Attachments/Hammer.prefab using Guid(3c073145d1d2af54abe8f515966de29e) Importer(815301076,1909f56bfc062723c751e8b465ee728b) [PhysX] Initialized MultithreadedTaskDispatcher with 16 workers.
[PhysX] Initialized MultithreadedTaskDispatcher with 16 workers.
 -> (artifact id: 'b4f404314df2a8c2282ba8d30681886a') in 0.007621 seconds
Number of updated asset objects reloaded before import = 0
Number of asset objects unloaded after import = 9
========================================================================
Received Import Request.
  Time since last request: 0.000011 seconds.
  path: Assets/RoyalCod/SimpleCharacters/Prefabs/Attachments/MachineGun.prefab
  artifactKey: Guid(45a8d06cae2c1524ab1f9a6aa2723d1b) Importer(815301076,1909f56bfc062723c751e8b465ee728b)
Start importing Assets/RoyalCod/SimpleCharacters/Prefabs/Attachments/MachineGun.prefab using Guid(45a8d06cae2c1524ab1f9a6aa2723d1b) Importer(815301076,1909f56bfc062723c751e8b465ee728b) [PhysX] Initialized MultithreadedTaskDispatcher with 16 workers.
 -> (artifact id: 'e88ddd6107829f5fe32f50345d43ae7c') in 0.001262 seconds
Number of updated asset objects reloaded before import = 0
Number of asset objects unloaded after import = 6
========================================================================
Received Import Request.
  Time since last request: 0.000012 seconds.
  path: Assets/RoyalCod/SimpleCharacters/Prefabs/Attachments/Nose_Big.prefab
  artifactKey: Guid(f01bd52300b234042aecd5d2f5310316) Importer(815301076,1909f56bfc062723c751e8b465ee728b)
Start importing Assets/RoyalCod/SimpleCharacters/Prefabs/Attachments/Nose_Big.prefab using Guid(f01bd52300b234042aecd5d2f5310316) Importer(815301076,1909f56bfc062723c751e8b465ee728b) [PhysX] Initialized MultithreadedTaskDispatcher with 16 workers.
[PhysX] Initialized MultithreadedTaskDispatcher with 16 workers.
 -> (artifact id: 'd095bdb97064f461b403f182fc27c02a') in 0.006681 seconds
Number of updated asset objects reloaded before import = 0
Number of asset objects unloaded after import = 9
========================================================================
Received Import Request.
  Time since last request: 0.000011 seconds.
  path: Assets/RoyalCod/SimpleCharacters/Prefabs/Attachments/Nose_Small.prefab
  artifactKey: Guid(ea47849b6681fe94db77ee5f3d74db71) Importer(815301076,1909f56bfc062723c751e8b465ee728b)
Start importing Assets/RoyalCod/SimpleCharacters/Prefabs/Attachments/Nose_Small.prefab using Guid(ea47849b6681fe94db77ee5f3d74db71) Importer(815301076,1909f56bfc062723c751e8b465ee728b) [PhysX] Initialized MultithreadedTaskDispatcher with 16 workers.
[PhysX] Initialized MultithreadedTaskDispatcher with 16 workers.
 -> (artifact id: 'fad8dca5a5293b22fea642260763a666') in 0.007564 seconds
Number of updated asset objects reloaded before import = 0
Number of asset objects unloaded after import = 9
========================================================================
Received Import Request.
  Time since last request: 0.000013 seconds.
  path: Assets/RoyalCod/SimpleCharacters/Prefabs/Attachments/Nun_Cape.prefab
  artifactKey: Guid(b5951d5160ed66e45b83da91ca2116d0) Importer(815301076,1909f56bfc062723c751e8b465ee728b)
Start importing Assets/RoyalCod/SimpleCharacters/Prefabs/Attachments/Nun_Cape.prefab using Guid(b5951d5160ed66e45b83da91ca2116d0) Importer(815301076,1909f56bfc062723c751e8b465ee728b) [PhysX] Initialized MultithreadedTaskDispatcher with 16 workers.
[PhysX] Initialized MultithreadedTaskDispatcher with 16 workers.
 -> (artifact id: '97d9909d4c854f5166fef3a8f750fa32') in 0.007887 seconds
Number of updated asset objects reloaded before import = 0
Number of asset objects unloaded after import = 9
========================================================================
Received Import Request.
  Time since last request: 0.000015 seconds.
  path: Assets/RoyalCod/SimpleCharacters/Prefabs/Attachments/Officer_Hat.prefab
  artifactKey: Guid(ee0619b6341d4a24f9ceae0a9f3c10c0) Importer(815301076,1909f56bfc062723c751e8b465ee728b)
Start importing Assets/RoyalCod/SimpleCharacters/Prefabs/Attachments/Officer_Hat.prefab using Guid(ee0619b6341d4a24f9ceae0a9f3c10c0) Importer(815301076,1909f56bfc062723c751e8b465ee728b) [PhysX] Initialized MultithreadedTaskDispatcher with 16 workers.
[PhysX] Initialized MultithreadedTaskDispatcher with 16 workers.
 -> (artifact id: '83f4d9cc0c45e5db7f24e6dc6757c798') in 0.007883 seconds
Number of updated asset objects reloaded before import = 0
Number of asset objects unloaded after import = 9
========================================================================
Received Import Request.
  Time since last request: 0.000013 seconds.
  path: Assets/RoyalCod/SimpleCharacters/Prefabs/Attachments/Sombrero.prefab
  artifactKey: Guid(c4c3e548481c7bc45b1f57d1075f60f9) Importer(815301076,1909f56bfc062723c751e8b465ee728b)
Start importing Assets/RoyalCod/SimpleCharacters/Prefabs/Attachments/Sombrero.prefab using Guid(c4c3e548481c7bc45b1f57d1075f60f9) Importer(815301076,1909f56bfc062723c751e8b465ee728b) [PhysX] Initialized MultithreadedTaskDispatcher with 16 workers.
[PhysX] Initialized MultithreadedTaskDispatcher with 16 workers.
 -> (artifact id: 'ffd83889364ea6902999f940bab683fc') in 0.009008 seconds
Number of updated asset objects reloaded before import = 0
Number of asset objects unloaded after import = 9
========================================================================
Received Import Request.
  Time since last request: 0.000017 seconds.
  path: Assets/RoyalCod/SimpleCharacters/Prefabs/Attachments/Firefighter_Baloon.prefab
  artifactKey: Guid(da0476a2dfdd1bb4fa9443164950ad3a) Importer(815301076,1909f56bfc062723c751e8b465ee728b)
Start importing Assets/RoyalCod/SimpleCharacters/Prefabs/Attachments/Firefighter_Baloon.prefab using Guid(da0476a2dfdd1bb4fa9443164950ad3a) Importer(815301076,1909f56bfc062723c751e8b465ee728b) [PhysX] Initialized MultithreadedTaskDispatcher with 16 workers.
[PhysX] Initialized MultithreadedTaskDispatcher with 16 workers.
 -> (artifact id: '0330597b446b5b6cb8fce30a4042ae32') in 0.009526 seconds
Number of updated asset objects reloaded before import = 0
Number of asset objects unloaded after import = 9
========================================================================
Received Import Request.
  Time since last request: 0.000015 seconds.
  path: Assets/RoyalCod/SimpleCharacters/Prefabs/Attachments/Beard_3.prefab
  artifactKey: Guid(f145bb161dc56924fab2c9c561f3f3a6) Importer(815301076,1909f56bfc062723c751e8b465ee728b)
Start importing Assets/RoyalCod/SimpleCharacters/Prefabs/Attachments/Beard_3.prefab using Guid(f145bb161dc56924fab2c9c561f3f3a6) Importer(815301076,1909f56bfc062723c751e8b465ee728b) [PhysX] Initialized MultithreadedTaskDispatcher with 16 workers.
[PhysX] Initialized MultithreadedTaskDispatcher with 16 workers.
 -> (artifact id: '18882bb54abebcdd0a8b50c7b62721f8') in 0.008800 seconds
Number of updated asset objects reloaded before import = 0
Number of asset objects unloaded after import = 9
========================================================================
Received Import Request.
  Time since last request: 0.000010 seconds.
  path: Assets/RoyalCod/SimpleCharacters/Prefabs/Attachments/Firefighter_Mask.prefab
  artifactKey: Guid(045480d3bba5b5347abab02a78b7dc62) Importer(815301076,1909f56bfc062723c751e8b465ee728b)
Start importing Assets/RoyalCod/SimpleCharacters/Prefabs/Attachments/Firefighter_Mask.prefab using Guid(045480d3bba5b5347abab02a78b7dc62) Importer(815301076,1909f56bfc062723c751e8b465ee728b) [PhysX] Initialized MultithreadedTaskDispatcher with 16 workers.
[PhysX] Initialized MultithreadedTaskDispatcher with 16 workers.
 -> (artifact id: '1d13b9869e370ad6c3eef27a2dde3f12') in 0.007709 seconds
Number of updated asset objects reloaded before import = 0
Number of asset objects unloaded after import = 9
Editor requested this worker to shutdown with reason: Scaling down because of idle timeout
TcpMessagingSession - receive error: operation aborted. errorcode: 995, details: The I/O operation has been aborted because of either a thread exit or an application request.
AssetImportWorker is now disconnected from the server
Process exiting
Exiting without the bug reporter. Application will terminate with return code 0