Using pre-set license
Built from '2022.3/staging' branch; Version is '2022.3.50f1 (c3db7f8bf9b1) revision 12835711'; Using compiler version '192829333'; Build Type 'Release'
OS: 'Windows 11  (10.0.22631) 64bit Core' Language: 'en' Physical Memory: 31967 MB
BatchMode: 1, IsHumanControllingUs: 0, StartBugReporterOnCrash: 0, Is64bit: 1, IsPro: 1

COMMAND LINE ARGUMENTS:
C:\Program Files\Unity\Hub\Editor\2022.3.50f1\Editor\Unity.exe
-adb2
-batchMode
-noUpm
-name
AssetImportWorker4
-projectPath
C:/Users/User/OneDrive - Universiti Kuala Lumpur/Documents/GitHub/Class-3-A
-logFile
Logs/AssetImportWorker4.log
-srvPort
53164
Successfully changed project path to: C:/Users/User/OneDrive - Universiti Kuala Lumpur/Documents/GitHub/Class-3-A
C:/Users/User/OneDrive - Universiti Kuala Lumpur/Documents/GitHub/Class-3-A
[UnityMemory] Configuration Parameters - Can be set up in boot.config
    "memorysetup-bucket-allocator-granularity=16"
    "memorysetup-bucket-allocator-bucket-count=8"
    "memorysetup-bucket-allocator-block-size=33554432"
    "memorysetup-bucket-allocator-block-count=8"
    "memorysetup-main-allocator-block-size=16777216"
    "memorysetup-thread-allocator-block-size=16777216"
    "memorysetup-gfx-main-allocator-block-size=16777216"
    "memorysetup-gfx-thread-allocator-block-size=16777216"
    "memorysetup-cache-allocator-block-size=4194304"
    "memorysetup-typetree-allocator-block-size=2097152"
    "memorysetup-profiler-bucket-allocator-granularity=16"
    "memorysetup-profiler-bucket-allocator-bucket-count=8"
    "memorysetup-profiler-bucket-allocator-block-size=33554432"
    "memorysetup-profiler-bucket-allocator-block-count=8"
    "memorysetup-profiler-allocator-block-size=16777216"
    "memorysetup-profiler-editor-allocator-block-size=1048576"
    "memorysetup-temp-allocator-size-main=16777216"
    "memorysetup-job-temp-allocator-block-size=2097152"
    "memorysetup-job-temp-allocator-block-size-background=1048576"
    "memorysetup-job-temp-allocator-reduction-small-platforms=262144"
    "memorysetup-allocator-temp-initial-block-size-main=262144"
    "memorysetup-allocator-temp-initial-block-size-worker=262144"
    "memorysetup-temp-allocator-size-background-worker=32768"
    "memorysetup-temp-allocator-size-job-worker=262144"
    "memorysetup-temp-allocator-size-preload-manager=33554432"
    "memorysetup-temp-allocator-size-nav-mesh-worker=65536"
    "memorysetup-temp-allocator-size-audio-worker=65536"
    "memorysetup-temp-allocator-size-cloud-worker=32768"
    "memorysetup-temp-allocator-size-gi-baking-worker=262144"
    "memorysetup-temp-allocator-size-gfx=262144"
Player connection [26328]  Target information:

Player connection [26328]  * "[IP] 192.168.0.110 [Port] 0 [Flags] 2 [Guid] 2626081294 [EditorId] 2626081294 [Version] 1048832 [Id] WindowsEditor(7,DESKTOP-LIPBEPM) [Debug] 1 [PackageName] WindowsEditor [ProjectName] Editor" 

Player connection [26328] Host joined multi-casting on [225.0.0.222:54997]...
Player connection [26328] Host joined alternative multi-casting on [225.0.0.222:34997]...
[PhysX] Initialized MultithreadedTaskDispatcher with 16 workers.
Refreshing native plugins compatible for Editor in 5.17 ms, found 3 plugins.
Preloading 0 native plugins for Editor in 0.00 ms.
Initialize engine version: 2022.3.50f1 (c3db7f8bf9b1)
[Subsystems] Discovering subsystems at path C:/Program Files/Unity/Hub/Editor/2022.3.50f1/Editor/Data/Resources/UnitySubsystems
[Subsystems] Discovering subsystems at path C:/Users/User/OneDrive - Universiti Kuala Lumpur/Documents/GitHub/Class-3-A/Assets
GfxDevice: creating device client; threaded=0; jobified=0
Direct3D:
    Version:  Direct3D 11.0 [level 11.1]
    Renderer: AMD Radeon RX 7800 XT (ID=0x747e)
    Vendor:   ATI
    VRAM:     16158 MB
    Driver:   32.0.12033.1030
Initialize mono
Mono path[0] = 'C:/Program Files/Unity/Hub/Editor/2022.3.50f1/Editor/Data/Managed'
Mono path[1] = 'C:/Program Files/Unity/Hub/Editor/2022.3.50f1/Editor/Data/MonoBleedingEdge/lib/mono/unityjit-win32'
Mono config path = 'C:/Program Files/Unity/Hub/Editor/2022.3.50f1/Editor/Data/MonoBleedingEdge/etc'
Using monoOptions --debugger-agent=transport=dt_socket,embedding=1,server=y,suspend=n,address=127.0.0.1:56132
Begin MonoManager ReloadAssembly
Registering precompiled unity dll's ...
Register platform support module: C:/Program Files/Unity/Hub/Editor/2022.3.50f1/Editor/Data/PlaybackEngines/WindowsStandaloneSupport/UnityEditor.WindowsStandalone.Extensions.dll
Registered in 0.004899 seconds.
- Loaded All Assemblies, in  0.241 seconds
Native extension for WindowsStandalone target not found
Mono: successfully reloaded assembly
- Finished resetting the current domain, in  0.204 seconds
Domain Reload Profiling: 444ms
	BeginReloadAssembly (73ms)
		ExecutionOrderSort (0ms)
		DisableScriptedObjects (0ms)
		BackupInstance (0ms)
		ReleaseScriptingObjects (0ms)
		CreateAndSetChildDomain (0ms)
	RebuildCommonClasses (23ms)
	RebuildNativeTypeToScriptingClass (6ms)
	initialDomainReloadingComplete (39ms)
	LoadAllAssembliesAndSetupDomain (99ms)
		LoadAssemblies (71ms)
		RebuildTransferFunctionScriptingTraits (0ms)
		AnalyzeDomain (97ms)
			TypeCache.Refresh (96ms)
				TypeCache.ScanAssembly (86ms)
			ScanForSourceGeneratedMonoScriptInfo (0ms)
			ResolveRequiredComponents (0ms)
	FinalizeReload (204ms)
		ReleaseScriptCaches (0ms)
		RebuildScriptCaches (0ms)
		SetupLoadedEditorAssemblies (169ms)
			LogAssemblyErrors (0ms)
			InitializePlatformSupportModulesInManaged (10ms)
			SetLoadedEditorAssemblies (6ms)
			RefreshPlugins (0ms)
			BeforeProcessingInitializeOnLoad (2ms)
			ProcessInitializeOnLoadAttributes (120ms)
			ProcessInitializeOnLoadMethodAttributes (31ms)
			AfterProcessingInitializeOnLoad (0ms)
			EditorAssembliesLoaded (0ms)
		ExecutionOrderSort2 (0ms)
		AwakeInstancesAfterBackupRestoration (0ms)
========================================================================
Worker process is ready to serve import requests
Caller must complete domain reload
Begin MonoManager ReloadAssembly
- Loaded All Assemblies, in  0.418 seconds
Native extension for WindowsStandalone target not found
Mono: successfully reloaded assembly
- Finished resetting the current domain, in  0.407 seconds
Domain Reload Profiling: 823ms
	BeginReloadAssembly (98ms)
		ExecutionOrderSort (0ms)
		DisableScriptedObjects (3ms)
		BackupInstance (0ms)
		ReleaseScriptingObjects (0ms)
		CreateAndSetChildDomain (17ms)
	RebuildCommonClasses (21ms)
	RebuildNativeTypeToScriptingClass (6ms)
	initialDomainReloadingComplete (26ms)
	LoadAllAssembliesAndSetupDomain (266ms)
		LoadAssemblies (200ms)
		RebuildTransferFunctionScriptingTraits (0ms)
		AnalyzeDomain (123ms)
			TypeCache.Refresh (108ms)
				TypeCache.ScanAssembly (98ms)
			ScanForSourceGeneratedMonoScriptInfo (11ms)
			ResolveRequiredComponents (3ms)
	FinalizeReload (407ms)
		ReleaseScriptCaches (0ms)
		RebuildScriptCaches (0ms)
		SetupLoadedEditorAssemblies (324ms)
			LogAssemblyErrors (0ms)
			InitializePlatformSupportModulesInManaged (4ms)
			SetLoadedEditorAssemblies (2ms)
			RefreshPlugins (0ms)
			BeforeProcessingInitializeOnLoad (45ms)
			ProcessInitializeOnLoadAttributes (227ms)
			ProcessInitializeOnLoadMethodAttributes (40ms)
			AfterProcessingInitializeOnLoad (6ms)
			EditorAssembliesLoaded (0ms)
		ExecutionOrderSort2 (0ms)
		AwakeInstancesAfterBackupRestoration (4ms)
Launched and connected shader compiler UnityShaderCompiler.exe after 0.04 seconds
Refreshing native plugins compatible for Editor in 2.44 ms, found 3 plugins.
Preloading 0 native plugins for Editor in 0.00 ms.
Unloading 4216 Unused Serialized files (Serialized files now loaded: 0)
Unloading 21 unused Assets / (343.0 KB). Loaded Objects now: 4682.
Memory consumption went from 150.3 MB to 150.0 MB.
Total: 2.813700 ms (FindLiveObjects: 0.271400 ms CreateObjectMapping: 0.203400 ms MarkObjects: 2.218200 ms  DeleteObjects: 0.119900 ms)

AssetImportParameters requested are different than current active one (requested -> active):
  custom:container-demuxer-ogg: 62fdf1f143b41e24485cea50d1cbac27 -> 
  custom:video-codec-MediaFoundation-h265: 746d11721c4dcdbdad8f713fa42b33f4 -> 
  custom:video-decoder-ogg-theora: a1e56fd34408186e4bbccfd4996cb3dc -> 
  custom:framework-win-MediaFoundation: 216162199b28c13a410421893ffa2e32 -> 
  custom:CustomObjectIndexerAttribute: 9a22284fe3817be447336de3de66b15e -> 
  custom:container-demuxer-webm: 4f35f7cbe854078d1ac9338744f61a02 -> 
  custom:container-muxer-webm: aa71ff27fc2769a1b78a27578f13a17b -> 
  custom:video-decoder-webm-vp8: 9c59270c3fd7afecdb556c50c9e8de78 -> 
  custom:SearchIndexIgnoredProperties: e643bd26f0fe6173181afceb89e7c659 -> 
  custom:AudioImporter_EditorPlatform: d09bf68614088b80899f8185d706f6e7 -> 
  custom:video-encoder-webm-vp8: eb34c28f22e8b96e1ab97ce403110664 -> 
  custom:audio-decoder-ogg-vorbis: bf7c407c2cedff20999df2af8eb42d56 -> 
  custom:audio-encoder-webm-vorbis: bf7c407c2cedff20999df2af8eb42d56 -> 
========================================================================
Received Import Request.
  Time since last request: 35397.502675 seconds.
  path: Assets/nappin/Office Props Softpack/Textures/(Txt)GradientBrown.png
  artifactKey: Guid(a5fbcf512e323074384f3d7eb1b798f5) Importer(2089858483,0ecaa5967403d082aa24f35e1b516d23)
Start importing Assets/nappin/Office Props Softpack/Textures/(Txt)GradientBrown.png using Guid(a5fbcf512e323074384f3d7eb1b798f5) Importer(2089858483,0ecaa5967403d082aa24f35e1b516d23) [PhysX] Initialized MultithreadedTaskDispatcher with 16 workers.
 -> (artifact id: 'd7788a7e732d8353994e8e30407e1148') in 0.084185 seconds
Number of updated asset objects reloaded before import = 0
Number of asset objects unloaded after import = 1
========================================================================
Received Import Request.
  Time since last request: 0.000020 seconds.
  path: Assets/Mess Maker Free/Prefabs/High Poly/Porcelin and Pottery/Mug White Broken.prefab
  artifactKey: Guid(6e76fda8b4b9c214e815d61ddf722aa8) Importer(2089858483,0ecaa5967403d082aa24f35e1b516d23)
Start importing Assets/Mess Maker Free/Prefabs/High Poly/Porcelin and Pottery/Mug White Broken.prefab using Guid(6e76fda8b4b9c214e815d61ddf722aa8) Importer(2089858483,0ecaa5967403d082aa24f35e1b516d23) [PhysX] Initialized MultithreadedTaskDispatcher with 16 workers.
 -> (artifact id: '18b8328d6202c5764462f9e0508cdcf5') in 0.024919 seconds
Number of updated asset objects reloaded before import = 0
Number of asset objects unloaded after import = 9
========================================================================
Received Import Request.
  Time since last request: 0.000014 seconds.
  path: Assets/Mess Maker Free/Prefabs/High Poly/Glass Bottles/Wine Bottle Red Broke 2.prefab
  artifactKey: Guid(7899e43a811a2fe43ad1dea14f502569) Importer(2089858483,0ecaa5967403d082aa24f35e1b516d23)
Start importing Assets/Mess Maker Free/Prefabs/High Poly/Glass Bottles/Wine Bottle Red Broke 2.prefab using Guid(7899e43a811a2fe43ad1dea14f502569) Importer(2089858483,0ecaa5967403d082aa24f35e1b516d23) [PhysX] Initialized MultithreadedTaskDispatcher with 16 workers.
 -> (artifact id: 'c662a5e5e14f0120e9700b6a0ab6321e') in 0.011956 seconds
Number of updated asset objects reloaded before import = 0
Number of asset objects unloaded after import = 9
========================================================================
Received Import Request.
  Time since last request: 0.000015 seconds.
  path: Assets/Mess Maker Free/Prefabs/Low Poly/Glass Bottles/Wine Bottle Green Broke 2.prefab
  artifactKey: Guid(8330d6a315e0fbb47a53be06e566ae6f) Importer(2089858483,0ecaa5967403d082aa24f35e1b516d23)
Start importing Assets/Mess Maker Free/Prefabs/Low Poly/Glass Bottles/Wine Bottle Green Broke 2.prefab using Guid(8330d6a315e0fbb47a53be06e566ae6f) Importer(2089858483,0ecaa5967403d082aa24f35e1b516d23) [PhysX] Initialized MultithreadedTaskDispatcher with 16 workers.
 -> (artifact id: 'dd82243ab3b4d6d9bfecf6d3de7e7700') in 0.011709 seconds
Number of updated asset objects reloaded before import = 0
Number of asset objects unloaded after import = 9
========================================================================
Received Import Request.
  Time since last request: 0.000015 seconds.
  path: Assets/TextMesh Pro/Resources/Fonts & Materials/LiberationSans SDF - Outline.mat
  artifactKey: Guid(79459efec17a4d00a321bdcc27bbc385) Importer(2089858483,0ecaa5967403d082aa24f35e1b516d23)
Start importing Assets/TextMesh Pro/Resources/Fonts & Materials/LiberationSans SDF - Outline.mat using Guid(79459efec17a4d00a321bdcc27bbc385) Importer(2089858483,0ecaa5967403d082aa24f35e1b516d23) [PhysX] Initialized MultithreadedTaskDispatcher with 16 workers.
 -> (artifact id: 'b8c4bfb8971d88e011d2c62a114b8e9c') in 0.023336 seconds
Number of updated asset objects reloaded before import = 0
Number of asset objects unloaded after import = 2
========================================================================
Received Import Request.
  Time since last request: 0.000014 seconds.
  path: Assets/Mess Maker Free/Prefabs/Low Poly/Glass Bottles/Wine Bottle Red with Label.prefab
  artifactKey: Guid(3af47aa23425e3c44b5be3d082a74f79) Importer(2089858483,0ecaa5967403d082aa24f35e1b516d23)
Start importing Assets/Mess Maker Free/Prefabs/Low Poly/Glass Bottles/Wine Bottle Red with Label.prefab using Guid(3af47aa23425e3c44b5be3d082a74f79) Importer(2089858483,0ecaa5967403d082aa24f35e1b516d23) [PhysX] Initialized MultithreadedTaskDispatcher with 16 workers.
 -> (artifact id: '1d455fa5a11415ef6c52e49a8f1b670e') in 0.011014 seconds
Number of updated asset objects reloaded before import = 0
Number of asset objects unloaded after import = 14
========================================================================
Received Import Request.
  Time since last request: 0.000016 seconds.
  path: Assets/Mess Maker Free/Prefabs/Low Poly/Glass Bottles/Wine Bottle Red Broke 2.prefab
  artifactKey: Guid(77557de5dd98b0f4c9dc7532951a0960) Importer(2089858483,0ecaa5967403d082aa24f35e1b516d23)
Start importing Assets/Mess Maker Free/Prefabs/Low Poly/Glass Bottles/Wine Bottle Red Broke 2.prefab using Guid(77557de5dd98b0f4c9dc7532951a0960) Importer(2089858483,0ecaa5967403d082aa24f35e1b516d23) [PhysX] Initialized MultithreadedTaskDispatcher with 16 workers.
 -> (artifact id: '3a8b6f2d390e5ce49cf84a684d645915') in 0.011641 seconds
Number of updated asset objects reloaded before import = 0
Number of asset objects unloaded after import = 9
========================================================================
Received Import Request.
  Time since last request: 0.000018 seconds.
  path: Assets/Mess Maker Free/Prefabs/Low Poly/Cans/Beer Can Green Crushed.prefab
  artifactKey: Guid(be2f3a70d7cff0d499d97d845208aafb) Importer(2089858483,0ecaa5967403d082aa24f35e1b516d23)
Start importing Assets/Mess Maker Free/Prefabs/Low Poly/Cans/Beer Can Green Crushed.prefab using Guid(be2f3a70d7cff0d499d97d845208aafb) Importer(2089858483,0ecaa5967403d082aa24f35e1b516d23) [PhysX] Initialized MultithreadedTaskDispatcher with 16 workers.
 -> (artifact id: '1e1c7a1016056ccd8e53029ae37efabd') in 0.011015 seconds
Number of updated asset objects reloaded before import = 0
Number of asset objects unloaded after import = 14
========================================================================
Received Import Request.
  Time since last request: 0.000013 seconds.
  path: Assets/Mess Maker Free/Prefabs/High Poly/Porcelin and Pottery/Broken Pottery.prefab
  artifactKey: Guid(b55d178e96dcaf14594261b0732f960b) Importer(2089858483,0ecaa5967403d082aa24f35e1b516d23)
Start importing Assets/Mess Maker Free/Prefabs/High Poly/Porcelin and Pottery/Broken Pottery.prefab using Guid(b55d178e96dcaf14594261b0732f960b) Importer(2089858483,0ecaa5967403d082aa24f35e1b516d23) [PhysX] Initialized MultithreadedTaskDispatcher with 16 workers.
 -> (artifact id: '260f0b671a7e68042f03261066edfd38') in 0.010465 seconds
Number of updated asset objects reloaded before import = 0
Number of asset objects unloaded after import = 9
========================================================================
Received Import Request.
  Time since last request: 0.000020 seconds.
  path: Assets/Mess Maker Free/Prefabs/Low Poly/Food/Half Eaten Cheeseburger.prefab
  artifactKey: Guid(20f6fca5559075148b1e6d06957f81ea) Importer(2089858483,0ecaa5967403d082aa24f35e1b516d23)
Start importing Assets/Mess Maker Free/Prefabs/Low Poly/Food/Half Eaten Cheeseburger.prefab using Guid(20f6fca5559075148b1e6d06957f81ea) Importer(2089858483,0ecaa5967403d082aa24f35e1b516d23) [PhysX] Initialized MultithreadedTaskDispatcher with 16 workers.
 -> (artifact id: 'd8cb01d12b6e368a19c6d35a77df50af') in 0.011147 seconds
Number of updated asset objects reloaded before import = 0
Number of asset objects unloaded after import = 9
========================================================================
Received Import Request.
  Time since last request: 0.000014 seconds.
  path: Assets/Mess Maker Free/Prefabs/Low Poly/Food/Chicken Bone.prefab
  artifactKey: Guid(95ba25c767eeddc46899aa0fd76f63be) Importer(2089858483,0ecaa5967403d082aa24f35e1b516d23)
Start importing Assets/Mess Maker Free/Prefabs/Low Poly/Food/Chicken Bone.prefab using Guid(95ba25c767eeddc46899aa0fd76f63be) Importer(2089858483,0ecaa5967403d082aa24f35e1b516d23) [PhysX] Initialized MultithreadedTaskDispatcher with 16 workers.
 -> (artifact id: 'b0505a531efd6f60caf9d6db87e07b1d') in 0.009649 seconds
Number of updated asset objects reloaded before import = 0
Number of asset objects unloaded after import = 9
========================================================================
Received Import Request.
  Time since last request: 0.000016 seconds.
  path: Assets/Mess Maker Free/Prefabs/Low Poly/Food/Apple Core Green.prefab
  artifactKey: Guid(04de276320549a847b966b845005a946) Importer(2089858483,0ecaa5967403d082aa24f35e1b516d23)
Start importing Assets/Mess Maker Free/Prefabs/Low Poly/Food/Apple Core Green.prefab using Guid(04de276320549a847b966b845005a946) Importer(2089858483,0ecaa5967403d082aa24f35e1b516d23) [PhysX] Initialized MultithreadedTaskDispatcher with 16 workers.
 -> (artifact id: 'feb095354e475d0d7cbbb5acfce7cb45') in 0.010954 seconds
Number of updated asset objects reloaded before import = 0
Number of asset objects unloaded after import = 9
========================================================================
Received Import Request.
  Time since last request: 0.000013 seconds.
  path: Assets/Mess Maker Free/Prefabs/High Poly/Porcelin and Pottery/Mug Wood.prefab
  artifactKey: Guid(0c151e8b229a7e34ab8f87c12c618a32) Importer(2089858483,0ecaa5967403d082aa24f35e1b516d23)
Start importing Assets/Mess Maker Free/Prefabs/High Poly/Porcelin and Pottery/Mug Wood.prefab using Guid(0c151e8b229a7e34ab8f87c12c618a32) Importer(2089858483,0ecaa5967403d082aa24f35e1b516d23) [PhysX] Initialized MultithreadedTaskDispatcher with 16 workers.
 -> (artifact id: 'c77bf1346f964ab3bfbc047075dc1bab') in 0.011324 seconds
Number of updated asset objects reloaded before import = 0
Number of asset objects unloaded after import = 9
========================================================================
Received Import Request.
  Time since last request: 0.000017 seconds.
  path: Assets/school/Prefabs/props/wall001.prefab
  artifactKey: Guid(7218b9728928b894eb1799b26af67733) Importer(2089858483,0ecaa5967403d082aa24f35e1b516d23)
Start importing Assets/school/Prefabs/props/wall001.prefab using Guid(7218b9728928b894eb1799b26af67733) Importer(2089858483,0ecaa5967403d082aa24f35e1b516d23) [PhysX] Initialized MultithreadedTaskDispatcher with 16 workers.
 -> (artifact id: '7645ce1d26ed6c92dce5d57d15438cb3') in 0.010511 seconds
Number of updated asset objects reloaded before import = 0
Number of asset objects unloaded after import = 14
========================================================================
Received Import Request.
  Time since last request: 0.000013 seconds.
  path: Assets/nappin/Office Props Softpack/Prefabs/(Prb)WaterDispenser.prefab
  artifactKey: Guid(135f561a417209449aa3f0e15225613e) Importer(2089858483,0ecaa5967403d082aa24f35e1b516d23)
Start importing Assets/nappin/Office Props Softpack/Prefabs/(Prb)WaterDispenser.prefab using Guid(135f561a417209449aa3f0e15225613e) Importer(2089858483,0ecaa5967403d082aa24f35e1b516d23) [PhysX] Initialized MultithreadedTaskDispatcher with 16 workers.
 -> (artifact id: '8fbbe21991c744c75acd51a4f9ae1710') in 0.008487 seconds
Number of updated asset objects reloaded before import = 0
Number of asset objects unloaded after import = 10
========================================================================
Received Import Request.
  Time since last request: 0.000014 seconds.
  path: Assets/nappin/Office Props Softpack/Prefabs/(Prb)VendingMachine.prefab
  artifactKey: Guid(5fab3d9a08a16ed429bbc510962997d8) Importer(2089858483,0ecaa5967403d082aa24f35e1b516d23)
Start importing Assets/nappin/Office Props Softpack/Prefabs/(Prb)VendingMachine.prefab using Guid(5fab3d9a08a16ed429bbc510962997d8) Importer(2089858483,0ecaa5967403d082aa24f35e1b516d23) [PhysX] Initialized MultithreadedTaskDispatcher with 16 workers.
 -> (artifact id: '62f929b2237652b22ccb3cab7f094dba') in 0.010094 seconds
Number of updated asset objects reloaded before import = 0
Number of asset objects unloaded after import = 870
========================================================================
Received Import Request.
  Time since last request: 0.000012 seconds.
  path: Assets/Mess Maker Free/Prefabs/Low Poly/Cans/Soda Can Green.prefab
  artifactKey: Guid(c840387747cb48f409bf9c9708a4d90d) Importer(2089858483,0ecaa5967403d082aa24f35e1b516d23)
Start importing Assets/Mess Maker Free/Prefabs/Low Poly/Cans/Soda Can Green.prefab using Guid(c840387747cb48f409bf9c9708a4d90d) Importer(2089858483,0ecaa5967403d082aa24f35e1b516d23) [PhysX] Initialized MultithreadedTaskDispatcher with 16 workers.
 -> (artifact id: '4a8c50b5e7876fcb26c5495747c33c52') in 0.010969 seconds
Number of updated asset objects reloaded before import = 0
Number of asset objects unloaded after import = 14
========================================================================
Received Import Request.
  Time since last request: 0.000018 seconds.
  path: Assets/Mess Maker Free/Prefabs/High Poly/Porcelin and Pottery/Mug White.prefab
  artifactKey: Guid(bd0d4897a6517e64ca6c38ed50bfe5d2) Importer(2089858483,0ecaa5967403d082aa24f35e1b516d23)
Start importing Assets/Mess Maker Free/Prefabs/High Poly/Porcelin and Pottery/Mug White.prefab using Guid(bd0d4897a6517e64ca6c38ed50bfe5d2) Importer(2089858483,0ecaa5967403d082aa24f35e1b516d23) [PhysX] Initialized MultithreadedTaskDispatcher with 16 workers.
 -> (artifact id: 'bc1a9548f1ca3a3216dc4cc72685510d') in 0.009646 seconds
Number of updated asset objects reloaded before import = 0
Number of asset objects unloaded after import = 9
========================================================================
Received Import Request.
  Time since last request: 0.000022 seconds.
  path: Assets/Mess Maker Free/Prefabs/Low Poly/Glass Bottles/Wine Bottle Green with Label 1.prefab
  artifactKey: Guid(8c044803a69471e439f6be56b9f30f15) Importer(2089858483,0ecaa5967403d082aa24f35e1b516d23)
Start importing Assets/Mess Maker Free/Prefabs/Low Poly/Glass Bottles/Wine Bottle Green with Label 1.prefab using Guid(8c044803a69471e439f6be56b9f30f15) Importer(2089858483,0ecaa5967403d082aa24f35e1b516d23) [PhysX] Initialized MultithreadedTaskDispatcher with 16 workers.
 -> (artifact id: 'a5ed3c09e6796063df6c69af40d02338') in 0.009308 seconds
Number of updated asset objects reloaded before import = 0
Number of asset objects unloaded after import = 14
========================================================================
Received Import Request.
  Time since last request: 0.000015 seconds.
  path: Assets/school/Prefabs/props/sheet4.prefab
  artifactKey: Guid(2335e4e4480899f46aabd539af49b014) Importer(2089858483,0ecaa5967403d082aa24f35e1b516d23)
Start importing Assets/school/Prefabs/props/sheet4.prefab using Guid(2335e4e4480899f46aabd539af49b014) Importer(2089858483,0ecaa5967403d082aa24f35e1b516d23) [PhysX] Initialized MultithreadedTaskDispatcher with 16 workers.
 -> (artifact id: 'e045862df2480c1760589de16f58d414') in 0.010463 seconds
Number of updated asset objects reloaded before import = 0
Number of asset objects unloaded after import = 7
========================================================================
Received Import Request.
  Time since last request: 0.000014 seconds.
  path: Assets/TextMesh Pro/Resources/Style Sheets/Default Style Sheet.asset
  artifactKey: Guid(f952c082cb03451daed3ee968ac6c63e) Importer(2089858483,0ecaa5967403d082aa24f35e1b516d23)
Start importing Assets/TextMesh Pro/Resources/Style Sheets/Default Style Sheet.asset using Guid(f952c082cb03451daed3ee968ac6c63e) Importer(2089858483,0ecaa5967403d082aa24f35e1b516d23) [PhysX] Initialized MultithreadedTaskDispatcher with 16 workers.
 -> (artifact id: '209949f1bedf88d3c6c1bd21800d5391') in 0.009800 seconds
Number of updated asset objects reloaded before import = 0
Number of asset objects unloaded after import = 1
========================================================================
Received Import Request.
  Time since last request: 0.000016 seconds.
  path: Assets/school/Prefabs/props/board.prefab
  artifactKey: Guid(adb1204842363d949b4b739100f86523) Importer(2089858483,0ecaa5967403d082aa24f35e1b516d23)
Start importing Assets/school/Prefabs/props/board.prefab using Guid(adb1204842363d949b4b739100f86523) Importer(2089858483,0ecaa5967403d082aa24f35e1b516d23) [PhysX] Initialized MultithreadedTaskDispatcher with 16 workers.
 -> (artifact id: '854c2af44c42a16eaee51bb169f312c3') in 0.010963 seconds
Number of updated asset objects reloaded before import = 0
Number of asset objects unloaded after import = 7
========================================================================
Received Import Request.
  Time since last request: 0.000012 seconds.
  path: Assets/school/Prefabs/props/book14.prefab
  artifactKey: Guid(e14704938d821e14d8561c810691b64c) Importer(2089858483,0ecaa5967403d082aa24f35e1b516d23)
Start importing Assets/school/Prefabs/props/book14.prefab using Guid(e14704938d821e14d8561c810691b64c) Importer(2089858483,0ecaa5967403d082aa24f35e1b516d23) [PhysX] Initialized MultithreadedTaskDispatcher with 16 workers.
 -> (artifact id: '96dc6e200f5202e01a3dbad058c3d8ea') in 0.009144 seconds
Number of updated asset objects reloaded before import = 0
Number of asset objects unloaded after import = 7
========================================================================
Received Import Request.
  Time since last request: 0.000013 seconds.
  path: Assets/Mess Maker Free/Prefabs/High Poly/Porcelin and Pottery/Broken Pottery 2.prefab
  artifactKey: Guid(8a25dbd1ff8ccdd40a98fdf41f996224) Importer(2089858483,0ecaa5967403d082aa24f35e1b516d23)
Start importing Assets/Mess Maker Free/Prefabs/High Poly/Porcelin and Pottery/Broken Pottery 2.prefab using Guid(8a25dbd1ff8ccdd40a98fdf41f996224) Importer(2089858483,0ecaa5967403d082aa24f35e1b516d23) [PhysX] Initialized MultithreadedTaskDispatcher with 16 workers.
 -> (artifact id: '8c638a4ea073facbc1625e50c18e7b22') in 0.010143 seconds
Number of updated asset objects reloaded before import = 0
Number of asset objects unloaded after import = 9
========================================================================
Received Import Request.
  Time since last request: 0.000018 seconds.
  path: Assets/nappin/Office Props Softpack/Prefabs/(Prb)Fatboy.prefab
  artifactKey: Guid(2c6803eaefbe99844936e0fdb90f45b0) Importer(2089858483,0ecaa5967403d082aa24f35e1b516d23)
Start importing Assets/nappin/Office Props Softpack/Prefabs/(Prb)Fatboy.prefab using Guid(2c6803eaefbe99844936e0fdb90f45b0) Importer(2089858483,0ecaa5967403d082aa24f35e1b516d23) [PhysX] Initialized MultithreadedTaskDispatcher with 16 workers.
 -> (artifact id: 'ae591706b3117f7724e454d7f07d7ad6') in 0.006959 seconds
Number of updated asset objects reloaded before import = 0
Number of asset objects unloaded after import = 10
========================================================================
Received Import Request.
  Time since last request: 0.000014 seconds.
  path: Assets/school/Prefabs/props/projector.prefab
  artifactKey: Guid(832c4b3dc1fa4234a995fcbdcce28404) Importer(2089858483,0ecaa5967403d082aa24f35e1b516d23)
Start importing Assets/school/Prefabs/props/projector.prefab using Guid(832c4b3dc1fa4234a995fcbdcce28404) Importer(2089858483,0ecaa5967403d082aa24f35e1b516d23) [PhysX] Initialized MultithreadedTaskDispatcher with 16 workers.
 -> (artifact id: 'da7e30fe213c4f6ab6224ed2c0acef15') in 0.007784 seconds
Number of updated asset objects reloaded before import = 0
Number of asset objects unloaded after import = 7
========================================================================
Received Import Request.
  Time since last request: 0.000013 seconds.
  path: Assets/Models/Trash Bin/Demo Scene/demoSettings.lighting
  artifactKey: Guid(a0a8b73fef7db564fbada54226a0ee7e) Importer(2089858483,0ecaa5967403d082aa24f35e1b516d23)
Start importing Assets/Models/Trash Bin/Demo Scene/demoSettings.lighting using Guid(a0a8b73fef7db564fbada54226a0ee7e) Importer(2089858483,0ecaa5967403d082aa24f35e1b516d23) [PhysX] Initialized MultithreadedTaskDispatcher with 16 workers.
LightingSettings: switching bake backend from 1 to 0.
 -> (artifact id: '51a9e8f42486b9b3b81e9c3f2490a0fd') in 0.009743 seconds
Number of updated asset objects reloaded before import = 0
Number of asset objects unloaded after import = 1
========================================================================
Received Import Request.
  Time since last request: 0.000012 seconds.
  path: Assets/school/Prefabs/props/book7.prefab
  artifactKey: Guid(b4335bd599706fd488e027758d9ff789) Importer(2089858483,0ecaa5967403d082aa24f35e1b516d23)
Start importing Assets/school/Prefabs/props/book7.prefab using Guid(b4335bd599706fd488e027758d9ff789) Importer(2089858483,0ecaa5967403d082aa24f35e1b516d23) [PhysX] Initialized MultithreadedTaskDispatcher with 16 workers.
 -> (artifact id: '54e154ab71ee0f3380ba52c10286c2b3') in 0.009474 seconds
Number of updated asset objects reloaded before import = 0
Number of asset objects unloaded after import = 7
========================================================================
Received Import Request.
  Time since last request: 0.000013 seconds.
  path: Assets/school/Prefabs/props/locker_5.prefab
  artifactKey: Guid(a0fb9817dd6493340b32e1c86fadfc0b) Importer(2089858483,0ecaa5967403d082aa24f35e1b516d23)
Start importing Assets/school/Prefabs/props/locker_5.prefab using Guid(a0fb9817dd6493340b32e1c86fadfc0b) Importer(2089858483,0ecaa5967403d082aa24f35e1b516d23) [PhysX] Initialized MultithreadedTaskDispatcher with 16 workers.
 -> (artifact id: '2aa67f6473e6d6e93e79c70e5874662e') in 0.008933 seconds
Number of updated asset objects reloaded before import = 0
Number of asset objects unloaded after import = 8
========================================================================
Received Import Request.
  Time since last request: 0.000012 seconds.
  path: Assets/Mess Maker Free/Prefabs/Low Poly/Porcelin and Pottery/Broken Pottery 2.prefab
  artifactKey: Guid(92d7833af3c71c04e99615a4db4adfeb) Importer(2089858483,0ecaa5967403d082aa24f35e1b516d23)
Start importing Assets/Mess Maker Free/Prefabs/Low Poly/Porcelin and Pottery/Broken Pottery 2.prefab using Guid(92d7833af3c71c04e99615a4db4adfeb) Importer(2089858483,0ecaa5967403d082aa24f35e1b516d23) [PhysX] Initialized MultithreadedTaskDispatcher with 16 workers.
 -> (artifact id: '93651e2b212d6163c90a15b627d24432') in 0.010870 seconds
Number of updated asset objects reloaded before import = 0
Number of asset objects unloaded after import = 9
========================================================================
Received Import Request.
  Time since last request: 0.000015 seconds.
  path: Assets/school/Prefabs/props/wall4 (1).prefab
  artifactKey: Guid(288b229db858c114299d1bf70ffc95cd) Importer(2089858483,0ecaa5967403d082aa24f35e1b516d23)
Start importing Assets/school/Prefabs/props/wall4 (1).prefab using Guid(288b229db858c114299d1bf70ffc95cd) Importer(2089858483,0ecaa5967403d082aa24f35e1b516d23) [PhysX] Initialized MultithreadedTaskDispatcher with 16 workers.
 -> (artifact id: 'ab7c6f20ac9998d20309566e8405d802') in 0.009921 seconds
Number of updated asset objects reloaded before import = 0
Number of asset objects unloaded after import = 8
========================================================================
Received Import Request.
  Time since last request: 0.000014 seconds.
  path: Assets/TextMesh Pro/Fonts/LiberationSans - OFL.txt
  artifactKey: Guid(6e59c59b81ab47f9b6ec5781fa725d2c) Importer(2089858483,0ecaa5967403d082aa24f35e1b516d23)
Start importing Assets/TextMesh Pro/Fonts/LiberationSans - OFL.txt using Guid(6e59c59b81ab47f9b6ec5781fa725d2c) Importer(2089858483,0ecaa5967403d082aa24f35e1b516d23) [PhysX] Initialized MultithreadedTaskDispatcher with 16 workers.
 -> (artifact id: 'd2cbfa3e42fbc87b084a3b1277df80c3') in 0.008862 seconds
Number of updated asset objects reloaded before import = 0
Number of asset objects unloaded after import = 1
========================================================================
Received Import Request.
  Time since last request: 0.000014 seconds.
  path: Assets/Mess Maker Free/Materials/Textures/Soda Can Orange.png
  artifactKey: Guid(bc58a7c75d268d646b483b2a21814700) Importer(2089858483,0ecaa5967403d082aa24f35e1b516d23)
Start importing Assets/Mess Maker Free/Materials/Textures/Soda Can Orange.png using Guid(bc58a7c75d268d646b483b2a21814700) Importer(2089858483,0ecaa5967403d082aa24f35e1b516d23) [PhysX] Initialized MultithreadedTaskDispatcher with 16 workers.
 -> (artifact id: '9a2a9c9f8158e3b20efa84297e08ec34') in 0.011185 seconds
Number of updated asset objects reloaded before import = 0
Number of asset objects unloaded after import = 1
========================================================================
Received Import Request.
  Time since last request: 0.000013 seconds.
  path: Assets/nappin/Office Props Softpack/Prefabs/(Prb)YogaBall.prefab
  artifactKey: Guid(c1b661568473d8448ab9c3fa53457a08) Importer(2089858483,0ecaa5967403d082aa24f35e1b516d23)
Start importing Assets/nappin/Office Props Softpack/Prefabs/(Prb)YogaBall.prefab using Guid(c1b661568473d8448ab9c3fa53457a08) Importer(2089858483,0ecaa5967403d082aa24f35e1b516d23) [PhysX] Initialized MultithreadedTaskDispatcher with 16 workers.
 -> (artifact id: '4896645b1b43f8a9d4d0f73367b0d65c') in 0.007687 seconds
Number of updated asset objects reloaded before import = 0
Number of asset objects unloaded after import = 10
========================================================================
Received Import Request.
  Time since last request: 0.000016 seconds.
  path: Assets/Mess Maker Free/Prefabs/High Poly/Porcelin and Pottery/Wine Glass.prefab
  artifactKey: Guid(f6fab6cd91c4f5c44a9dcff4b0ae3ca4) Importer(2089858483,0ecaa5967403d082aa24f35e1b516d23)
Start importing Assets/Mess Maker Free/Prefabs/High Poly/Porcelin and Pottery/Wine Glass.prefab using Guid(f6fab6cd91c4f5c44a9dcff4b0ae3ca4) Importer(2089858483,0ecaa5967403d082aa24f35e1b516d23) [PhysX] Initialized MultithreadedTaskDispatcher with 16 workers.
 -> (artifact id: 'b5bc9fd3886b4f98be385f1e99843386') in 0.008992 seconds
Number of updated asset objects reloaded before import = 0
Number of asset objects unloaded after import = 9
========================================================================
Received Import Request.
  Time since last request: 0.000013 seconds.
  path: Assets/Mess Maker Free/Prefabs/High Poly/Glass Bottles/Wine Bottle Green.prefab
  artifactKey: Guid(cbce813fb81b1454f932fcd8872f015a) Importer(2089858483,0ecaa5967403d082aa24f35e1b516d23)
Start importing Assets/Mess Maker Free/Prefabs/High Poly/Glass Bottles/Wine Bottle Green.prefab using Guid(cbce813fb81b1454f932fcd8872f015a) Importer(2089858483,0ecaa5967403d082aa24f35e1b516d23) [PhysX] Initialized MultithreadedTaskDispatcher with 16 workers.
 -> (artifact id: '1298f3b1330c47f2c53b338d4444aa27') in 0.007657 seconds
Number of updated asset objects reloaded before import = 0
Number of asset objects unloaded after import = 9
========================================================================
Received Import Request.
  Time since last request: 0.082395 seconds.
  path: Assets/Mess Maker Free/Prefabs/Low Poly/Porcelin and Pottery/Broken Pottery.prefab
  artifactKey: Guid(152f887076ab7244295e8dab774c605e) Importer(2089858483,0ecaa5967403d082aa24f35e1b516d23)
Start importing Assets/Mess Maker Free/Prefabs/Low Poly/Porcelin and Pottery/Broken Pottery.prefab using Guid(152f887076ab7244295e8dab774c605e) Importer(2089858483,0ecaa5967403d082aa24f35e1b516d23) [PhysX] Initialized MultithreadedTaskDispatcher with 16 workers.
 -> (artifact id: 'd6ca9216da688cd716153778949d76ba') in 0.012233 seconds
Number of updated asset objects reloaded before import = 0
Number of asset objects unloaded after import = 9
========================================================================
Received Import Request.
  Time since last request: 0.000016 seconds.
  path: Assets/ModularFirstPersonController/DemoScene/Gridbox Prototype Materials/Resources/Textures/Prototype Grid/prototype_512x512_purple.png
  artifactKey: Guid(aa0c741df9dd8634c8d84fd9ba2b0e3d) Importer(2089858483,0ecaa5967403d082aa24f35e1b516d23)
Start importing Assets/ModularFirstPersonController/DemoScene/Gridbox Prototype Materials/Resources/Textures/Prototype Grid/prototype_512x512_purple.png using Guid(aa0c741df9dd8634c8d84fd9ba2b0e3d) Importer(2089858483,0ecaa5967403d082aa24f35e1b516d23) [PhysX] Initialized MultithreadedTaskDispatcher with 16 workers.
 -> (artifact id: '6acffd8ea8f3e11565c3b52fd46e37c1') in 0.014814 seconds
Number of updated asset objects reloaded before import = 0
Number of asset objects unloaded after import = 1
========================================================================
Received Import Request.
  Time since last request: 0.000016 seconds.
  path: Assets/RoyalCod/SimpleCharacters/Prefabs/Attachments/Builder_Helmet.prefab
  artifactKey: Guid(114a14e64ecf6a944a5b4489cf5ae891) Importer(2089858483,0ecaa5967403d082aa24f35e1b516d23)
Start importing Assets/RoyalCod/SimpleCharacters/Prefabs/Attachments/Builder_Helmet.prefab using Guid(114a14e64ecf6a944a5b4489cf5ae891) Importer(2089858483,0ecaa5967403d082aa24f35e1b516d23) [PhysX] Initialized MultithreadedTaskDispatcher with 16 workers.
 -> (artifact id: '4ee0f9ede19ebc08419dcb8419965278') in 0.014048 seconds
Number of updated asset objects reloaded before import = 0
Number of asset objects unloaded after import = 7
========================================================================
Received Import Request.
  Time since last request: 0.000016 seconds.
  path: Assets/RoyalCod/SimpleCharacters/Prefabs/Attachments/Hair_4.prefab
  artifactKey: Guid(c77fcf50a40fae242bed001997da0bc7) Importer(2089858483,0ecaa5967403d082aa24f35e1b516d23)
Start importing Assets/RoyalCod/SimpleCharacters/Prefabs/Attachments/Hair_4.prefab using Guid(c77fcf50a40fae242bed001997da0bc7) Importer(2089858483,0ecaa5967403d082aa24f35e1b516d23) [PhysX] Initialized MultithreadedTaskDispatcher with 16 workers.
 -> (artifact id: 'b129f7a657b565c1df5757d44cd9d308') in 0.011097 seconds
Number of updated asset objects reloaded before import = 0
Number of asset objects unloaded after import = 7
========================================================================
Received Import Request.
  Time since last request: 0.000018 seconds.
  path: Assets/RoyalCod/SimpleCharacters/Prefabs/Characters/Character_Female_2.prefab
  artifactKey: Guid(9a0e848f4199dae46b8c371c6d792998) Importer(2089858483,0ecaa5967403d082aa24f35e1b516d23)
Start importing Assets/RoyalCod/SimpleCharacters/Prefabs/Characters/Character_Female_2.prefab using Guid(9a0e848f4199dae46b8c371c6d792998) Importer(2089858483,0ecaa5967403d082aa24f35e1b516d23) [PhysX] Initialized MultithreadedTaskDispatcher with 16 workers.
 -> (artifact id: 'f9a5ae3ddec8c6e7aa9f83a607c054fe') in 0.013521 seconds
Number of updated asset objects reloaded before import = 0
Number of asset objects unloaded after import = 112
========================================================================
Received Import Request.
  Time since last request: 0.000013 seconds.
  path: Assets/RoyalCod/SimpleCharacters/Prefabs/Attachments/Hair_3.prefab
  artifactKey: Guid(e20e55d7dfbefbb459e853b139fb02ac) Importer(2089858483,0ecaa5967403d082aa24f35e1b516d23)
Start importing Assets/RoyalCod/SimpleCharacters/Prefabs/Attachments/Hair_3.prefab using Guid(e20e55d7dfbefbb459e853b139fb02ac) Importer(2089858483,0ecaa5967403d082aa24f35e1b516d23) [PhysX] Initialized MultithreadedTaskDispatcher with 16 workers.
 -> (artifact id: '37eafe88dc14f9cfa8e64bc673b1a027') in 0.012836 seconds
Number of updated asset objects reloaded before import = 0
Number of asset objects unloaded after import = 7
========================================================================
Received Import Request.
  Time since last request: 0.000016 seconds.
  path: Assets/RoyalCod/SimpleCharacters/Models/Attachments/Police_Hat.fbx
  artifactKey: Guid(d339592ea6d83d3488b7dae34402e514) Importer(2089858483,0ecaa5967403d082aa24f35e1b516d23)
Start importing Assets/RoyalCod/SimpleCharacters/Models/Attachments/Police_Hat.fbx using Guid(d339592ea6d83d3488b7dae34402e514) Importer(2089858483,0ecaa5967403d082aa24f35e1b516d23) [PhysX] Initialized MultithreadedTaskDispatcher with 16 workers.
 -> (artifact id: '3e042788de83403fb1ff41a96e19d98d') in 0.029503 seconds
Number of updated asset objects reloaded before import = 0
Number of asset objects unloaded after import = 8
========================================================================
Received Import Request.
  Time since last request: 0.000016 seconds.
  path: Assets/RoyalCod/SimpleCharacters/Prefabs/Attachments/Hammer.prefab
  artifactKey: Guid(3c073145d1d2af54abe8f515966de29e) Importer(2089858483,0ecaa5967403d082aa24f35e1b516d23)
Start importing Assets/RoyalCod/SimpleCharacters/Prefabs/Attachments/Hammer.prefab using Guid(3c073145d1d2af54abe8f515966de29e) Importer(2089858483,0ecaa5967403d082aa24f35e1b516d23) [PhysX] Initialized MultithreadedTaskDispatcher with 16 workers.
 -> (artifact id: 'bc3a0f78e94f08a1ea56385bf44fbce7') in 0.012167 seconds
Number of updated asset objects reloaded before import = 0
Number of asset objects unloaded after import = 7
========================================================================
Received Import Request.
  Time since last request: 0.000033 seconds.
  path: Assets/RoyalCod/SimpleCharacters/Prefabs/Characters/Character_Male_Firefighter.prefab
  artifactKey: Guid(5a4436deaa0fbff409fd3b21e6834912) Importer(2089858483,0ecaa5967403d082aa24f35e1b516d23)
Start importing Assets/RoyalCod/SimpleCharacters/Prefabs/Characters/Character_Male_Firefighter.prefab using Guid(5a4436deaa0fbff409fd3b21e6834912) Importer(2089858483,0ecaa5967403d082aa24f35e1b516d23) [PhysX] Initialized MultithreadedTaskDispatcher with 16 workers.
 -> (artifact id: '4053190574b48b5955fcb80caa86f8af') in 0.016329 seconds
Number of updated asset objects reloaded before import = 0
Number of asset objects unloaded after import = 117
========================================================================
Received Import Request.
  Time since last request: 0.000017 seconds.
  path: Assets/ModularFirstPersonController/DemoScene/Gridbox Prototype Materials/Resources/Textures/Prototype Grid/prototype_512x512_orange.png
  artifactKey: Guid(fe3e0a556829be24bb87c912d79e872d) Importer(2089858483,0ecaa5967403d082aa24f35e1b516d23)
Start importing Assets/ModularFirstPersonController/DemoScene/Gridbox Prototype Materials/Resources/Textures/Prototype Grid/prototype_512x512_orange.png using Guid(fe3e0a556829be24bb87c912d79e872d) Importer(2089858483,0ecaa5967403d082aa24f35e1b516d23) [PhysX] Initialized MultithreadedTaskDispatcher with 16 workers.
 -> (artifact id: '0281f353697abe334cd29584c94918a8') in 0.012472 seconds
Number of updated asset objects reloaded before import = 0
Number of asset objects unloaded after import = 1
========================================================================
Received Import Request.
  Time since last request: 0.000018 seconds.
  path: Assets/RoyalCod/SimpleCharacters/Prefabs/Attachments/Hair_1.prefab
  artifactKey: Guid(142f0f0b8a4fd424fb34b70b8ccab5e6) Importer(2089858483,0ecaa5967403d082aa24f35e1b516d23)
Start importing Assets/RoyalCod/SimpleCharacters/Prefabs/Attachments/Hair_1.prefab using Guid(142f0f0b8a4fd424fb34b70b8ccab5e6) Importer(2089858483,0ecaa5967403d082aa24f35e1b516d23) [PhysX] Initialized MultithreadedTaskDispatcher with 16 workers.
 -> (artifact id: 'f5158c837ae92302a7974e5a8278627c') in 0.009529 seconds
Number of updated asset objects reloaded before import = 0
Number of asset objects unloaded after import = 7
========================================================================
Received Import Request.
  Time since last request: 0.000019 seconds.
  path: Assets/RoyalCod/SimpleCharacters/Models/Attachments/Eyebrow_2.fbx
  artifactKey: Guid(5c02369a10299394386e5953fe1e3fe2) Importer(2089858483,0ecaa5967403d082aa24f35e1b516d23)
Start importing Assets/RoyalCod/SimpleCharacters/Models/Attachments/Eyebrow_2.fbx using Guid(5c02369a10299394386e5953fe1e3fe2) Importer(2089858483,0ecaa5967403d082aa24f35e1b516d23) [PhysX] Initialized MultithreadedTaskDispatcher with 16 workers.
 -> (artifact id: 'afef73c27f89d7c7f626ebc1648ca6c1') in 0.011613 seconds
Number of updated asset objects reloaded before import = 0
Number of asset objects unloaded after import = 8
========================================================================
Received Import Request.
  Time since last request: 0.000077 seconds.
  path: Assets/ModularFirstPersonController/DemoScene/Gridbox Prototype Materials/Resources/Textures/Prototype Grid/prototype_512x512_grey2.png
  artifactKey: Guid(37920ac3813690349a856bbe19a86e2b) Importer(2089858483,0ecaa5967403d082aa24f35e1b516d23)
Start importing Assets/ModularFirstPersonController/DemoScene/Gridbox Prototype Materials/Resources/Textures/Prototype Grid/prototype_512x512_grey2.png using Guid(37920ac3813690349a856bbe19a86e2b) Importer(2089858483,0ecaa5967403d082aa24f35e1b516d23) [PhysX] Initialized MultithreadedTaskDispatcher with 16 workers.
 -> (artifact id: 'f1f8c8339079fd5a6ecf8b341bd01962') in 0.010792 seconds
Number of updated asset objects reloaded before import = 0
Number of asset objects unloaded after import = 1
========================================================================
Received Import Request.
  Time since last request: 0.000013 seconds.
  path: Assets/RoyalCod/SimpleCharacters/Prefabs/Characters/Character_Female_1.prefab
  artifactKey: Guid(9d6c422b331360f478f55ea7828561a1) Importer(2089858483,0ecaa5967403d082aa24f35e1b516d23)
Start importing Assets/RoyalCod/SimpleCharacters/Prefabs/Characters/Character_Female_1.prefab using Guid(9d6c422b331360f478f55ea7828561a1) Importer(2089858483,0ecaa5967403d082aa24f35e1b516d23) [PhysX] Initialized MultithreadedTaskDispatcher with 16 workers.
 -> (artifact id: 'a2222329ac05a3a1b5f0e3dc60cb26f3') in 0.007996 seconds
Number of updated asset objects reloaded before import = 0
Number of asset objects unloaded after import = 112
========================================================================
Received Import Request.
  Time since last request: 0.000012 seconds.
  path: Assets/RoyalCod/SimpleCharacters/Models/Attachments/Sombrero.fbx
  artifactKey: Guid(c2a4da5b9b6b92f4bab623e67bb371a6) Importer(2089858483,0ecaa5967403d082aa24f35e1b516d23)
Start importing Assets/RoyalCod/SimpleCharacters/Models/Attachments/Sombrero.fbx using Guid(c2a4da5b9b6b92f4bab623e67bb371a6) Importer(2089858483,0ecaa5967403d082aa24f35e1b516d23) [PhysX] Initialized MultithreadedTaskDispatcher with 16 workers.
 -> (artifact id: '7d2aff609a371a1d0959ae3f1795c184') in 0.014998 seconds
Number of updated asset objects reloaded before import = 0
Number of asset objects unloaded after import = 8
========================================================================
Received Import Request.
  Time since last request: 0.000018 seconds.
  path: Assets/RoyalCod/SimpleCharacters/Prefabs/Attachments/Eyebrow_2.prefab
  artifactKey: Guid(023183511e82fbf44ae1bf8d217ecf54) Importer(2089858483,0ecaa5967403d082aa24f35e1b516d23)
Start importing Assets/RoyalCod/SimpleCharacters/Prefabs/Attachments/Eyebrow_2.prefab using Guid(023183511e82fbf44ae1bf8d217ecf54) Importer(2089858483,0ecaa5967403d082aa24f35e1b516d23) [PhysX] Initialized MultithreadedTaskDispatcher with 16 workers.
 -> (artifact id: 'c05b6b68f43e4f72b849cd5f0bc67d8c') in 0.011234 seconds
Number of updated asset objects reloaded before import = 0
Number of asset objects unloaded after import = 7
========================================================================
Received Import Request.
  Time since last request: 0.000015 seconds.
  path: Assets/ModularFirstPersonController/DemoScene/Gridbox Prototype Materials/Resources/Materials/Prototype Grid/Prototype_512x512_Green1.mat
  artifactKey: Guid(79f64ed6f5d6d374d91c3a0af4070258) Importer(2089858483,0ecaa5967403d082aa24f35e1b516d23)
Start importing Assets/ModularFirstPersonController/DemoScene/Gridbox Prototype Materials/Resources/Materials/Prototype Grid/Prototype_512x512_Green1.mat using Guid(79f64ed6f5d6d374d91c3a0af4070258) Importer(2089858483,0ecaa5967403d082aa24f35e1b516d23) [PhysX] Initialized MultithreadedTaskDispatcher with 16 workers.
 -> (artifact id: 'e511c519ace09005ca2ea559351ee797') in 0.010633 seconds
Number of updated asset objects reloaded before import = 0
Number of asset objects unloaded after import = 2
========================================================================
Received Import Request.
  Time since last request: 0.000015 seconds.
  path: Assets/RoyalCod/SimpleCharacters/Models/Attachments/Hammer.fbx
  artifactKey: Guid(7d97323fda58cd94fa5060b0908f25fb) Importer(2089858483,0ecaa5967403d082aa24f35e1b516d23)
Start importing Assets/RoyalCod/SimpleCharacters/Models/Attachments/Hammer.fbx using Guid(7d97323fda58cd94fa5060b0908f25fb) Importer(2089858483,0ecaa5967403d082aa24f35e1b516d23) [PhysX] Initialized MultithreadedTaskDispatcher with 16 workers.
 -> (artifact id: '7997b0f977a280a974f09500c5356e32') in 0.012828 seconds
Number of updated asset objects reloaded before import = 0
Number of asset objects unloaded after import = 8
========================================================================
Received Import Request.
  Time since last request: 0.000017 seconds.
  path: Assets/ModularFirstPersonController/DemoScene/Gridbox Prototype Materials/Resources/Materials/Prototype Grid/Prototype_512x512_Grey3.mat
  artifactKey: Guid(17c44fb3e5be9644586a0728a5f5a386) Importer(2089858483,0ecaa5967403d082aa24f35e1b516d23)
Start importing Assets/ModularFirstPersonController/DemoScene/Gridbox Prototype Materials/Resources/Materials/Prototype Grid/Prototype_512x512_Grey3.mat using Guid(17c44fb3e5be9644586a0728a5f5a386) Importer(2089858483,0ecaa5967403d082aa24f35e1b516d23) [PhysX] Initialized MultithreadedTaskDispatcher with 16 workers.
 -> (artifact id: '567d38a83c223d0550e8007c4a98accb') in 0.010632 seconds
Number of updated asset objects reloaded before import = 0
Number of asset objects unloaded after import = 2
========================================================================
Received Import Request.
  Time since last request: 0.000016 seconds.
  path: Assets/RoyalCod/SimpleCharacters/Models/Attachments/Beard_3.fbx
  artifactKey: Guid(2fdfddfba9b059c4685a21cb0a318b19) Importer(2089858483,0ecaa5967403d082aa24f35e1b516d23)
Start importing Assets/RoyalCod/SimpleCharacters/Models/Attachments/Beard_3.fbx using Guid(2fdfddfba9b059c4685a21cb0a318b19) Importer(2089858483,0ecaa5967403d082aa24f35e1b516d23) [PhysX] Initialized MultithreadedTaskDispatcher with 16 workers.
 -> (artifact id: '8451e963dc7fea74745a9413b37ad38e') in 0.014311 seconds
Number of updated asset objects reloaded before import = 0
Number of asset objects unloaded after import = 8
========================================================================
Received Import Request.
  Time since last request: 0.000013 seconds.
  path: Assets/ModularFirstPersonController/DemoScene/Gridbox Prototype Materials/Resources/Materials/Prototype Grid/Prototype_512x512_Blue2.mat
  artifactKey: Guid(5e148de6cdf2d164aa3e3f90ce8c852c) Importer(2089858483,0ecaa5967403d082aa24f35e1b516d23)
Start importing Assets/ModularFirstPersonController/DemoScene/Gridbox Prototype Materials/Resources/Materials/Prototype Grid/Prototype_512x512_Blue2.mat using Guid(5e148de6cdf2d164aa3e3f90ce8c852c) Importer(2089858483,0ecaa5967403d082aa24f35e1b516d23) [PhysX] Initialized MultithreadedTaskDispatcher with 16 workers.
 -> (artifact id: '7c6879e68d9670730c5be837532b4944') in 0.009985 seconds
Number of updated asset objects reloaded before import = 0
Number of asset objects unloaded after import = 2
========================================================================
Received Import Request.
  Time since last request: 0.000013 seconds.
  path: Assets/RoyalCod/SimpleCharacters/Prefabs/Attachments/Firefighter_Helmet.prefab
  artifactKey: Guid(3e28be00deffbb647a490e2a99ccf680) Importer(2089858483,0ecaa5967403d082aa24f35e1b516d23)
Start importing Assets/RoyalCod/SimpleCharacters/Prefabs/Attachments/Firefighter_Helmet.prefab using Guid(3e28be00deffbb647a490e2a99ccf680) Importer(2089858483,0ecaa5967403d082aa24f35e1b516d23) [PhysX] Initialized MultithreadedTaskDispatcher with 16 workers.
 -> (artifact id: '75b7bfac375978d9abc3d85eea940e69') in 0.008729 seconds
Number of updated asset objects reloaded before import = 0
Number of asset objects unloaded after import = 7
========================================================================
Received Import Request.
  Time since last request: 0.000012 seconds.
  path: Assets/RoyalCod/SimpleCharacters/Prefabs/Characters/Character_Male_6.prefab
  artifactKey: Guid(d4e006b1ecd50d44984ac7e8f2fb965f) Importer(2089858483,0ecaa5967403d082aa24f35e1b516d23)
Start importing Assets/RoyalCod/SimpleCharacters/Prefabs/Characters/Character_Male_6.prefab using Guid(d4e006b1ecd50d44984ac7e8f2fb965f) Importer(2089858483,0ecaa5967403d082aa24f35e1b516d23) [PhysX] Initialized MultithreadedTaskDispatcher with 16 workers.
 -> (artifact id: '9db5c55c48652ac4469af1e2c5486e2e') in 0.009538 seconds
Number of updated asset objects reloaded before import = 0
Number of asset objects unloaded after import = 102
========================================================================
Received Import Request.
  Time since last request: 0.000018 seconds.
  path: Assets/RoyalCod/SimpleCharacters/Models/Attachments/Officer_Hat.fbx
  artifactKey: Guid(684d8745a9645b9479b1275eb44810dc) Importer(2089858483,0ecaa5967403d082aa24f35e1b516d23)
Start importing Assets/RoyalCod/SimpleCharacters/Models/Attachments/Officer_Hat.fbx using Guid(684d8745a9645b9479b1275eb44810dc) Importer(2089858483,0ecaa5967403d082aa24f35e1b516d23) [PhysX] Initialized MultithreadedTaskDispatcher with 16 workers.
 -> (artifact id: '65ecdf41357b893a6ab2ad16bbab8fe2') in 0.013591 seconds
Number of updated asset objects reloaded before import = 0
Number of asset objects unloaded after import = 8
========================================================================
Received Import Request.
  Time since last request: 0.000013 seconds.
  path: Assets/RoyalCod/SimpleCharacters/Prefabs/Characters/Character_Male_Soldier.prefab
  artifactKey: Guid(08e2de0bc78c3164b8debc45f5fcd7d5) Importer(2089858483,0ecaa5967403d082aa24f35e1b516d23)
Start importing Assets/RoyalCod/SimpleCharacters/Prefabs/Characters/Character_Male_Soldier.prefab using Guid(08e2de0bc78c3164b8debc45f5fcd7d5) Importer(2089858483,0ecaa5967403d082aa24f35e1b516d23) [PhysX] Initialized MultithreadedTaskDispatcher with 16 workers.
 -> (artifact id: '045588f53aaa3d8a7df6fbaf845b65d5') in 0.009713 seconds
Number of updated asset objects reloaded before import = 0
Number of asset objects unloaded after import = 112
========================================================================
Received Import Request.
  Time since last request: 0.000013 seconds.
  path: Assets/RoyalCod/SimpleCharacters/Models/Attachments/Eyebrow_1.fbx
  artifactKey: Guid(5712b288b5079e0469e3e59304773319) Importer(2089858483,0ecaa5967403d082aa24f35e1b516d23)
Start importing Assets/RoyalCod/SimpleCharacters/Models/Attachments/Eyebrow_1.fbx using Guid(5712b288b5079e0469e3e59304773319) Importer(2089858483,0ecaa5967403d082aa24f35e1b516d23) [PhysX] Initialized MultithreadedTaskDispatcher with 16 workers.
 -> (artifact id: 'b52a33b4702b656a23f52d5d64a98966') in 0.011852 seconds
Number of updated asset objects reloaded before import = 0
Number of asset objects unloaded after import = 8
========================================================================
Received Import Request.
  Time since last request: 0.000012 seconds.
  path: Assets/RoyalCod/SimpleCharacters/Prefabs/Characters/Character_Male_1.prefab
  artifactKey: Guid(b404be61a97237740821ffb3f801eb68) Importer(2089858483,0ecaa5967403d082aa24f35e1b516d23)
Start importing Assets/RoyalCod/SimpleCharacters/Prefabs/Characters/Character_Male_1.prefab using Guid(b404be61a97237740821ffb3f801eb68) Importer(2089858483,0ecaa5967403d082aa24f35e1b516d23) [PhysX] Initialized MultithreadedTaskDispatcher with 16 workers.
 -> (artifact id: 'e4e270a028f8e8da72f1e7ad205f1855') in 0.010585 seconds
Number of updated asset objects reloaded before import = 0
Number of asset objects unloaded after import = 107
========================================================================
Received Import Request.
  Time since last request: 0.000016 seconds.
  path: Assets/RoyalCod/SimpleCharacters/Models/Attachments/Beard_1.fbx
  artifactKey: Guid(bf7c6feddb20c0a4c8be3e3a1e76d85a) Importer(2089858483,0ecaa5967403d082aa24f35e1b516d23)
Start importing Assets/RoyalCod/SimpleCharacters/Models/Attachments/Beard_1.fbx using Guid(bf7c6feddb20c0a4c8be3e3a1e76d85a) Importer(2089858483,0ecaa5967403d082aa24f35e1b516d23) [PhysX] Initialized MultithreadedTaskDispatcher with 16 workers.
 -> (artifact id: 'e5f987bdb2d98d3a7b8dc3cd574d486e') in 0.011363 seconds
Number of updated asset objects reloaded before import = 0
Number of asset objects unloaded after import = 8
Editor requested this worker to shutdown with reason: Scaling down because of idle timeout
TcpMessagingSession - receive error
AssetImportWorkerClient::OnTransportError - code=2 error=End of file
AssetImportWorker is now disconnected from the server
Process exiting
Exiting without the bug reporter. Application will terminate with return code 0