Using pre-set license
Built from '2022.3/staging' branch; Version is '2022.3.50f1 (c3db7f8bf9b1) revision 12835711'; Using compiler version '192829333'; Build Type 'Release'
OS: 'Windows 11  (10.0.22631) 64bit Core' Language: 'en' Physical Memory: 31967 MB
BatchMode: 1, IsHumanControllingUs: 0, StartBugReporterOnCrash: 0, Is64bit: 1, IsPro: 1

COMMAND LINE ARGUMENTS:
C:\Program Files\Unity\Hub\Editor\2022.3.50f1\Editor\Unity.exe
-adb2
-batchMode
-noUpm
-name
AssetImportWorker8
-projectPath
C:/Users/User/OneDrive - Universiti Kuala Lumpur/Documents/GitHub/Class-3-A
-logFile
Logs/AssetImportWorker8.log
-srvPort
53164
Successfully changed project path to: C:/Users/User/OneDrive - Universiti Kuala Lumpur/Documents/GitHub/Class-3-A
C:/Users/User/OneDrive - Universiti Kuala Lumpur/Documents/GitHub/Class-3-A
[UnityMemory] Configuration Parameters - Can be set up in boot.config
    "memorysetup-bucket-allocator-granularity=16"
    "memorysetup-bucket-allocator-bucket-count=8"
    "memorysetup-bucket-allocator-block-size=33554432"
    "memorysetup-bucket-allocator-block-count=8"
    "memorysetup-main-allocator-block-size=16777216"
    "memorysetup-thread-allocator-block-size=16777216"
    "memorysetup-gfx-main-allocator-block-size=16777216"
    "memorysetup-gfx-thread-allocator-block-size=16777216"
    "memorysetup-cache-allocator-block-size=4194304"
    "memorysetup-typetree-allocator-block-size=2097152"
    "memorysetup-profiler-bucket-allocator-granularity=16"
    "memorysetup-profiler-bucket-allocator-bucket-count=8"
    "memorysetup-profiler-bucket-allocator-block-size=33554432"
    "memorysetup-profiler-bucket-allocator-block-count=8"
    "memorysetup-profiler-allocator-block-size=16777216"
    "memorysetup-profiler-editor-allocator-block-size=1048576"
    "memorysetup-temp-allocator-size-main=16777216"
    "memorysetup-job-temp-allocator-block-size=2097152"
    "memorysetup-job-temp-allocator-block-size-background=1048576"
    "memorysetup-job-temp-allocator-reduction-small-platforms=262144"
    "memorysetup-allocator-temp-initial-block-size-main=262144"
    "memorysetup-allocator-temp-initial-block-size-worker=262144"
    "memorysetup-temp-allocator-size-background-worker=32768"
    "memorysetup-temp-allocator-size-job-worker=262144"
    "memorysetup-temp-allocator-size-preload-manager=33554432"
    "memorysetup-temp-allocator-size-nav-mesh-worker=65536"
    "memorysetup-temp-allocator-size-audio-worker=65536"
    "memorysetup-temp-allocator-size-cloud-worker=32768"
    "memorysetup-temp-allocator-size-gi-baking-worker=262144"
    "memorysetup-temp-allocator-size-gfx=262144"
Player connection [25220]  Target information:

Player connection [25220]  * "[IP] 192.168.0.110 [Port] 0 [Flags] 2 [Guid] 2827397958 [EditorId] 2827397958 [Version] 1048832 [Id] WindowsEditor(7,DESKTOP-LIPBEPM) [Debug] 1 [PackageName] WindowsEditor [ProjectName] Editor" 

Player connection [25220] Host joined multi-casting on [225.0.0.222:54997]...
Player connection [25220] Host joined alternative multi-casting on [225.0.0.222:34997]...
[PhysX] Initialized MultithreadedTaskDispatcher with 16 workers.
Refreshing native plugins compatible for Editor in 5.02 ms, found 3 plugins.
Preloading 0 native plugins for Editor in 0.00 ms.
Initialize engine version: 2022.3.50f1 (c3db7f8bf9b1)
[Subsystems] Discovering subsystems at path C:/Program Files/Unity/Hub/Editor/2022.3.50f1/Editor/Data/Resources/UnitySubsystems
[Subsystems] Discovering subsystems at path C:/Users/User/OneDrive - Universiti Kuala Lumpur/Documents/GitHub/Class-3-A/Assets
GfxDevice: creating device client; threaded=0; jobified=0
Direct3D:
    Version:  Direct3D 11.0 [level 11.1]
    Renderer: AMD Radeon RX 7800 XT (ID=0x747e)
    Vendor:   ATI
    VRAM:     16158 MB
    Driver:   32.0.12033.1030
Initialize mono
Mono path[0] = 'C:/Program Files/Unity/Hub/Editor/2022.3.50f1/Editor/Data/Managed'
Mono path[1] = 'C:/Program Files/Unity/Hub/Editor/2022.3.50f1/Editor/Data/MonoBleedingEdge/lib/mono/unityjit-win32'
Mono config path = 'C:/Program Files/Unity/Hub/Editor/2022.3.50f1/Editor/Data/MonoBleedingEdge/etc'
Using monoOptions --debugger-agent=transport=dt_socket,embedding=1,server=y,suspend=n,address=127.0.0.1:56488
Begin MonoManager ReloadAssembly
Registering precompiled unity dll's ...
Register platform support module: C:/Program Files/Unity/Hub/Editor/2022.3.50f1/Editor/Data/PlaybackEngines/WindowsStandaloneSupport/UnityEditor.WindowsStandalone.Extensions.dll
Registered in 0.004272 seconds.
- Loaded All Assemblies, in  0.186 seconds
Native extension for WindowsStandalone target not found
Mono: successfully reloaded assembly
- Finished resetting the current domain, in  0.149 seconds
Domain Reload Profiling: 334ms
	BeginReloadAssembly (59ms)
		ExecutionOrderSort (0ms)
		DisableScriptedObjects (0ms)
		BackupInstance (0ms)
		ReleaseScriptingObjects (0ms)
		CreateAndSetChildDomain (0ms)
	RebuildCommonClasses (18ms)
	RebuildNativeTypeToScriptingClass (6ms)
	initialDomainReloadingComplete (33ms)
	LoadAllAssembliesAndSetupDomain (69ms)
		LoadAssemblies (57ms)
		RebuildTransferFunctionScriptingTraits (0ms)
		AnalyzeDomain (68ms)
			TypeCache.Refresh (68ms)
				TypeCache.ScanAssembly (61ms)
			ScanForSourceGeneratedMonoScriptInfo (0ms)
			ResolveRequiredComponents (0ms)
	FinalizeReload (149ms)
		ReleaseScriptCaches (0ms)
		RebuildScriptCaches (0ms)
		SetupLoadedEditorAssemblies (124ms)
			LogAssemblyErrors (0ms)
			InitializePlatformSupportModulesInManaged (5ms)
			SetLoadedEditorAssemblies (5ms)
			RefreshPlugins (0ms)
			BeforeProcessingInitializeOnLoad (1ms)
			ProcessInitializeOnLoadAttributes (83ms)
			ProcessInitializeOnLoadMethodAttributes (30ms)
			AfterProcessingInitializeOnLoad (0ms)
			EditorAssembliesLoaded (0ms)
		ExecutionOrderSort2 (0ms)
		AwakeInstancesAfterBackupRestoration (0ms)
========================================================================
Worker process is ready to serve import requests
Caller must complete domain reload
Begin MonoManager ReloadAssembly
- Loaded All Assemblies, in  0.364 seconds
Native extension for WindowsStandalone target not found
Mono: successfully reloaded assembly
- Finished resetting the current domain, in  0.360 seconds
Domain Reload Profiling: 722ms
	BeginReloadAssembly (84ms)
		ExecutionOrderSort (0ms)
		DisableScriptedObjects (3ms)
		BackupInstance (0ms)
		ReleaseScriptingObjects (0ms)
		CreateAndSetChildDomain (15ms)
	RebuildCommonClasses (17ms)
	RebuildNativeTypeToScriptingClass (6ms)
	initialDomainReloadingComplete (23ms)
	LoadAllAssembliesAndSetupDomain (232ms)
		LoadAssemblies (168ms)
		RebuildTransferFunctionScriptingTraits (0ms)
		AnalyzeDomain (111ms)
			TypeCache.Refresh (96ms)
				TypeCache.ScanAssembly (85ms)
			ScanForSourceGeneratedMonoScriptInfo (12ms)
			ResolveRequiredComponents (3ms)
	FinalizeReload (360ms)
		ReleaseScriptCaches (0ms)
		RebuildScriptCaches (0ms)
		SetupLoadedEditorAssemblies (286ms)
			LogAssemblyErrors (0ms)
			InitializePlatformSupportModulesInManaged (3ms)
			SetLoadedEditorAssemblies (2ms)
			RefreshPlugins (0ms)
			BeforeProcessingInitializeOnLoad (38ms)
			ProcessInitializeOnLoadAttributes (204ms)
			ProcessInitializeOnLoadMethodAttributes (36ms)
			AfterProcessingInitializeOnLoad (4ms)
			EditorAssembliesLoaded (0ms)
		ExecutionOrderSort2 (0ms)
		AwakeInstancesAfterBackupRestoration (3ms)
Launched and connected shader compiler UnityShaderCompiler.exe after 0.03 seconds
Refreshing native plugins compatible for Editor in 2.01 ms, found 3 plugins.
Preloading 0 native plugins for Editor in 0.00 ms.
Unloading 4220 Unused Serialized files (Serialized files now loaded: 0)
Unloading 21 unused Assets / (343.3 KB). Loaded Objects now: 4686.
Memory consumption went from 150.5 MB to 150.2 MB.
Total: 2.093200 ms (FindLiveObjects: 0.206300 ms CreateObjectMapping: 0.068100 ms MarkObjects: 1.714600 ms  DeleteObjects: 0.103500 ms)

AssetImportParameters requested are different than current active one (requested -> active):
  custom:container-demuxer-ogg: 62fdf1f143b41e24485cea50d1cbac27 -> 
  custom:scripting/monoscript/fileName/NoTrash.cs: 0345056ab87563185b62f19aa4a19ae1 -> 7a4581080cacdf363f3f7b41a1a297b0
  custom:video-codec-MediaFoundation-h265: 746d11721c4dcdbdad8f713fa42b33f4 -> 
  custom:video-decoder-ogg-theora: a1e56fd34408186e4bbccfd4996cb3dc -> 
  custom:framework-win-MediaFoundation: 216162199b28c13a410421893ffa2e32 -> 
  custom:scripting/monoscript/fileName/NPCInteractable.cs: 5eab74a401521f20b77c6f13559f026b -> 63366b24516f0659a22818f5f2436fa2
  custom:scripting/monoscript/fileName/NewBehaviourScript.cs: b21687ddb03d73bd9f0c1daecb9714de -> 
  custom:scripting/monoscript/fileName/PlayerInteract.cs: d055edb0e287b2a945ede08b7b198efb -> 73ffd8c360dbab24565d6c0e90133a24
  custom:CustomObjectIndexerAttribute: 9a22284fe3817be447336de3de66b15e -> 
  custom:container-demuxer-webm: 4f35f7cbe854078d1ac9338744f61a02 -> 
  custom:container-muxer-webm: aa71ff27fc2769a1b78a27578f13a17b -> 
  custom:video-decoder-webm-vp8: 9c59270c3fd7afecdb556c50c9e8de78 -> 
  custom:SearchIndexIgnoredProperties: e643bd26f0fe6173181afceb89e7c659 -> 
  custom:AudioImporter_EditorPlatform: d09bf68614088b80899f8185d706f6e7 -> 
  custom:scripting/monoscript/fileName/dialogue1.cs: 68aa61eee3f9486865bb582d0be8d718 -> 0bd9cbce87c2b48afba3a1544db0d376
  custom:video-encoder-webm-vp8: eb34c28f22e8b96e1ab97ce403110664 -> 
  custom:scripting/monoscript/fileName/PickUpScript.cs: 668fe0d2e07cc30171c8a2eba7255a77 -> 2d7e3b43aca3463347624789ae38f438
  custom:audio-decoder-ogg-vorbis: bf7c407c2cedff20999df2af8eb42d56 -> 
  custom:audio-encoder-webm-vorbis: bf7c407c2cedff20999df2af8eb42d56 -> 
  custom:scripting/monoscript/fileName/CoconutThrow.cs: 09bd45274f872dda8fef563948973cd3 -> e5e2d33e36a2a75e78433c668aaf27fa
========================================================================
Received Import Request.
  Time since last request: 52568.722781 seconds.
  path: Assets/SCRIPT/DestroyFire.cs
  artifactKey: Guid(d4ab3e078a6714a40839bb1a36e9c1d1) Importer(815301076,1909f56bfc062723c751e8b465ee728b)
Start importing Assets/SCRIPT/DestroyFire.cs using Guid(d4ab3e078a6714a40839bb1a36e9c1d1) Importer(815301076,1909f56bfc062723c751e8b465ee728b) [PhysX] Initialized MultithreadedTaskDispatcher with 16 workers.
 -> (artifact id: '1ac7c8b99e7fc2577b3cede0cc1ee8b0') in 0.001759 seconds
Number of updated asset objects reloaded before import = 0
Number of asset objects unloaded after import = 0
========================================================================
Received Prepare
Caller must complete domain reload
Begin MonoManager ReloadAssembly
- Loaded All Assemblies, in  0.268 seconds
Native extension for WindowsStandalone target not found
Mono: successfully reloaded assembly
- Finished resetting the current domain, in  0.709 seconds
Domain Reload Profiling: 976ms
	BeginReloadAssembly (96ms)
		ExecutionOrderSort (0ms)
		DisableScriptedObjects (2ms)
		BackupInstance (0ms)
		ReleaseScriptingObjects (0ms)
		CreateAndSetChildDomain (25ms)
	RebuildCommonClasses (18ms)
	RebuildNativeTypeToScriptingClass (6ms)
	initialDomainReloadingComplete (17ms)
	LoadAllAssembliesAndSetupDomain (130ms)
		LoadAssemblies (156ms)
		RebuildTransferFunctionScriptingTraits (0ms)
		AnalyzeDomain (20ms)
			TypeCache.Refresh (6ms)
				TypeCache.ScanAssembly (0ms)
			ScanForSourceGeneratedMonoScriptInfo (9ms)
			ResolveRequiredComponents (3ms)
	FinalizeReload (709ms)
		ReleaseScriptCaches (0ms)
		RebuildScriptCaches (0ms)
		SetupLoadedEditorAssemblies (305ms)
			LogAssemblyErrors (0ms)
			InitializePlatformSupportModulesInManaged (3ms)
			SetLoadedEditorAssemblies (2ms)
			RefreshPlugins (0ms)
			BeforeProcessingInitializeOnLoad (42ms)
			ProcessInitializeOnLoadAttributes (194ms)
			ProcessInitializeOnLoadMethodAttributes (47ms)
			AfterProcessingInitializeOnLoad (16ms)
			EditorAssembliesLoaded (0ms)
		ExecutionOrderSort2 (0ms)
		AwakeInstancesAfterBackupRestoration (5ms)
Refreshing native plugins compatible for Editor in 2.01 ms, found 3 plugins.
Preloading 0 native plugins for Editor in 0.00 ms.
Unloading 4190 Unused Serialized files (Serialized files now loaded: 0)
Unloading 16 unused Assets / (314.8 KB). Loaded Objects now: 4690.
Memory consumption went from 143.7 MB to 143.4 MB.
Total: 1.894900 ms (FindLiveObjects: 0.222600 ms CreateObjectMapping: 0.057400 ms MarkObjects: 1.550200 ms  DeleteObjects: 0.064100 ms)

Prepare: number of updated asset objects reloaded= 0
AssetImportParameters requested are different than current active one (requested -> active):
  custom:container-demuxer-ogg: 62fdf1f143b41e24485cea50d1cbac27 -> 
  custom:scripting/monoscript/fileName/NoTrash.cs: 0345056ab87563185b62f19aa4a19ae1 -> 7a4581080cacdf363f3f7b41a1a297b0
  custom:video-codec-MediaFoundation-h265: 746d11721c4dcdbdad8f713fa42b33f4 -> 
  custom:video-decoder-ogg-theora: a1e56fd34408186e4bbccfd4996cb3dc -> 
  custom:framework-win-MediaFoundation: 216162199b28c13a410421893ffa2e32 -> 
  custom:scripting/monoscript/fileName/NPCInteractable.cs: 5eab74a401521f20b77c6f13559f026b -> 63366b24516f0659a22818f5f2436fa2
  custom:scripting/monoscript/fileName/NewBehaviourScript.cs: b21687ddb03d73bd9f0c1daecb9714de -> 
  custom:scripting/monoscript/fileName/PlayerInteract.cs: d055edb0e287b2a945ede08b7b198efb -> 73ffd8c360dbab24565d6c0e90133a24
  custom:scripting/monoscript/fileName/DestroyFire.cs: 3aa6c35b4275c4c07ab16ba4b6584b25 -> 
  custom:CustomObjectIndexerAttribute: 9a22284fe3817be447336de3de66b15e -> 
  custom:container-demuxer-webm: 4f35f7cbe854078d1ac9338744f61a02 -> 
  custom:container-muxer-webm: aa71ff27fc2769a1b78a27578f13a17b -> 
  custom:video-decoder-webm-vp8: 9c59270c3fd7afecdb556c50c9e8de78 -> 
  custom:SearchIndexIgnoredProperties: e643bd26f0fe6173181afceb89e7c659 -> 
  custom:AudioImporter_EditorPlatform: d09bf68614088b80899f8185d706f6e7 -> 
  custom:scripting/monoscript/fileName/dialogue1.cs: 68aa61eee3f9486865bb582d0be8d718 -> 0bd9cbce87c2b48afba3a1544db0d376
  custom:video-encoder-webm-vp8: eb34c28f22e8b96e1ab97ce403110664 -> 
  custom:scripting/monoscript/fileName/PickUpScript.cs: 668fe0d2e07cc30171c8a2eba7255a77 -> 2d7e3b43aca3463347624789ae38f438
  custom:audio-decoder-ogg-vorbis: bf7c407c2cedff20999df2af8eb42d56 -> 
  custom:audio-encoder-webm-vorbis: bf7c407c2cedff20999df2af8eb42d56 -> 
  custom:scripting/precompiled-assembly-types:Assembly-CSharp: 0954b4345241cff0c839e7453b7909a3 -> 7619c7cb552af89f3f24abb76df5f9e9
  custom:scripting/monoscript/fileName/CoconutThrow.cs: 09bd45274f872dda8fef563948973cd3 -> e5e2d33e36a2a75e78433c668aaf27fa
========================================================================
Received Import Request.
  Time since last request: 28.442886 seconds.
  path: Assets/Soda Can Green Crushed.prefab
  artifactKey: Guid(78fd74888df8cfa498a9e5d5bc91c3ba) Importer(815301076,1909f56bfc062723c751e8b465ee728b)
Start importing Assets/Soda Can Green Crushed.prefab using Guid(78fd74888df8cfa498a9e5d5bc91c3ba) Importer(815301076,1909f56bfc062723c751e8b465ee728b) [PhysX] Initialized MultithreadedTaskDispatcher with 16 workers.
 -> (artifact id: 'e186805ee7cb0510fd87615baca2be1a') in 0.001142 seconds
Number of updated asset objects reloaded before import = 0
Number of asset objects unloaded after import = 0
========================================================================
Received Import Request.
  Time since last request: 12.175057 seconds.
  path: Assets/Soda Can Green Crushed.prefab
  artifactKey: Guid(78fd74888df8cfa498a9e5d5bc91c3ba) Importer(815301076,1909f56bfc062723c751e8b465ee728b)
Start importing Assets/Soda Can Green Crushed.prefab using Guid(78fd74888df8cfa498a9e5d5bc91c3ba) Importer(815301076,1909f56bfc062723c751e8b465ee728b) [PhysX] Initialized MultithreadedTaskDispatcher with 16 workers.
 -> (artifact id: '2edab0e9093a9a7396794f6fcb2c3801') in 0.000334 seconds
Number of updated asset objects reloaded before import = 0
Number of asset objects unloaded after import = 0
========================================================================
Received Import Request.
  Time since last request: 0.000505 seconds.
  path: ProjectSettings/TagManager.asset
  artifactKey: Guid(00000000000000003000000000000000) Importer(815301076,1909f56bfc062723c751e8b465ee728b)
Start importing ProjectSettings/TagManager.asset using Guid(00000000000000003000000000000000) Importer(815301076,1909f56bfc062723c751e8b465ee728b) [PhysX] Initialized MultithreadedTaskDispatcher with 16 workers.
 -> (artifact id: '25ca77cef101a2eb48c54fc267dc0cb9') in 0.005893 seconds
Number of updated asset objects reloaded before import = 0
Number of asset objects unloaded after import = 0
========================================================================
Received Import Request.
  Time since last request: 19.892334 seconds.
  path: Assets/Soda Can Green Crushed.prefab
  artifactKey: Guid(78fd74888df8cfa498a9e5d5bc91c3ba) Importer(815301076,1909f56bfc062723c751e8b465ee728b)
Start importing Assets/Soda Can Green Crushed.prefab using Guid(78fd74888df8cfa498a9e5d5bc91c3ba) Importer(815301076,1909f56bfc062723c751e8b465ee728b) [PhysX] Initialized MultithreadedTaskDispatcher with 16 workers.
 -> (artifact id: '7fc93c4750854d74f5b856dc974d6d66') in 0.000331 seconds
Number of updated asset objects reloaded before import = 0
Number of asset objects unloaded after import = 0
========================================================================
Received Prepare
Caller must complete domain reload
Begin MonoManager ReloadAssembly
- Loaded All Assemblies, in  0.305 seconds
Native extension for WindowsStandalone target not found
Mono: successfully reloaded assembly
- Finished resetting the current domain, in  0.749 seconds
Domain Reload Profiling: 1051ms
	BeginReloadAssembly (109ms)
		ExecutionOrderSort (0ms)
		DisableScriptedObjects (3ms)
		BackupInstance (0ms)
		ReleaseScriptingObjects (0ms)
		CreateAndSetChildDomain (26ms)
	RebuildCommonClasses (18ms)
	RebuildNativeTypeToScriptingClass (6ms)
	initialDomainReloadingComplete (19ms)
	LoadAllAssembliesAndSetupDomain (150ms)
		LoadAssemblies (187ms)
		RebuildTransferFunctionScriptingTraits (0ms)
		AnalyzeDomain (16ms)
			TypeCache.Refresh (5ms)
				TypeCache.ScanAssembly (0ms)
			ScanForSourceGeneratedMonoScriptInfo (7ms)
			ResolveRequiredComponents (3ms)
	FinalizeReload (749ms)
		ReleaseScriptCaches (0ms)
		RebuildScriptCaches (0ms)
		SetupLoadedEditorAssemblies (277ms)
			LogAssemblyErrors (0ms)
			InitializePlatformSupportModulesInManaged (4ms)
			SetLoadedEditorAssemblies (3ms)
			RefreshPlugins (0ms)
			BeforeProcessingInitializeOnLoad (41ms)
			ProcessInitializeOnLoadAttributes (192ms)
			ProcessInitializeOnLoadMethodAttributes (34ms)
			AfterProcessingInitializeOnLoad (4ms)
			EditorAssembliesLoaded (0ms)
		ExecutionOrderSort2 (0ms)
		AwakeInstancesAfterBackupRestoration (3ms)
Refreshing native plugins compatible for Editor in 3.01 ms, found 3 plugins.
Preloading 0 native plugins for Editor in 0.00 ms.
Unloading 4190 Unused Serialized files (Serialized files now loaded: 0)
Unloading 16 unused Assets / (314.8 KB). Loaded Objects now: 4694.
Memory consumption went from 143.7 MB to 143.4 MB.
Total: 2.604800 ms (FindLiveObjects: 0.343600 ms CreateObjectMapping: 0.089200 ms MarkObjects: 2.084800 ms  DeleteObjects: 0.086200 ms)

Prepare: number of updated asset objects reloaded= 0
AssetImportParameters requested are different than current active one (requested -> active):
  custom:container-demuxer-ogg: 62fdf1f143b41e24485cea50d1cbac27 -> 
  custom:scripting/monoscript/fileName/NoTrash.cs: 0345056ab87563185b62f19aa4a19ae1 -> 7a4581080cacdf363f3f7b41a1a297b0
  custom:video-codec-MediaFoundation-h265: 746d11721c4dcdbdad8f713fa42b33f4 -> 
  custom:video-decoder-ogg-theora: a1e56fd34408186e4bbccfd4996cb3dc -> 
  custom:framework-win-MediaFoundation: 216162199b28c13a410421893ffa2e32 -> 
  custom:scripting/monoscript/fileName/NPCInteractable.cs: 5eab74a401521f20b77c6f13559f026b -> 63366b24516f0659a22818f5f2436fa2
  custom:scripting/monoscript/fileName/NewBehaviourScript.cs: b21687ddb03d73bd9f0c1daecb9714de -> 
  custom:scripting/monoscript/fileName/PlayerInteract.cs: d055edb0e287b2a945ede08b7b198efb -> 73ffd8c360dbab24565d6c0e90133a24
  custom:scripting/monoscript/fileName/DestroyFire.cs: 3aa6c35b4275c4c07ab16ba4b6584b25 -> 
  custom:CustomObjectIndexerAttribute: 9a22284fe3817be447336de3de66b15e -> 
  custom:container-demuxer-webm: 4f35f7cbe854078d1ac9338744f61a02 -> 
  custom:container-muxer-webm: aa71ff27fc2769a1b78a27578f13a17b -> 
  custom:video-decoder-webm-vp8: 9c59270c3fd7afecdb556c50c9e8de78 -> 
  custom:SearchIndexIgnoredProperties: e643bd26f0fe6173181afceb89e7c659 -> 
  custom:AudioImporter_EditorPlatform: d09bf68614088b80899f8185d706f6e7 -> 
  custom:scripting/monoscript/fileName/dialogue1.cs: 68aa61eee3f9486865bb582d0be8d718 -> 0bd9cbce87c2b48afba3a1544db0d376
  custom:video-encoder-webm-vp8: eb34c28f22e8b96e1ab97ce403110664 -> 
  custom:scripting/monoscript/fileName/PickUpScript.cs: 668fe0d2e07cc30171c8a2eba7255a77 -> 2d7e3b43aca3463347624789ae38f438
  custom:audio-decoder-ogg-vorbis: bf7c407c2cedff20999df2af8eb42d56 -> 
  custom:audio-encoder-webm-vorbis: bf7c407c2cedff20999df2af8eb42d56 -> 
  custom:scripting/precompiled-assembly-types:Assembly-CSharp: 0954b4345241cff0c839e7453b7909a3 -> 7619c7cb552af89f3f24abb76df5f9e9
  custom:scripting/monoscript/fileName/CoconutThrow.cs: 09bd45274f872dda8fef563948973cd3 -> e5e2d33e36a2a75e78433c668aaf27fa
========================================================================
Received Import Request.
  Time since last request: 14.238351 seconds.
  path: Assets/Soda Can Green Crushed.prefab
  artifactKey: Guid(78fd74888df8cfa498a9e5d5bc91c3ba) Importer(815301076,1909f56bfc062723c751e8b465ee728b)
Start importing Assets/Soda Can Green Crushed.prefab using Guid(78fd74888df8cfa498a9e5d5bc91c3ba) Importer(815301076,1909f56bfc062723c751e8b465ee728b) [PhysX] Initialized MultithreadedTaskDispatcher with 16 workers.
 -> (artifact id: '7fc93c4750854d74f5b856dc974d6d66') in 0.001359 seconds
Number of updated asset objects reloaded before import = 0
Number of asset objects unloaded after import = 0
========================================================================
Received Import Request.
  Time since last request: 60.507913 seconds.
  path: Assets/SCRIPT/DestroyFire.cs
  artifactKey: Guid(d4ab3e078a6714a40839bb1a36e9c1d1) Importer(815301076,1909f56bfc062723c751e8b465ee728b)
Start importing Assets/SCRIPT/DestroyFire.cs using Guid(d4ab3e078a6714a40839bb1a36e9c1d1) Importer(815301076,1909f56bfc062723c751e8b465ee728b) [PhysX] Initialized MultithreadedTaskDispatcher with 16 workers.
 -> (artifact id: '1eac19895a921c7ff8d333dfb7c02adf') in 0.000451 seconds
Number of updated asset objects reloaded before import = 0
Number of asset objects unloaded after import = 0
========================================================================
Received Prepare
Caller must complete domain reload
Begin MonoManager ReloadAssembly
- Loaded All Assemblies, in  0.294 seconds
Native extension for WindowsStandalone target not found
Mono: successfully reloaded assembly
- Finished resetting the current domain, in  0.763 seconds
Domain Reload Profiling: 1055ms
	BeginReloadAssembly (92ms)
		ExecutionOrderSort (0ms)
		DisableScriptedObjects (2ms)
		BackupInstance (0ms)
		ReleaseScriptingObjects (0ms)
		CreateAndSetChildDomain (21ms)
	RebuildCommonClasses (24ms)
	RebuildNativeTypeToScriptingClass (6ms)
	initialDomainReloadingComplete (17ms)
	LoadAllAssembliesAndSetupDomain (154ms)
		LoadAssemblies (181ms)
		RebuildTransferFunctionScriptingTraits (0ms)
		AnalyzeDomain (19ms)
			TypeCache.Refresh (6ms)
				TypeCache.ScanAssembly (0ms)
			ScanForSourceGeneratedMonoScriptInfo (8ms)
			ResolveRequiredComponents (3ms)
	FinalizeReload (763ms)
		ReleaseScriptCaches (0ms)
		RebuildScriptCaches (0ms)
		SetupLoadedEditorAssemblies (278ms)
			LogAssemblyErrors (0ms)
			InitializePlatformSupportModulesInManaged (4ms)
			SetLoadedEditorAssemblies (2ms)
			RefreshPlugins (0ms)
			BeforeProcessingInitializeOnLoad (46ms)
			ProcessInitializeOnLoadAttributes (187ms)
			ProcessInitializeOnLoadMethodAttributes (33ms)
			AfterProcessingInitializeOnLoad (5ms)
			EditorAssembliesLoaded (0ms)
		ExecutionOrderSort2 (0ms)
		AwakeInstancesAfterBackupRestoration (5ms)
Refreshing native plugins compatible for Editor in 2.74 ms, found 3 plugins.
Preloading 0 native plugins for Editor in 0.00 ms.
Unloading 4190 Unused Serialized files (Serialized files now loaded: 0)
Unloading 16 unused Assets / (314.8 KB). Loaded Objects now: 4697.
Memory consumption went from 143.7 MB to 143.4 MB.
Total: 2.693100 ms (FindLiveObjects: 0.319100 ms CreateObjectMapping: 0.088500 ms MarkObjects: 2.194400 ms  DeleteObjects: 0.090500 ms)

Prepare: number of updated asset objects reloaded= 0
AssetImportParameters requested are different than current active one (requested -> active):
  custom:container-demuxer-ogg: 62fdf1f143b41e24485cea50d1cbac27 -> 
  custom:scripting/monoscript/fileName/NoTrash.cs: 0345056ab87563185b62f19aa4a19ae1 -> 7a4581080cacdf363f3f7b41a1a297b0
  custom:video-codec-MediaFoundation-h265: 746d11721c4dcdbdad8f713fa42b33f4 -> 
  custom:video-decoder-ogg-theora: a1e56fd34408186e4bbccfd4996cb3dc -> 
  custom:framework-win-MediaFoundation: 216162199b28c13a410421893ffa2e32 -> 
  custom:scripting/monoscript/fileName/NPCInteractable.cs: 5eab74a401521f20b77c6f13559f026b -> 63366b24516f0659a22818f5f2436fa2
  custom:scripting/monoscript/fileName/NewBehaviourScript.cs: b21687ddb03d73bd9f0c1daecb9714de -> 
  custom:scripting/monoscript/fileName/PlayerInteract.cs: d055edb0e287b2a945ede08b7b198efb -> 73ffd8c360dbab24565d6c0e90133a24
  custom:scripting/monoscript/fileName/DestroyFire.cs: 3aa6c35b4275c4c07ab16ba4b6584b25 -> 
  custom:CustomObjectIndexerAttribute: 9a22284fe3817be447336de3de66b15e -> 
  custom:container-demuxer-webm: 4f35f7cbe854078d1ac9338744f61a02 -> 
  custom:container-muxer-webm: aa71ff27fc2769a1b78a27578f13a17b -> 
  custom:video-decoder-webm-vp8: 9c59270c3fd7afecdb556c50c9e8de78 -> 
  custom:SearchIndexIgnoredProperties: e643bd26f0fe6173181afceb89e7c659 -> 
  custom:AudioImporter_EditorPlatform: d09bf68614088b80899f8185d706f6e7 -> 
  custom:scripting/monoscript/fileName/dialogue1.cs: 68aa61eee3f9486865bb582d0be8d718 -> 0bd9cbce87c2b48afba3a1544db0d376
  custom:video-encoder-webm-vp8: eb34c28f22e8b96e1ab97ce403110664 -> 
  custom:scripting/monoscript/fileName/PickUpScript.cs: 668fe0d2e07cc30171c8a2eba7255a77 -> 2d7e3b43aca3463347624789ae38f438
  custom:audio-decoder-ogg-vorbis: bf7c407c2cedff20999df2af8eb42d56 -> 
  custom:audio-encoder-webm-vorbis: bf7c407c2cedff20999df2af8eb42d56 -> 
  custom:scripting/precompiled-assembly-types:Assembly-CSharp: 0954b4345241cff0c839e7453b7909a3 -> 7619c7cb552af89f3f24abb76df5f9e9
  custom:scripting/monoscript/fileName/CoconutThrow.cs: 09bd45274f872dda8fef563948973cd3 -> e5e2d33e36a2a75e78433c668aaf27fa
========================================================================
Received Import Request.
  Time since last request: 15.280893 seconds.
  path: Assets/SCRIPT/DestroyFire.cs
  artifactKey: Guid(d4ab3e078a6714a40839bb1a36e9c1d1) Importer(815301076,1909f56bfc062723c751e8b465ee728b)
Start importing Assets/SCRIPT/DestroyFire.cs using Guid(d4ab3e078a6714a40839bb1a36e9c1d1) Importer(815301076,1909f56bfc062723c751e8b465ee728b) [PhysX] Initialized MultithreadedTaskDispatcher with 16 workers.
 -> (artifact id: '49dd4b1163b5ca154959ed558e4a984f') in 0.001392 seconds
Number of updated asset objects reloaded before import = 0
Number of asset objects unloaded after import = 0
========================================================================
Received Import Request.
  Time since last request: 2.724498 seconds.
  path: Assets/Soda Can Green Crushed.prefab
  artifactKey: Guid(78fd74888df8cfa498a9e5d5bc91c3ba) Importer(815301076,1909f56bfc062723c751e8b465ee728b)
Start importing Assets/Soda Can Green Crushed.prefab using Guid(78fd74888df8cfa498a9e5d5bc91c3ba) Importer(815301076,1909f56bfc062723c751e8b465ee728b) [PhysX] Initialized MultithreadedTaskDispatcher with 16 workers.
 -> (artifact id: '7fc93c4750854d74f5b856dc974d6d66') in 0.000380 seconds
Number of updated asset objects reloaded before import = 0
Number of asset objects unloaded after import = 0
========================================================================
Received Import Request.
  Time since last request: 18.481246 seconds.
  path: Assets/Soda Can Green Crushed.prefab
  artifactKey: Guid(78fd74888df8cfa498a9e5d5bc91c3ba) Importer(815301076,1909f56bfc062723c751e8b465ee728b)
Start importing Assets/Soda Can Green Crushed.prefab using Guid(78fd74888df8cfa498a9e5d5bc91c3ba) Importer(815301076,1909f56bfc062723c751e8b465ee728b) [PhysX] Initialized MultithreadedTaskDispatcher with 16 workers.
 -> (artifact id: 'fb7b9f81143e172000ced44e1e09c918') in 0.000366 seconds
Number of updated asset objects reloaded before import = 0
Number of asset objects unloaded after import = 0
========================================================================
Received Prepare
Caller must complete domain reload
Begin MonoManager ReloadAssembly
- Loaded All Assemblies, in  0.273 seconds
Native extension for WindowsStandalone target not found
Mono: successfully reloaded assembly
- Finished resetting the current domain, in  0.689 seconds
Domain Reload Profiling: 961ms
	BeginReloadAssembly (90ms)
		ExecutionOrderSort (0ms)
		DisableScriptedObjects (2ms)
		BackupInstance (0ms)
		ReleaseScriptingObjects (0ms)
		CreateAndSetChildDomain (20ms)
	RebuildCommonClasses (17ms)
	RebuildNativeTypeToScriptingClass (6ms)
	initialDomainReloadingComplete (16ms)
	LoadAllAssembliesAndSetupDomain (141ms)
		LoadAssemblies (178ms)
		RebuildTransferFunctionScriptingTraits (0ms)
		AnalyzeDomain (8ms)
			TypeCache.Refresh (3ms)
				TypeCache.ScanAssembly (0ms)
			ScanForSourceGeneratedMonoScriptInfo (0ms)
			ResolveRequiredComponents (4ms)
	FinalizeReload (690ms)
		ReleaseScriptCaches (0ms)
		RebuildScriptCaches (0ms)
		SetupLoadedEditorAssemblies (275ms)
			LogAssemblyErrors (0ms)
			InitializePlatformSupportModulesInManaged (4ms)
			SetLoadedEditorAssemblies (2ms)
			RefreshPlugins (0ms)
			BeforeProcessingInitializeOnLoad (41ms)
			ProcessInitializeOnLoadAttributes (190ms)
			ProcessInitializeOnLoadMethodAttributes (34ms)
			AfterProcessingInitializeOnLoad (5ms)
			EditorAssembliesLoaded (0ms)
		ExecutionOrderSort2 (0ms)
		AwakeInstancesAfterBackupRestoration (4ms)
Refreshing native plugins compatible for Editor in 2.21 ms, found 3 plugins.
Preloading 0 native plugins for Editor in 0.00 ms.
Unloading 4190 Unused Serialized files (Serialized files now loaded: 0)
Unloading 16 unused Assets / (314.7 KB). Loaded Objects now: 4700.
Memory consumption went from 143.7 MB to 143.4 MB.
Total: 2.172300 ms (FindLiveObjects: 0.225100 ms CreateObjectMapping: 0.068700 ms MarkObjects: 1.799000 ms  DeleteObjects: 0.078900 ms)

Prepare: number of updated asset objects reloaded= 0
AssetImportParameters requested are different than current active one (requested -> active):
  custom:container-demuxer-ogg: 62fdf1f143b41e24485cea50d1cbac27 -> 
  custom:scripting/monoscript/fileName/NoTrash.cs: 0345056ab87563185b62f19aa4a19ae1 -> 7a4581080cacdf363f3f7b41a1a297b0
  custom:video-codec-MediaFoundation-h265: 746d11721c4dcdbdad8f713fa42b33f4 -> 
  custom:video-decoder-ogg-theora: a1e56fd34408186e4bbccfd4996cb3dc -> 
  custom:framework-win-MediaFoundation: 216162199b28c13a410421893ffa2e32 -> 
  custom:scripting/monoscript/fileName/NPCInteractable.cs: 5eab74a401521f20b77c6f13559f026b -> 63366b24516f0659a22818f5f2436fa2
  custom:scripting/monoscript/fileName/NewBehaviourScript.cs: b21687ddb03d73bd9f0c1daecb9714de -> 
  custom:scripting/monoscript/fileName/PlayerInteract.cs: d055edb0e287b2a945ede08b7b198efb -> 73ffd8c360dbab24565d6c0e90133a24
  custom:scripting/monoscript/fileName/DestroyFire.cs: 3aa6c35b4275c4c07ab16ba4b6584b25 -> 
  custom:CustomObjectIndexerAttribute: 9a22284fe3817be447336de3de66b15e -> 
  custom:container-demuxer-webm: 4f35f7cbe854078d1ac9338744f61a02 -> 
  custom:container-muxer-webm: aa71ff27fc2769a1b78a27578f13a17b -> 
  custom:video-decoder-webm-vp8: 9c59270c3fd7afecdb556c50c9e8de78 -> 
  custom:SearchIndexIgnoredProperties: e643bd26f0fe6173181afceb89e7c659 -> 
  custom:AudioImporter_EditorPlatform: d09bf68614088b80899f8185d706f6e7 -> 
  custom:scripting/monoscript/fileName/dialogue1.cs: 68aa61eee3f9486865bb582d0be8d718 -> 0bd9cbce87c2b48afba3a1544db0d376
  custom:video-encoder-webm-vp8: eb34c28f22e8b96e1ab97ce403110664 -> 
  custom:scripting/monoscript/fileName/PickUpScript.cs: 668fe0d2e07cc30171c8a2eba7255a77 -> 2d7e3b43aca3463347624789ae38f438
  custom:audio-decoder-ogg-vorbis: bf7c407c2cedff20999df2af8eb42d56 -> 
  custom:audio-encoder-webm-vorbis: bf7c407c2cedff20999df2af8eb42d56 -> 
  custom:scripting/precompiled-assembly-types:Assembly-CSharp: 0954b4345241cff0c839e7453b7909a3 -> 7619c7cb552af89f3f24abb76df5f9e9
  custom:scripting/monoscript/fileName/CoconutThrow.cs: 09bd45274f872dda8fef563948973cd3 -> e5e2d33e36a2a75e78433c668aaf27fa
========================================================================
Received Import Request.
  Time since last request: 11.037503 seconds.
  path: Assets/Soda Can Green Crushed.prefab
  artifactKey: Guid(78fd74888df8cfa498a9e5d5bc91c3ba) Importer(815301076,1909f56bfc062723c751e8b465ee728b)
Start importing Assets/Soda Can Green Crushed.prefab using Guid(78fd74888df8cfa498a9e5d5bc91c3ba) Importer(815301076,1909f56bfc062723c751e8b465ee728b) [PhysX] Initialized MultithreadedTaskDispatcher with 16 workers.
 -> (artifact id: 'fb7b9f81143e172000ced44e1e09c918') in 0.001133 seconds
Number of updated asset objects reloaded before import = 0
Number of asset objects unloaded after import = 0
========================================================================
Received Prepare
Caller must complete domain reload
Begin MonoManager ReloadAssembly
- Loaded All Assemblies, in  0.266 seconds
Native extension for WindowsStandalone target not found
Mono: successfully reloaded assembly
- Finished resetting the current domain, in  0.731 seconds
Domain Reload Profiling: 995ms
	BeginReloadAssembly (95ms)
		ExecutionOrderSort (0ms)
		DisableScriptedObjects (3ms)
		BackupInstance (0ms)
		ReleaseScriptingObjects (0ms)
		CreateAndSetChildDomain (20ms)
	RebuildCommonClasses (17ms)
	RebuildNativeTypeToScriptingClass (6ms)
	initialDomainReloadingComplete (17ms)
	LoadAllAssembliesAndSetupDomain (129ms)
		LoadAssemblies (166ms)
		RebuildTransferFunctionScriptingTraits (0ms)
		AnalyzeDomain (8ms)
			TypeCache.Refresh (3ms)
				TypeCache.ScanAssembly (0ms)
			ScanForSourceGeneratedMonoScriptInfo (0ms)
			ResolveRequiredComponents (3ms)
	FinalizeReload (731ms)
		ReleaseScriptCaches (0ms)
		RebuildScriptCaches (0ms)
		SetupLoadedEditorAssemblies (286ms)
			LogAssemblyErrors (0ms)
			InitializePlatformSupportModulesInManaged (4ms)
			SetLoadedEditorAssemblies (2ms)
			RefreshPlugins (0ms)
			BeforeProcessingInitializeOnLoad (44ms)
			ProcessInitializeOnLoadAttributes (197ms)
			ProcessInitializeOnLoadMethodAttributes (36ms)
			AfterProcessingInitializeOnLoad (4ms)
			EditorAssembliesLoaded (0ms)
		ExecutionOrderSort2 (0ms)
		AwakeInstancesAfterBackupRestoration (4ms)
Refreshing native plugins compatible for Editor in 2.07 ms, found 3 plugins.
Preloading 0 native plugins for Editor in 0.00 ms.
Unloading 4190 Unused Serialized files (Serialized files now loaded: 0)
Unloading 16 unused Assets / (314.8 KB). Loaded Objects now: 4703.
Memory consumption went from 143.7 MB to 143.4 MB.
Total: 2.081400 ms (FindLiveObjects: 0.231500 ms CreateObjectMapping: 0.081200 ms MarkObjects: 1.698900 ms  DeleteObjects: 0.069400 ms)

Prepare: number of updated asset objects reloaded= 0
AssetImportParameters requested are different than current active one (requested -> active):
  custom:container-demuxer-ogg: 62fdf1f143b41e24485cea50d1cbac27 -> 
  custom:scripting/monoscript/fileName/NoTrash.cs: 0345056ab87563185b62f19aa4a19ae1 -> 7a4581080cacdf363f3f7b41a1a297b0
  custom:video-codec-MediaFoundation-h265: 746d11721c4dcdbdad8f713fa42b33f4 -> 
  custom:video-decoder-ogg-theora: a1e56fd34408186e4bbccfd4996cb3dc -> 
  custom:framework-win-MediaFoundation: 216162199b28c13a410421893ffa2e32 -> 
  custom:scripting/monoscript/fileName/NPCInteractable.cs: 5eab74a401521f20b77c6f13559f026b -> 63366b24516f0659a22818f5f2436fa2
  custom:scripting/monoscript/fileName/NewBehaviourScript.cs: b21687ddb03d73bd9f0c1daecb9714de -> 
  custom:scripting/monoscript/fileName/PlayerInteract.cs: d055edb0e287b2a945ede08b7b198efb -> 73ffd8c360dbab24565d6c0e90133a24
  custom:scripting/monoscript/fileName/DestroyFire.cs: 3aa6c35b4275c4c07ab16ba4b6584b25 -> 
  custom:CustomObjectIndexerAttribute: 9a22284fe3817be447336de3de66b15e -> 
  custom:container-demuxer-webm: 4f35f7cbe854078d1ac9338744f61a02 -> 
  custom:container-muxer-webm: aa71ff27fc2769a1b78a27578f13a17b -> 
  custom:video-decoder-webm-vp8: 9c59270c3fd7afecdb556c50c9e8de78 -> 
  custom:SearchIndexIgnoredProperties: e643bd26f0fe6173181afceb89e7c659 -> 
  custom:AudioImporter_EditorPlatform: d09bf68614088b80899f8185d706f6e7 -> 
  custom:scripting/monoscript/fileName/dialogue1.cs: 68aa61eee3f9486865bb582d0be8d718 -> 0bd9cbce87c2b48afba3a1544db0d376
  custom:video-encoder-webm-vp8: eb34c28f22e8b96e1ab97ce403110664 -> 
  custom:scripting/monoscript/fileName/PickUpScript.cs: 668fe0d2e07cc30171c8a2eba7255a77 -> 2d7e3b43aca3463347624789ae38f438
  custom:audio-decoder-ogg-vorbis: bf7c407c2cedff20999df2af8eb42d56 -> 
  custom:audio-encoder-webm-vorbis: bf7c407c2cedff20999df2af8eb42d56 -> 
  custom:scripting/precompiled-assembly-types:Assembly-CSharp: 0954b4345241cff0c839e7453b7909a3 -> 7619c7cb552af89f3f24abb76df5f9e9
  custom:scripting/monoscript/fileName/CoconutThrow.cs: 09bd45274f872dda8fef563948973cd3 -> e5e2d33e36a2a75e78433c668aaf27fa
========================================================================
Received Prepare
Caller must complete domain reload
Begin MonoManager ReloadAssembly
- Loaded All Assemblies, in  0.249 seconds
Native extension for WindowsStandalone target not found
Mono: successfully reloaded assembly
- Finished resetting the current domain, in  0.729 seconds
Domain Reload Profiling: 976ms
	BeginReloadAssembly (93ms)
		ExecutionOrderSort (0ms)
		DisableScriptedObjects (2ms)
		BackupInstance (0ms)
		ReleaseScriptingObjects (0ms)
		CreateAndSetChildDomain (23ms)
	RebuildCommonClasses (17ms)
	RebuildNativeTypeToScriptingClass (6ms)
	initialDomainReloadingComplete (16ms)
	LoadAllAssembliesAndSetupDomain (115ms)
		LoadAssemblies (153ms)
		RebuildTransferFunctionScriptingTraits (0ms)
		AnalyzeDomain (8ms)
			TypeCache.Refresh (3ms)
				TypeCache.ScanAssembly (0ms)
			ScanForSourceGeneratedMonoScriptInfo (0ms)
			ResolveRequiredComponents (4ms)
	FinalizeReload (729ms)
		ReleaseScriptCaches (0ms)
		RebuildScriptCaches (0ms)
		SetupLoadedEditorAssemblies (287ms)
			LogAssemblyErrors (0ms)
			InitializePlatformSupportModulesInManaged (4ms)
			SetLoadedEditorAssemblies (2ms)
			RefreshPlugins (0ms)
			BeforeProcessingInitializeOnLoad (44ms)
			ProcessInitializeOnLoadAttributes (197ms)
			ProcessInitializeOnLoadMethodAttributes (35ms)
			AfterProcessingInitializeOnLoad (4ms)
			EditorAssembliesLoaded (0ms)
		ExecutionOrderSort2 (0ms)
		AwakeInstancesAfterBackupRestoration (4ms)
Refreshing native plugins compatible for Editor in 2.04 ms, found 3 plugins.
Preloading 0 native plugins for Editor in 0.00 ms.
Unloading 4191 Unused Serialized files (Serialized files now loaded: 0)
Unloading 16 unused Assets / (314.8 KB). Loaded Objects now: 4706.
Memory consumption went from 143.9 MB to 143.6 MB.
Total: 2.268300 ms (FindLiveObjects: 0.271100 ms CreateObjectMapping: 0.094900 ms MarkObjects: 1.832800 ms  DeleteObjects: 0.068500 ms)

Prepare: number of updated asset objects reloaded= 0
AssetImportParameters requested are different than current active one (requested -> active):
  custom:container-demuxer-ogg: 62fdf1f143b41e24485cea50d1cbac27 -> 
  custom:scripting/monoscript/fileName/NoTrash.cs: 0345056ab87563185b62f19aa4a19ae1 -> 7a4581080cacdf363f3f7b41a1a297b0
  custom:video-codec-MediaFoundation-h265: 746d11721c4dcdbdad8f713fa42b33f4 -> 
  custom:video-decoder-ogg-theora: a1e56fd34408186e4bbccfd4996cb3dc -> 
  custom:framework-win-MediaFoundation: 216162199b28c13a410421893ffa2e32 -> 
  custom:scripting/monoscript/fileName/NPCInteractable.cs: 5eab74a401521f20b77c6f13559f026b -> 63366b24516f0659a22818f5f2436fa2
  custom:scripting/monoscript/fileName/NewBehaviourScript.cs: b21687ddb03d73bd9f0c1daecb9714de -> 
  custom:scripting/monoscript/fileName/PlayerInteract.cs: d055edb0e287b2a945ede08b7b198efb -> 73ffd8c360dbab24565d6c0e90133a24
  custom:scripting/monoscript/fileName/DestroyFire.cs: 3aa6c35b4275c4c07ab16ba4b6584b25 -> 
  custom:CustomObjectIndexerAttribute: 9a22284fe3817be447336de3de66b15e -> 
  custom:container-demuxer-webm: 4f35f7cbe854078d1ac9338744f61a02 -> 
  custom:container-muxer-webm: aa71ff27fc2769a1b78a27578f13a17b -> 
  custom:video-decoder-webm-vp8: 9c59270c3fd7afecdb556c50c9e8de78 -> 
  custom:SearchIndexIgnoredProperties: e643bd26f0fe6173181afceb89e7c659 -> 
  custom:AudioImporter_EditorPlatform: d09bf68614088b80899f8185d706f6e7 -> 
  custom:scripting/monoscript/fileName/dialogue1.cs: 68aa61eee3f9486865bb582d0be8d718 -> 0bd9cbce87c2b48afba3a1544db0d376
  custom:video-encoder-webm-vp8: eb34c28f22e8b96e1ab97ce403110664 -> 
  custom:scripting/monoscript/fileName/PickUpScript.cs: 668fe0d2e07cc30171c8a2eba7255a77 -> 2d7e3b43aca3463347624789ae38f438
  custom:audio-decoder-ogg-vorbis: bf7c407c2cedff20999df2af8eb42d56 -> 
  custom:audio-encoder-webm-vorbis: bf7c407c2cedff20999df2af8eb42d56 -> 
  custom:scripting/precompiled-assembly-types:Assembly-CSharp: 0954b4345241cff0c839e7453b7909a3 -> 7619c7cb552af89f3f24abb76df5f9e9
  custom:scripting/monoscript/fileName/CoconutThrow.cs: 09bd45274f872dda8fef563948973cd3 -> e5e2d33e36a2a75e78433c668aaf27fa
========================================================================
Received Import Request.
  Time since last request: 94.489933 seconds.
  path: Assets/Soda Can Green Crushed.prefab
  artifactKey: Guid(78fd74888df8cfa498a9e5d5bc91c3ba) Importer(815301076,1909f56bfc062723c751e8b465ee728b)
Start importing Assets/Soda Can Green Crushed.prefab using Guid(78fd74888df8cfa498a9e5d5bc91c3ba) Importer(815301076,1909f56bfc062723c751e8b465ee728b) [PhysX] Initialized MultithreadedTaskDispatcher with 16 workers.
 -> (artifact id: 'fb7b9f81143e172000ced44e1e09c918') in 0.001189 seconds
Number of updated asset objects reloaded before import = 0
Number of asset objects unloaded after import = 0
========================================================================
Received Import Request.
  Time since last request: 119.759092 seconds.
  path: Assets/Soda Can Green Crushed.prefab
  artifactKey: Guid(78fd74888df8cfa498a9e5d5bc91c3ba) Importer(815301076,1909f56bfc062723c751e8b465ee728b)
Start importing Assets/Soda Can Green Crushed.prefab using Guid(78fd74888df8cfa498a9e5d5bc91c3ba) Importer(815301076,1909f56bfc062723c751e8b465ee728b) [PhysX] Initialized MultithreadedTaskDispatcher with 16 workers.
 -> (artifact id: 'fb7b9f81143e172000ced44e1e09c918') in 0.000391 seconds
Number of updated asset objects reloaded before import = 0
Number of asset objects unloaded after import = 0
========================================================================
Received Prepare
Caller must complete domain reload
Begin MonoManager ReloadAssembly
- Loaded All Assemblies, in  0.275 seconds
Native extension for WindowsStandalone target not found
Mono: successfully reloaded assembly
- Finished resetting the current domain, in  0.717 seconds
Domain Reload Profiling: 991ms
	BeginReloadAssembly (92ms)
		ExecutionOrderSort (0ms)
		DisableScriptedObjects (2ms)
		BackupInstance (0ms)
		ReleaseScriptingObjects (0ms)
		CreateAndSetChildDomain (22ms)
	RebuildCommonClasses (17ms)
	RebuildNativeTypeToScriptingClass (6ms)
	initialDomainReloadingComplete (16ms)
	LoadAllAssembliesAndSetupDomain (142ms)
		LoadAssemblies (179ms)
		RebuildTransferFunctionScriptingTraits (0ms)
		AnalyzeDomain (7ms)
			TypeCache.Refresh (3ms)
				TypeCache.ScanAssembly (0ms)
			ScanForSourceGeneratedMonoScriptInfo (0ms)
			ResolveRequiredComponents (3ms)
	FinalizeReload (718ms)
		ReleaseScriptCaches (0ms)
		RebuildScriptCaches (0ms)
		SetupLoadedEditorAssemblies (286ms)
			LogAssemblyErrors (0ms)
			InitializePlatformSupportModulesInManaged (4ms)
			SetLoadedEditorAssemblies (2ms)
			RefreshPlugins (0ms)
			BeforeProcessingInitializeOnLoad (42ms)
			ProcessInitializeOnLoadAttributes (199ms)
			ProcessInitializeOnLoadMethodAttributes (35ms)
			AfterProcessingInitializeOnLoad (4ms)
			EditorAssembliesLoaded (0ms)
		ExecutionOrderSort2 (0ms)
		AwakeInstancesAfterBackupRestoration (5ms)
Refreshing native plugins compatible for Editor in 2.22 ms, found 3 plugins.
Preloading 0 native plugins for Editor in 0.00 ms.
Unloading 4190 Unused Serialized files (Serialized files now loaded: 0)
Unloading 16 unused Assets / (314.8 KB). Loaded Objects now: 4709.
Memory consumption went from 143.7 MB to 143.4 MB.
Total: 2.396500 ms (FindLiveObjects: 0.249300 ms CreateObjectMapping: 0.103800 ms MarkObjects: 1.971900 ms  DeleteObjects: 0.070900 ms)

Prepare: number of updated asset objects reloaded= 0
AssetImportParameters requested are different than current active one (requested -> active):
  custom:container-demuxer-ogg: 62fdf1f143b41e24485cea50d1cbac27 -> 
  custom:scripting/monoscript/fileName/NoTrash.cs: 0345056ab87563185b62f19aa4a19ae1 -> 7a4581080cacdf363f3f7b41a1a297b0
  custom:video-codec-MediaFoundation-h265: 746d11721c4dcdbdad8f713fa42b33f4 -> 
  custom:video-decoder-ogg-theora: a1e56fd34408186e4bbccfd4996cb3dc -> 
  custom:framework-win-MediaFoundation: 216162199b28c13a410421893ffa2e32 -> 
  custom:scripting/monoscript/fileName/NPCInteractable.cs: 5eab74a401521f20b77c6f13559f026b -> 63366b24516f0659a22818f5f2436fa2
  custom:scripting/monoscript/fileName/NewBehaviourScript.cs: b21687ddb03d73bd9f0c1daecb9714de -> 
  custom:scripting/monoscript/fileName/PlayerInteract.cs: d055edb0e287b2a945ede08b7b198efb -> 73ffd8c360dbab24565d6c0e90133a24
  custom:scripting/monoscript/fileName/DestroyFire.cs: 3aa6c35b4275c4c07ab16ba4b6584b25 -> 
  custom:CustomObjectIndexerAttribute: 9a22284fe3817be447336de3de66b15e -> 
  custom:container-demuxer-webm: 4f35f7cbe854078d1ac9338744f61a02 -> 
  custom:container-muxer-webm: aa71ff27fc2769a1b78a27578f13a17b -> 
  custom:video-decoder-webm-vp8: 9c59270c3fd7afecdb556c50c9e8de78 -> 
  custom:SearchIndexIgnoredProperties: e643bd26f0fe6173181afceb89e7c659 -> 
  custom:AudioImporter_EditorPlatform: d09bf68614088b80899f8185d706f6e7 -> 
  custom:scripting/monoscript/fileName/dialogue1.cs: 68aa61eee3f9486865bb582d0be8d718 -> 0bd9cbce87c2b48afba3a1544db0d376
  custom:video-encoder-webm-vp8: eb34c28f22e8b96e1ab97ce403110664 -> 
  custom:scripting/monoscript/fileName/PickUpScript.cs: 668fe0d2e07cc30171c8a2eba7255a77 -> 2d7e3b43aca3463347624789ae38f438
  custom:audio-decoder-ogg-vorbis: bf7c407c2cedff20999df2af8eb42d56 -> 
  custom:audio-encoder-webm-vorbis: bf7c407c2cedff20999df2af8eb42d56 -> 
  custom:scripting/precompiled-assembly-types:Assembly-CSharp: 0954b4345241cff0c839e7453b7909a3 -> 7619c7cb552af89f3f24abb76df5f9e9
  custom:scripting/monoscript/fileName/CoconutThrow.cs: 09bd45274f872dda8fef563948973cd3 -> e5e2d33e36a2a75e78433c668aaf27fa
========================================================================
Received Import Request.
  Time since last request: 3.874076 seconds.
  path: Assets/Soda Can Green Crushed.prefab
  artifactKey: Guid(78fd74888df8cfa498a9e5d5bc91c3ba) Importer(815301076,1909f56bfc062723c751e8b465ee728b)
Start importing Assets/Soda Can Green Crushed.prefab using Guid(78fd74888df8cfa498a9e5d5bc91c3ba) Importer(815301076,1909f56bfc062723c751e8b465ee728b) [PhysX] Initialized MultithreadedTaskDispatcher with 16 workers.
 -> (artifact id: 'fb7b9f81143e172000ced44e1e09c918') in 0.001325 seconds
Number of updated asset objects reloaded before import = 0
Number of asset objects unloaded after import = 0
========================================================================
Received Prepare
Caller must complete domain reload
Begin MonoManager ReloadAssembly
- Loaded All Assemblies, in  0.255 seconds
Native extension for WindowsStandalone target not found
Mono: successfully reloaded assembly
- Finished resetting the current domain, in  0.718 seconds
Domain Reload Profiling: 971ms
	BeginReloadAssembly (95ms)
		ExecutionOrderSort (0ms)
		DisableScriptedObjects (2ms)
		BackupInstance (0ms)
		ReleaseScriptingObjects (0ms)
		CreateAndSetChildDomain (21ms)
	RebuildCommonClasses (18ms)
	RebuildNativeTypeToScriptingClass (6ms)
	initialDomainReloadingComplete (17ms)
	LoadAllAssembliesAndSetupDomain (117ms)
		LoadAssemblies (153ms)
		RebuildTransferFunctionScriptingTraits (0ms)
		AnalyzeDomain (8ms)
			TypeCache.Refresh (4ms)
				TypeCache.ScanAssembly (0ms)
			ScanForSourceGeneratedMonoScriptInfo (0ms)
			ResolveRequiredComponents (3ms)
	FinalizeReload (719ms)
		ReleaseScriptCaches (0ms)
		RebuildScriptCaches (0ms)
		SetupLoadedEditorAssemblies (290ms)
			LogAssemblyErrors (0ms)
			InitializePlatformSupportModulesInManaged (4ms)
			SetLoadedEditorAssemblies (2ms)
			RefreshPlugins (0ms)
			BeforeProcessingInitializeOnLoad (41ms)
			ProcessInitializeOnLoadAttributes (201ms)
			ProcessInitializeOnLoadMethodAttributes (38ms)
			AfterProcessingInitializeOnLoad (5ms)
			EditorAssembliesLoaded (0ms)
		ExecutionOrderSort2 (0ms)
		AwakeInstancesAfterBackupRestoration (4ms)
Refreshing native plugins compatible for Editor in 1.96 ms, found 3 plugins.
Preloading 0 native plugins for Editor in 0.00 ms.
Unloading 4190 Unused Serialized files (Serialized files now loaded: 0)
Unloading 16 unused Assets / (314.9 KB). Loaded Objects now: 4712.
Memory consumption went from 143.7 MB to 143.4 MB.
Total: 2.141500 ms (FindLiveObjects: 0.262400 ms CreateObjectMapping: 0.069700 ms MarkObjects: 1.740400 ms  DeleteObjects: 0.068200 ms)

Prepare: number of updated asset objects reloaded= 0
AssetImportParameters requested are different than current active one (requested -> active):
  custom:container-demuxer-ogg: 62fdf1f143b41e24485cea50d1cbac27 -> 
  custom:scripting/monoscript/fileName/NoTrash.cs: 0345056ab87563185b62f19aa4a19ae1 -> 7a4581080cacdf363f3f7b41a1a297b0
  custom:video-codec-MediaFoundation-h265: 746d11721c4dcdbdad8f713fa42b33f4 -> 
  custom:video-decoder-ogg-theora: a1e56fd34408186e4bbccfd4996cb3dc -> 
  custom:framework-win-MediaFoundation: 216162199b28c13a410421893ffa2e32 -> 
  custom:scripting/monoscript/fileName/NPCInteractable.cs: 5eab74a401521f20b77c6f13559f026b -> 63366b24516f0659a22818f5f2436fa2
  custom:scripting/monoscript/fileName/NewBehaviourScript.cs: b21687ddb03d73bd9f0c1daecb9714de -> 
  custom:scripting/monoscript/fileName/PlayerInteract.cs: d055edb0e287b2a945ede08b7b198efb -> 73ffd8c360dbab24565d6c0e90133a24
  custom:scripting/monoscript/fileName/DestroyFire.cs: 3aa6c35b4275c4c07ab16ba4b6584b25 -> 
  custom:CustomObjectIndexerAttribute: 9a22284fe3817be447336de3de66b15e -> 
  custom:container-demuxer-webm: 4f35f7cbe854078d1ac9338744f61a02 -> 
  custom:container-muxer-webm: aa71ff27fc2769a1b78a27578f13a17b -> 
  custom:video-decoder-webm-vp8: 9c59270c3fd7afecdb556c50c9e8de78 -> 
  custom:SearchIndexIgnoredProperties: e643bd26f0fe6173181afceb89e7c659 -> 
  custom:AudioImporter_EditorPlatform: d09bf68614088b80899f8185d706f6e7 -> 
  custom:scripting/monoscript/fileName/dialogue1.cs: 68aa61eee3f9486865bb582d0be8d718 -> 0bd9cbce87c2b48afba3a1544db0d376
  custom:video-encoder-webm-vp8: eb34c28f22e8b96e1ab97ce403110664 -> 
  custom:scripting/monoscript/fileName/PickUpScript.cs: 668fe0d2e07cc30171c8a2eba7255a77 -> 2d7e3b43aca3463347624789ae38f438
  custom:audio-decoder-ogg-vorbis: bf7c407c2cedff20999df2af8eb42d56 -> 
  custom:audio-encoder-webm-vorbis: bf7c407c2cedff20999df2af8eb42d56 -> 
  custom:scripting/precompiled-assembly-types:Assembly-CSharp: 0954b4345241cff0c839e7453b7909a3 -> 7619c7cb552af89f3f24abb76df5f9e9
  custom:scripting/monoscript/fileName/CoconutThrow.cs: 09bd45274f872dda8fef563948973cd3 -> e5e2d33e36a2a75e78433c668aaf27fa
========================================================================
Received Prepare
Caller must complete domain reload
Begin MonoManager ReloadAssembly
- Loaded All Assemblies, in  0.252 seconds
Native extension for WindowsStandalone target not found
Mono: successfully reloaded assembly
- Finished resetting the current domain, in  0.717 seconds
Domain Reload Profiling: 968ms
	BeginReloadAssembly (89ms)
		ExecutionOrderSort (0ms)
		DisableScriptedObjects (2ms)
		BackupInstance (0ms)
		ReleaseScriptingObjects (0ms)
		CreateAndSetChildDomain (20ms)
	RebuildCommonClasses (18ms)
	RebuildNativeTypeToScriptingClass (9ms)
	initialDomainReloadingComplete (16ms)
	LoadAllAssembliesAndSetupDomain (118ms)
		LoadAssemblies (155ms)
		RebuildTransferFunctionScriptingTraits (0ms)
		AnalyzeDomain (8ms)
			TypeCache.Refresh (3ms)
				TypeCache.ScanAssembly (0ms)
			ScanForSourceGeneratedMonoScriptInfo (0ms)
			ResolveRequiredComponents (3ms)
	FinalizeReload (718ms)
		ReleaseScriptCaches (0ms)
		RebuildScriptCaches (0ms)
		SetupLoadedEditorAssemblies (287ms)
			LogAssemblyErrors (0ms)
			InitializePlatformSupportModulesInManaged (4ms)
			SetLoadedEditorAssemblies (2ms)
			RefreshPlugins (0ms)
			BeforeProcessingInitializeOnLoad (42ms)
			ProcessInitializeOnLoadAttributes (196ms)
			ProcessInitializeOnLoadMethodAttributes (39ms)
			AfterProcessingInitializeOnLoad (5ms)
			EditorAssembliesLoaded (0ms)
		ExecutionOrderSort2 (0ms)
		AwakeInstancesAfterBackupRestoration (4ms)
Refreshing native plugins compatible for Editor in 2.01 ms, found 3 plugins.
Preloading 0 native plugins for Editor in 0.00 ms.
Unloading 4191 Unused Serialized files (Serialized files now loaded: 0)
Unloading 16 unused Assets / (314.8 KB). Loaded Objects now: 4715.
Memory consumption went from 143.9 MB to 143.6 MB.
Total: 2.179700 ms (FindLiveObjects: 0.215100 ms CreateObjectMapping: 0.077100 ms MarkObjects: 1.819300 ms  DeleteObjects: 0.067400 ms)

Prepare: number of updated asset objects reloaded= 0
AssetImportParameters requested are different than current active one (requested -> active):
  custom:container-demuxer-ogg: 62fdf1f143b41e24485cea50d1cbac27 -> 
  custom:scripting/monoscript/fileName/NoTrash.cs: 0345056ab87563185b62f19aa4a19ae1 -> 7a4581080cacdf363f3f7b41a1a297b0
  custom:video-codec-MediaFoundation-h265: 746d11721c4dcdbdad8f713fa42b33f4 -> 
  custom:video-decoder-ogg-theora: a1e56fd34408186e4bbccfd4996cb3dc -> 
  custom:framework-win-MediaFoundation: 216162199b28c13a410421893ffa2e32 -> 
  custom:scripting/monoscript/fileName/NPCInteractable.cs: 5eab74a401521f20b77c6f13559f026b -> 63366b24516f0659a22818f5f2436fa2
  custom:scripting/monoscript/fileName/NewBehaviourScript.cs: b21687ddb03d73bd9f0c1daecb9714de -> 
  custom:scripting/monoscript/fileName/PlayerInteract.cs: d055edb0e287b2a945ede08b7b198efb -> 73ffd8c360dbab24565d6c0e90133a24
  custom:scripting/monoscript/fileName/DestroyFire.cs: 3aa6c35b4275c4c07ab16ba4b6584b25 -> 
  custom:CustomObjectIndexerAttribute: 9a22284fe3817be447336de3de66b15e -> 
  custom:container-demuxer-webm: 4f35f7cbe854078d1ac9338744f61a02 -> 
  custom:container-muxer-webm: aa71ff27fc2769a1b78a27578f13a17b -> 
  custom:video-decoder-webm-vp8: 9c59270c3fd7afecdb556c50c9e8de78 -> 
  custom:SearchIndexIgnoredProperties: e643bd26f0fe6173181afceb89e7c659 -> 
  custom:AudioImporter_EditorPlatform: d09bf68614088b80899f8185d706f6e7 -> 
  custom:scripting/monoscript/fileName/dialogue1.cs: 68aa61eee3f9486865bb582d0be8d718 -> 0bd9cbce87c2b48afba3a1544db0d376
  custom:video-encoder-webm-vp8: eb34c28f22e8b96e1ab97ce403110664 -> 
  custom:scripting/monoscript/fileName/PickUpScript.cs: 668fe0d2e07cc30171c8a2eba7255a77 -> 2d7e3b43aca3463347624789ae38f438
  custom:audio-decoder-ogg-vorbis: bf7c407c2cedff20999df2af8eb42d56 -> 
  custom:audio-encoder-webm-vorbis: bf7c407c2cedff20999df2af8eb42d56 -> 
  custom:scripting/precompiled-assembly-types:Assembly-CSharp: 0954b4345241cff0c839e7453b7909a3 -> 7619c7cb552af89f3f24abb76df5f9e9
  custom:scripting/monoscript/fileName/CoconutThrow.cs: 09bd45274f872dda8fef563948973cd3 -> e5e2d33e36a2a75e78433c668aaf27fa
========================================================================
Received Prepare
Caller must complete domain reload
Begin MonoManager ReloadAssembly
- Loaded All Assemblies, in  0.272 seconds
Native extension for WindowsStandalone target not found
Mono: successfully reloaded assembly
- Finished resetting the current domain, in  0.694 seconds
Domain Reload Profiling: 964ms
	BeginReloadAssembly (95ms)
		ExecutionOrderSort (0ms)
		DisableScriptedObjects (2ms)
		BackupInstance (0ms)
		ReleaseScriptingObjects (0ms)
		CreateAndSetChildDomain (21ms)
	RebuildCommonClasses (17ms)
	RebuildNativeTypeToScriptingClass (6ms)
	initialDomainReloadingComplete (17ms)
	LoadAllAssembliesAndSetupDomain (134ms)
		LoadAssemblies (167ms)
		RebuildTransferFunctionScriptingTraits (0ms)
		AnalyzeDomain (17ms)
			TypeCache.Refresh (5ms)
				TypeCache.ScanAssembly (0ms)
			ScanForSourceGeneratedMonoScriptInfo (8ms)
			ResolveRequiredComponents (3ms)
	FinalizeReload (694ms)
		ReleaseScriptCaches (0ms)
		RebuildScriptCaches (0ms)
		SetupLoadedEditorAssemblies (285ms)
			LogAssemblyErrors (0ms)
			InitializePlatformSupportModulesInManaged (4ms)
			SetLoadedEditorAssemblies (2ms)
			RefreshPlugins (0ms)
			BeforeProcessingInitializeOnLoad (40ms)
			ProcessInitializeOnLoadAttributes (201ms)
			ProcessInitializeOnLoadMethodAttributes (35ms)
			AfterProcessingInitializeOnLoad (4ms)
			EditorAssembliesLoaded (0ms)
		ExecutionOrderSort2 (0ms)
		AwakeInstancesAfterBackupRestoration (4ms)
Refreshing native plugins compatible for Editor in 2.48 ms, found 3 plugins.
Preloading 0 native plugins for Editor in 0.00 ms.
Unloading 4193 Unused Serialized files (Serialized files now loaded: 0)
Unloading 16 unused Assets / (314.9 KB). Loaded Objects now: 4720.
Memory consumption went from 144.0 MB to 143.7 MB.
Total: 2.402400 ms (FindLiveObjects: 0.295400 ms CreateObjectMapping: 0.070100 ms MarkObjects: 1.956400 ms  DeleteObjects: 0.080000 ms)

Prepare: number of updated asset objects reloaded= 0
AssetImportParameters requested are different than current active one (requested -> active):
  custom:container-demuxer-ogg: 62fdf1f143b41e24485cea50d1cbac27 -> 
  custom:scripting/monoscript/fileName/NoTrash.cs: 0345056ab87563185b62f19aa4a19ae1 -> 7a4581080cacdf363f3f7b41a1a297b0
  custom:video-codec-MediaFoundation-h265: 746d11721c4dcdbdad8f713fa42b33f4 -> 
  custom:video-decoder-ogg-theora: a1e56fd34408186e4bbccfd4996cb3dc -> 
  custom:framework-win-MediaFoundation: 216162199b28c13a410421893ffa2e32 -> 
  custom:scripting/monoscript/fileName/NPCInteractable.cs: 5eab74a401521f20b77c6f13559f026b -> 63366b24516f0659a22818f5f2436fa2
  custom:scripting/monoscript/fileName/NewBehaviourScript.cs: b21687ddb03d73bd9f0c1daecb9714de -> 
  custom:scripting/monoscript/fileName/PlayerInteract.cs: d055edb0e287b2a945ede08b7b198efb -> 73ffd8c360dbab24565d6c0e90133a24
  custom:scripting/monoscript/fileName/DestroyFire.cs: 3aa6c35b4275c4c07ab16ba4b6584b25 -> 
  custom:CustomObjectIndexerAttribute: 9a22284fe3817be447336de3de66b15e -> 
  custom:container-demuxer-webm: 4f35f7cbe854078d1ac9338744f61a02 -> 
  custom:container-muxer-webm: aa71ff27fc2769a1b78a27578f13a17b -> 
  custom:video-decoder-webm-vp8: 9c59270c3fd7afecdb556c50c9e8de78 -> 
  custom:SearchIndexIgnoredProperties: e643bd26f0fe6173181afceb89e7c659 -> 
  custom:AudioImporter_EditorPlatform: d09bf68614088b80899f8185d706f6e7 -> 
  custom:scripting/monoscript/fileName/MouseLook.cs: 932fbd25ff925b26853014ed1c576ca1 -> 
  custom:scripting/monoscript/fileName/dialogue1.cs: 68aa61eee3f9486865bb582d0be8d718 -> 0bd9cbce87c2b48afba3a1544db0d376
  custom:video-encoder-webm-vp8: eb34c28f22e8b96e1ab97ce403110664 -> 
  custom:scripting/monoscript/fileName/PickUpScript.cs: 668fe0d2e07cc30171c8a2eba7255a77 -> 2d7e3b43aca3463347624789ae38f438
  custom:audio-decoder-ogg-vorbis: bf7c407c2cedff20999df2af8eb42d56 -> 
  custom:scripting/monoscript/fileName/PlayerMovement.cs: 108f61d1fd17a75a2d085feaa649d496 -> 
  custom:audio-encoder-webm-vorbis: bf7c407c2cedff20999df2af8eb42d56 -> 
  custom:scripting/precompiled-assembly-types:Polyperfect.Universal: 40e6b23198050dcc44ddf51da273269b -> 
  custom:scripting/precompiled-assembly-types:Assembly-CSharp: 0954b4345241cff0c839e7453b7909a3 -> 7619c7cb552af89f3f24abb76df5f9e9
  custom:scripting/monoscript/fileName/CoconutThrow.cs: 09bd45274f872dda8fef563948973cd3 -> e5e2d33e36a2a75e78433c668aaf27fa
========================================================================
Received Import Request.
  Time since last request: 499.907312 seconds.
  path: Assets/Soda Can Green Crushed.prefab
  artifactKey: Guid(78fd74888df8cfa498a9e5d5bc91c3ba) Importer(815301076,1909f56bfc062723c751e8b465ee728b)
Start importing Assets/Soda Can Green Crushed.prefab using Guid(78fd74888df8cfa498a9e5d5bc91c3ba) Importer(815301076,1909f56bfc062723c751e8b465ee728b) [PhysX] Initialized MultithreadedTaskDispatcher with 16 workers.
 -> (artifact id: 'fb7b9f81143e172000ced44e1e09c918') in 0.001454 seconds
Number of updated asset objects reloaded before import = 0
Number of asset objects unloaded after import = 0
========================================================================
Received Import Request.
  Time since last request: 10.150987 seconds.
  path: Assets/polyperfect
  artifactKey: Guid(d59445ec14ebb1c40a1740e826ce9eb9) Importer(815301076,1909f56bfc062723c751e8b465ee728b)
Start importing Assets/polyperfect using Guid(d59445ec14ebb1c40a1740e826ce9eb9) Importer(815301076,1909f56bfc062723c751e8b465ee728b) [PhysX] Initialized MultithreadedTaskDispatcher with 16 workers.
 -> (artifact id: '5dd1f8e9204c1976756c108d7b079502') in 0.000424 seconds
Number of updated asset objects reloaded before import = 0
Number of asset objects unloaded after import = 0
========================================================================
Received Import Request.
  Time since last request: 1.218780 seconds.
  path: Assets/polyperfect/Poly Halloween
  artifactKey: Guid(b01bde89bfb1ab84e829aa58f1f5cde5) Importer(815301076,1909f56bfc062723c751e8b465ee728b)
Start importing Assets/polyperfect/Poly Halloween using Guid(b01bde89bfb1ab84e829aa58f1f5cde5) Importer(815301076,1909f56bfc062723c751e8b465ee728b) [PhysX] Initialized MultithreadedTaskDispatcher with 16 workers.
 -> (artifact id: '5153f56e42289afd7171c1a6ed47bd5f') in 0.000385 seconds
Number of updated asset objects reloaded before import = 0
Number of asset objects unloaded after import = 0
========================================================================
Received Import Request.
  Time since last request: 17.487162 seconds.
  path: Assets/polyperfect/Poly Halloween/- Materials
  artifactKey: Guid(7b6da58341f30b84aa4825f474ee3d79) Importer(815301076,1909f56bfc062723c751e8b465ee728b)
Start importing Assets/polyperfect/Poly Halloween/- Materials using Guid(7b6da58341f30b84aa4825f474ee3d79) Importer(815301076,1909f56bfc062723c751e8b465ee728b) [PhysX] Initialized MultithreadedTaskDispatcher with 16 workers.
 -> (artifact id: '50d4c5ccb08be042e3e49a7beb36dcd1') in 0.000336 seconds
Number of updated asset objects reloaded before import = 0
Number of asset objects unloaded after import = 0
========================================================================
Received Import Request.
  Time since last request: 0.075808 seconds.
  path: Assets/polyperfect/Poly Halloween/- Materials/Skybox-night.mat
  artifactKey: Guid(c9ec6e8fde1426847a863e9ea1b54790) Importer(815301076,1909f56bfc062723c751e8b465ee728b)
Start importing Assets/polyperfect/Poly Halloween/- Materials/Skybox-night.mat using Guid(c9ec6e8fde1426847a863e9ea1b54790) Importer(815301076,1909f56bfc062723c751e8b465ee728b) [PhysX] Initialized MultithreadedTaskDispatcher with 16 workers.
[PhysX] Initialized MultithreadedTaskDispatcher with 16 workers.
 -> (artifact id: '89c1b9cf73825ac4b4cbf0221f5082cf') in 0.073048 seconds
Number of updated asset objects reloaded before import = 0
Number of asset objects unloaded after import = 1
========================================================================
Received Import Request.
  Time since last request: 0.000013 seconds.
  path: Assets/polyperfect/Poly Halloween/- Materials/universal-glass-night.mat
  artifactKey: Guid(67ebe340f97be354c98766c2265fb834) Importer(815301076,1909f56bfc062723c751e8b465ee728b)
Start importing Assets/polyperfect/Poly Halloween/- Materials/universal-glass-night.mat using Guid(67ebe340f97be354c98766c2265fb834) Importer(815301076,1909f56bfc062723c751e8b465ee728b) [PhysX] Initialized MultithreadedTaskDispatcher with 16 workers.
[PhysX] Initialized MultithreadedTaskDispatcher with 16 workers.
 -> (artifact id: '17b3f5afcb41bc56d10005b3bab63113') in 0.142565 seconds
Number of updated asset objects reloaded before import = 0
Number of asset objects unloaded after import = 4
========================================================================
Received Import Request.
  Time since last request: 1.450449 seconds.
  path: Assets/polyperfect/Poly Halloween/- Materials/Nature
  artifactKey: Guid(62437c60b4e994942a3c805d2819fe62) Importer(815301076,1909f56bfc062723c751e8b465ee728b)
Start importing Assets/polyperfect/Poly Halloween/- Materials/Nature using Guid(62437c60b4e994942a3c805d2819fe62) Importer(815301076,1909f56bfc062723c751e8b465ee728b) [PhysX] Initialized MultithreadedTaskDispatcher with 16 workers.
 -> (artifact id: 'efed4cd1fb19f9a4fceb8548db9d695b') in 0.000414 seconds
Number of updated asset objects reloaded before import = 0
Number of asset objects unloaded after import = 0
========================================================================
Received Import Request.
  Time since last request: 3.541526 seconds.
  path: Assets/polyperfect/Poly Halloween/- Prefabs
  artifactKey: Guid(2f0f97661ded029478cf9558fb6d38eb) Importer(815301076,1909f56bfc062723c751e8b465ee728b)
Start importing Assets/polyperfect/Poly Halloween/- Prefabs using Guid(2f0f97661ded029478cf9558fb6d38eb) Importer(815301076,1909f56bfc062723c751e8b465ee728b) [PhysX] Initialized MultithreadedTaskDispatcher with 16 workers.
 -> (artifact id: '2645886610f2acbe088f14dc8831c448') in 0.000357 seconds
Number of updated asset objects reloaded before import = 0
Number of asset objects unloaded after import = 0
========================================================================
Received Import Request.
  Time since last request: 0.811283 seconds.
  path: Assets/polyperfect/Poly Halloween/- Prefabs/First Person Character.prefab
  artifactKey: Guid(7fcfd2b2a44cc3e4d96f3a35ef7a2a56) Importer(815301076,1909f56bfc062723c751e8b465ee728b)
Start importing Assets/polyperfect/Poly Halloween/- Prefabs/First Person Character.prefab using Guid(7fcfd2b2a44cc3e4d96f3a35ef7a2a56) Importer(815301076,1909f56bfc062723c751e8b465ee728b) [PhysX] Initialized MultithreadedTaskDispatcher with 16 workers.
 -> (artifact id: '10d4f77708cc3e92e7a1460c4c3a7e8e') in 0.000358 seconds
Number of updated asset objects reloaded before import = 0
Number of asset objects unloaded after import = 0
========================================================================
Received Import Request.
  Time since last request: 1.667202 seconds.
  path: Assets/polyperfect/Poly Halloween/- Prefabs/Halloween
  artifactKey: Guid(7b9cf52a8ef708e4cbbeeac53f203d34) Importer(815301076,1909f56bfc062723c751e8b465ee728b)
Start importing Assets/polyperfect/Poly Halloween/- Prefabs/Halloween using Guid(7b9cf52a8ef708e4cbbeeac53f203d34) Importer(815301076,1909f56bfc062723c751e8b465ee728b) [PhysX] Initialized MultithreadedTaskDispatcher with 16 workers.
 -> (artifact id: '5b22adef92ad04e8742f981b862f857c') in 0.000438 seconds
Number of updated asset objects reloaded before import = 0
Number of asset objects unloaded after import = 0
========================================================================
Received Import Request.
  Time since last request: 0.077538 seconds.
  path: Assets/polyperfect/Poly Halloween/- Prefabs/Halloween/book-evil.prefab
  artifactKey: Guid(1885c34483df2264dbe998d6edbb1d3d) Importer(815301076,1909f56bfc062723c751e8b465ee728b)
Start importing Assets/polyperfect/Poly Halloween/- Prefabs/Halloween/book-evil.prefab using Guid(1885c34483df2264dbe998d6edbb1d3d) Importer(815301076,1909f56bfc062723c751e8b465ee728b) [PhysX] Initialized MultithreadedTaskDispatcher with 16 workers.
[PhysX] Initialized MultithreadedTaskDispatcher with 16 workers.
 -> (artifact id: 'b7bcc1b2b7ee67f06f37903aa65d7b1d') in 0.149031 seconds
Number of updated asset objects reloaded before import = 0
Number of asset objects unloaded after import = 12
========================================================================
Received Import Request.
  Time since last request: 0.000012 seconds.
  path: Assets/polyperfect/Poly Halloween/- Prefabs/Halloween/gravestone-old-classic-broken.prefab
  artifactKey: Guid(e54b5da67e1b90f4e91949ca516a50ae) Importer(815301076,1909f56bfc062723c751e8b465ee728b)
Start importing Assets/polyperfect/Poly Halloween/- Prefabs/Halloween/gravestone-old-classic-broken.prefab using Guid(e54b5da67e1b90f4e91949ca516a50ae) Importer(815301076,1909f56bfc062723c751e8b465ee728b) [PhysX] Initialized MultithreadedTaskDispatcher with 16 workers.
[PhysX] Initialized MultithreadedTaskDispatcher with 16 workers.
 -> (artifact id: '0403b48b144cdff9d58bb36343ee1f12') in 0.012827 seconds
Number of updated asset objects reloaded before import = 0
Number of asset objects unloaded after import = 12
========================================================================
Received Import Request.
  Time since last request: 0.000014 seconds.
  path: Assets/polyperfect/Poly Halloween/- Prefabs/Halloween/candle-stick-b-lit.prefab
  artifactKey: Guid(0e9693ac26dbb2a4db66ef31594e5778) Importer(815301076,1909f56bfc062723c751e8b465ee728b)
Start importing Assets/polyperfect/Poly Halloween/- Prefabs/Halloween/candle-stick-b-lit.prefab using Guid(0e9693ac26dbb2a4db66ef31594e5778) Importer(815301076,1909f56bfc062723c751e8b465ee728b) [PhysX] Initialized MultithreadedTaskDispatcher with 16 workers.
[PhysX] Initialized MultithreadedTaskDispatcher with 16 workers.
 -> (artifact id: '0c4e6f0a48894289f7d1454896e7415c') in 0.013647 seconds
Number of updated asset objects reloaded before import = 0
Number of asset objects unloaded after import = 12
========================================================================
Received Import Request.
  Time since last request: 0.000014 seconds.
  path: Assets/polyperfect/Poly Halloween/- Prefabs/Halloween/guillotine.prefab
  artifactKey: Guid(a1693ae0c46d27742a69379223ec91e0) Importer(815301076,1909f56bfc062723c751e8b465ee728b)
Start importing Assets/polyperfect/Poly Halloween/- Prefabs/Halloween/guillotine.prefab using Guid(a1693ae0c46d27742a69379223ec91e0) Importer(815301076,1909f56bfc062723c751e8b465ee728b) [PhysX] Initialized MultithreadedTaskDispatcher with 16 workers.
[PhysX] Initialized MultithreadedTaskDispatcher with 16 workers.
 -> (artifact id: 'c53da34cac3a9b35373b67aa4e6f6975') in 0.013597 seconds
Number of updated asset objects reloaded before import = 0
Number of asset objects unloaded after import = 12
========================================================================
Received Import Request.
  Time since last request: 0.000019 seconds.
  path: Assets/polyperfect/Poly Halloween/- Prefabs/Halloween/candy-corn.prefab
  artifactKey: Guid(ea6d0d79c6f9e514c9c7594bbaeac82f) Importer(815301076,1909f56bfc062723c751e8b465ee728b)
Start importing Assets/polyperfect/Poly Halloween/- Prefabs/Halloween/candy-corn.prefab using Guid(ea6d0d79c6f9e514c9c7594bbaeac82f) Importer(815301076,1909f56bfc062723c751e8b465ee728b) [PhysX] Initialized MultithreadedTaskDispatcher with 16 workers.
[PhysX] Initialized MultithreadedTaskDispatcher with 16 workers.
 -> (artifact id: 'ab4b037fa2e22843eae9e19b61c0844f') in 0.012748 seconds
Number of updated asset objects reloaded before import = 0
Number of asset objects unloaded after import = 12
========================================================================
Received Import Request.
  Time since last request: 0.000011 seconds.
  path: Assets/polyperfect/Poly Halloween/- Prefabs/Halloween/pumpkin-carved-lit-a.prefab
  artifactKey: Guid(81a373bf062c567419256ed415c47f4b) Importer(815301076,1909f56bfc062723c751e8b465ee728b)
Start importing Assets/polyperfect/Poly Halloween/- Prefabs/Halloween/pumpkin-carved-lit-a.prefab using Guid(81a373bf062c567419256ed415c47f4b) Importer(815301076,1909f56bfc062723c751e8b465ee728b) [PhysX] Initialized MultithreadedTaskDispatcher with 16 workers.
[PhysX] Initialized MultithreadedTaskDispatcher with 16 workers.
 -> (artifact id: '90aa6f90eba689d8312f25a5b0a6cda4') in 0.012613 seconds
Number of updated asset objects reloaded before import = 0
Number of asset objects unloaded after import = 12
========================================================================
Received Import Request.
  Time since last request: 0.000013 seconds.
  path: Assets/polyperfect/Poly Halloween/- Prefabs/Halloween/candle-spine-unlit.prefab
  artifactKey: Guid(e69a535f6a22eab498c241f403605cf2) Importer(815301076,1909f56bfc062723c751e8b465ee728b)
Start importing Assets/polyperfect/Poly Halloween/- Prefabs/Halloween/candle-spine-unlit.prefab using Guid(e69a535f6a22eab498c241f403605cf2) Importer(815301076,1909f56bfc062723c751e8b465ee728b) [PhysX] Initialized MultithreadedTaskDispatcher with 16 workers.
[PhysX] Initialized MultithreadedTaskDispatcher with 16 workers.
 -> (artifact id: '2e482a4a661124532a8bbcaaaa769507') in 0.015261 seconds
Number of updated asset objects reloaded before import = 0
Number of asset objects unloaded after import = 12
========================================================================
Received Import Request.
  Time since last request: 0.000013 seconds.
  path: Assets/polyperfect/Poly Halloween/- Prefabs/Halloween/lollipop-flat-b.prefab
  artifactKey: Guid(b5926654dfa9b1542863022636efddcc) Importer(815301076,1909f56bfc062723c751e8b465ee728b)
Start importing Assets/polyperfect/Poly Halloween/- Prefabs/Halloween/lollipop-flat-b.prefab using Guid(b5926654dfa9b1542863022636efddcc) Importer(815301076,1909f56bfc062723c751e8b465ee728b) [PhysX] Initialized MultithreadedTaskDispatcher with 16 workers.
[PhysX] Initialized MultithreadedTaskDispatcher with 16 workers.
 -> (artifact id: '7b8256e63665d19e99d4f49d5ca75b90') in 0.013446 seconds
Number of updated asset objects reloaded before import = 0
Number of asset objects unloaded after import = 12
========================================================================
Received Import Request.
  Time since last request: 0.000014 seconds.
  path: Assets/polyperfect/Poly Halloween/- Prefabs/Halloween/pumpkin-carved-a.prefab
  artifactKey: Guid(94db350adfd5a3d4eb7c62ccad6d22ab) Importer(815301076,1909f56bfc062723c751e8b465ee728b)
Start importing Assets/polyperfect/Poly Halloween/- Prefabs/Halloween/pumpkin-carved-a.prefab using Guid(94db350adfd5a3d4eb7c62ccad6d22ab) Importer(815301076,1909f56bfc062723c751e8b465ee728b) [PhysX] Initialized MultithreadedTaskDispatcher with 16 workers.
[PhysX] Initialized MultithreadedTaskDispatcher with 16 workers.
 -> (artifact id: '87be4663b1d72d02edcedbc981d7cf06') in 0.013768 seconds
Number of updated asset objects reloaded before import = 0
Number of asset objects unloaded after import = 12
========================================================================
Received Import Request.
  Time since last request: 0.000015 seconds.
  path: Assets/polyperfect/Poly Halloween/- Prefabs/Halloween/hole-graveyard.prefab
  artifactKey: Guid(681d246977554b146b68ac0bc80c5289) Importer(815301076,1909f56bfc062723c751e8b465ee728b)
Start importing Assets/polyperfect/Poly Halloween/- Prefabs/Halloween/hole-graveyard.prefab using Guid(681d246977554b146b68ac0bc80c5289) Importer(815301076,1909f56bfc062723c751e8b465ee728b) [PhysX] Initialized MultithreadedTaskDispatcher with 16 workers.
[PhysX] Initialized MultithreadedTaskDispatcher with 16 workers.
 -> (artifact id: '1917b82c4a812e403befa8a95d4d0cec') in 0.013564 seconds
Number of updated asset objects reloaded before import = 0
Number of asset objects unloaded after import = 18
========================================================================
Received Import Request.
  Time since last request: 0.000013 seconds.
  path: Assets/polyperfect/Poly Halloween/- Prefabs/Halloween/coffin-old.prefab
  artifactKey: Guid(5f7dbd80b21547d4b858ab33922e2740) Importer(815301076,1909f56bfc062723c751e8b465ee728b)
Start importing Assets/polyperfect/Poly Halloween/- Prefabs/Halloween/coffin-old.prefab using Guid(5f7dbd80b21547d4b858ab33922e2740) Importer(815301076,1909f56bfc062723c751e8b465ee728b) [PhysX] Initialized MultithreadedTaskDispatcher with 16 workers.
[PhysX] Initialized MultithreadedTaskDispatcher with 16 workers.
 -> (artifact id: '33cb4bca36650611380098c2cabbb9b7') in 0.013762 seconds
Number of updated asset objects reloaded before import = 0
Number of asset objects unloaded after import = 20
========================================================================
Received Import Request.
  Time since last request: 0.000012 seconds.
  path: Assets/polyperfect/Poly Halloween/- Prefabs/Halloween/candle-skull-unlit.prefab
  artifactKey: Guid(5cd97b84979069440ad59df73c135724) Importer(815301076,1909f56bfc062723c751e8b465ee728b)
Start importing Assets/polyperfect/Poly Halloween/- Prefabs/Halloween/candle-skull-unlit.prefab using Guid(5cd97b84979069440ad59df73c135724) Importer(815301076,1909f56bfc062723c751e8b465ee728b) [PhysX] Initialized MultithreadedTaskDispatcher with 16 workers.
[PhysX] Initialized MultithreadedTaskDispatcher with 16 workers.
 -> (artifact id: '06d00e35e3981cc2b2082c89f37cc145') in 0.014072 seconds
Number of updated asset objects reloaded before import = 0
Number of asset objects unloaded after import = 12
========================================================================
Received Import Request.
  Time since last request: 0.000014 seconds.
  path: Assets/polyperfect/Poly Halloween/- Prefabs/Halloween/lollipop-flat-a.prefab
  artifactKey: Guid(235453bd5573550408d145c0b6db75dc) Importer(815301076,1909f56bfc062723c751e8b465ee728b)
Start importing Assets/polyperfect/Poly Halloween/- Prefabs/Halloween/lollipop-flat-a.prefab using Guid(235453bd5573550408d145c0b6db75dc) Importer(815301076,1909f56bfc062723c751e8b465ee728b) [PhysX] Initialized MultithreadedTaskDispatcher with 16 workers.
[PhysX] Initialized MultithreadedTaskDispatcher with 16 workers.
 -> (artifact id: 'ded173bf5f248a45ce6ab6028d7e67c0') in 0.013255 seconds
Number of updated asset objects reloaded before import = 0
Number of asset objects unloaded after import = 12
========================================================================
Received Import Request.
  Time since last request: 0.000012 seconds.
  path: Assets/polyperfect/Poly Halloween/- Prefabs/Halloween/mushroom-magical-champignon-b.prefab
  artifactKey: Guid(fffba91942c50aa4a8e8455edade1bfd) Importer(815301076,1909f56bfc062723c751e8b465ee728b)
Start importing Assets/polyperfect/Poly Halloween/- Prefabs/Halloween/mushroom-magical-champignon-b.prefab using Guid(fffba91942c50aa4a8e8455edade1bfd) Importer(815301076,1909f56bfc062723c751e8b465ee728b) [PhysX] Initialized MultithreadedTaskDispatcher with 16 workers.
[PhysX] Initialized MultithreadedTaskDispatcher with 16 workers.
 -> (artifact id: '38d109aba68ae75d0eeabac32dab2c0e') in 0.014183 seconds
Number of updated asset objects reloaded before import = 0
Number of asset objects unloaded after import = 12
========================================================================
Received Import Request.
  Time since last request: 0.000018 seconds.
  path: Assets/polyperfect/Poly Halloween/- Prefabs/Halloween/gibbet.prefab
  artifactKey: Guid(9166965b178875f48988f6fc3e2b3ff8) Importer(815301076,1909f56bfc062723c751e8b465ee728b)
Start importing Assets/polyperfect/Poly Halloween/- Prefabs/Halloween/gibbet.prefab using Guid(9166965b178875f48988f6fc3e2b3ff8) Importer(815301076,1909f56bfc062723c751e8b465ee728b) [PhysX] Initialized MultithreadedTaskDispatcher with 16 workers.
[PhysX] Initialized MultithreadedTaskDispatcher with 16 workers.
 -> (artifact id: '4caddc3309a3328c716e107cab288cb3') in 0.013475 seconds
Number of updated asset objects reloaded before import = 0
Number of asset objects unloaded after import = 20
========================================================================
Received Import Request.
  Time since last request: 0.000012 seconds.
  path: Assets/polyperfect/Poly Halloween/- Prefabs/Halloween/gravestone-old-small-b.prefab
  artifactKey: Guid(d9b0ea3d8b855e64e90499c5d5981ac7) Importer(815301076,1909f56bfc062723c751e8b465ee728b)
Start importing Assets/polyperfect/Poly Halloween/- Prefabs/Halloween/gravestone-old-small-b.prefab using Guid(d9b0ea3d8b855e64e90499c5d5981ac7) Importer(815301076,1909f56bfc062723c751e8b465ee728b) [PhysX] Initialized MultithreadedTaskDispatcher with 16 workers.
[PhysX] Initialized MultithreadedTaskDispatcher with 16 workers.
 -> (artifact id: '73a0f7609b5fb1d1d6294bc5e9bca30e') in 0.013772 seconds
Number of updated asset objects reloaded before import = 0
Number of asset objects unloaded after import = 12
========================================================================
Received Import Request.
  Time since last request: 0.000014 seconds.
  path: Assets/polyperfect/Poly Halloween/- Prefabs/Halloween/coffin-new.prefab
  artifactKey: Guid(213d2b56253be4d4cbfb202ddb822757) Importer(815301076,1909f56bfc062723c751e8b465ee728b)
Start importing Assets/polyperfect/Poly Halloween/- Prefabs/Halloween/coffin-new.prefab using Guid(213d2b56253be4d4cbfb202ddb822757) Importer(815301076,1909f56bfc062723c751e8b465ee728b) [PhysX] Initialized MultithreadedTaskDispatcher with 16 workers.
[PhysX] Initialized MultithreadedTaskDispatcher with 16 workers.
 -> (artifact id: 'f7ec91a240f3e24f9b058227d2f6dcde') in 0.014738 seconds
Number of updated asset objects reloaded before import = 0
Number of asset objects unloaded after import = 20
========================================================================
Received Import Request.
  Time since last request: 0.000011 seconds.
  path: Assets/polyperfect/Poly Halloween/- Prefabs/Halloween/gravestone-old-classic-cross.prefab
  artifactKey: Guid(de2d09b271cfb144ab19747dc1626af1) Importer(815301076,1909f56bfc062723c751e8b465ee728b)
Start importing Assets/polyperfect/Poly Halloween/- Prefabs/Halloween/gravestone-old-classic-cross.prefab using Guid(de2d09b271cfb144ab19747dc1626af1) Importer(815301076,1909f56bfc062723c751e8b465ee728b) [PhysX] Initialized MultithreadedTaskDispatcher with 16 workers.
[PhysX] Initialized MultithreadedTaskDispatcher with 16 workers.
 -> (artifact id: 'fb3ea5876d3653f6ae1f35528f1ce367') in 0.013779 seconds
Number of updated asset objects reloaded before import = 0
Number of asset objects unloaded after import = 12
========================================================================
Received Import Request.
  Time since last request: 0.000012 seconds.
  path: Assets/polyperfect/Poly Halloween/- Prefabs/Halloween/candle-spine-lit.prefab
  artifactKey: Guid(e9d1fe4365b88924fb5b97ea37edfb6b) Importer(815301076,1909f56bfc062723c751e8b465ee728b)
Start importing Assets/polyperfect/Poly Halloween/- Prefabs/Halloween/candle-spine-lit.prefab using Guid(e9d1fe4365b88924fb5b97ea37edfb6b) Importer(815301076,1909f56bfc062723c751e8b465ee728b) [PhysX] Initialized MultithreadedTaskDispatcher with 16 workers.
[PhysX] Initialized MultithreadedTaskDispatcher with 16 workers.
 -> (artifact id: '150c5f2d61e09b2d30add4c7389cbaa7') in 0.014520 seconds
Number of updated asset objects reloaded before import = 0
Number of asset objects unloaded after import = 12
========================================================================
Received Import Request.
  Time since last request: 0.000014 seconds.
  path: Assets/polyperfect/Poly Halloween/- Prefabs/Halloween/candle-stick-a-unlit.prefab
  artifactKey: Guid(9f7f26e61591cb8448938b9839f1192e) Importer(815301076,1909f56bfc062723c751e8b465ee728b)
Start importing Assets/polyperfect/Poly Halloween/- Prefabs/Halloween/candle-stick-a-unlit.prefab using Guid(9f7f26e61591cb8448938b9839f1192e) Importer(815301076,1909f56bfc062723c751e8b465ee728b) [PhysX] Initialized MultithreadedTaskDispatcher with 16 workers.
[PhysX] Initialized MultithreadedTaskDispatcher with 16 workers.
 -> (artifact id: 'f3578a620240c12c03ff97a87697837e') in 0.013640 seconds
Number of updated asset objects reloaded before import = 0
Number of asset objects unloaded after import = 12
========================================================================
Received Import Request.
  Time since last request: 0.000020 seconds.
  path: Assets/polyperfect/Poly Halloween/- Prefabs/Halloween/mushroom-magical-cluster-a.prefab
  artifactKey: Guid(17ecc69fedc732d4b96ab4722d7dd95f) Importer(815301076,1909f56bfc062723c751e8b465ee728b)
Start importing Assets/polyperfect/Poly Halloween/- Prefabs/Halloween/mushroom-magical-cluster-a.prefab using Guid(17ecc69fedc732d4b96ab4722d7dd95f) Importer(815301076,1909f56bfc062723c751e8b465ee728b) [PhysX] Initialized MultithreadedTaskDispatcher with 16 workers.
[PhysX] Initialized MultithreadedTaskDispatcher with 16 workers.
 -> (artifact id: 'ada469bf0ffc165ac2e4164ae5774755') in 0.013605 seconds
Number of updated asset objects reloaded before import = 0
Number of asset objects unloaded after import = 12
========================================================================
Received Import Request.
  Time since last request: 0.000018 seconds.
  path: Assets/polyperfect/Poly Halloween/- Prefabs/Halloween/gravestone-old-tower.prefab
  artifactKey: Guid(13b23f35e616a8b45be94a4b9164bcb4) Importer(815301076,1909f56bfc062723c751e8b465ee728b)
Start importing Assets/polyperfect/Poly Halloween/- Prefabs/Halloween/gravestone-old-tower.prefab using Guid(13b23f35e616a8b45be94a4b9164bcb4) Importer(815301076,1909f56bfc062723c751e8b465ee728b) [PhysX] Initialized MultithreadedTaskDispatcher with 16 workers.
[PhysX] Initialized MultithreadedTaskDispatcher with 16 workers.
 -> (artifact id: '3d245d0f76cd460c1dfed9a974805722') in 0.014462 seconds
Number of updated asset objects reloaded before import = 0
Number of asset objects unloaded after import = 12
========================================================================
Received Import Request.
  Time since last request: 0.000011 seconds.
  path: Assets/polyperfect/Poly Halloween/- Prefabs/Halloween/stump-possesed.prefab
  artifactKey: Guid(6d58392d0b7c5a44a82040de4cdf5f68) Importer(815301076,1909f56bfc062723c751e8b465ee728b)
Start importing Assets/polyperfect/Poly Halloween/- Prefabs/Halloween/stump-possesed.prefab using Guid(6d58392d0b7c5a44a82040de4cdf5f68) Importer(815301076,1909f56bfc062723c751e8b465ee728b) [PhysX] Initialized MultithreadedTaskDispatcher with 16 workers.
[PhysX] Initialized MultithreadedTaskDispatcher with 16 workers.
 -> (artifact id: '5c3ddb58ecbe8215fb9a8c25493d4f4c') in 0.014333 seconds
Number of updated asset objects reloaded before import = 0
Number of asset objects unloaded after import = 12
========================================================================
Received Import Request.
  Time since last request: 0.000015 seconds.
  path: Assets/polyperfect/Poly Halloween/- Prefabs/Halloween/lantern-street-fixed-halloween.prefab
  artifactKey: Guid(f24c94125f67fd1428db4b54c387fbef) Importer(815301076,1909f56bfc062723c751e8b465ee728b)
Start importing Assets/polyperfect/Poly Halloween/- Prefabs/Halloween/lantern-street-fixed-halloween.prefab using Guid(f24c94125f67fd1428db4b54c387fbef) Importer(815301076,1909f56bfc062723c751e8b465ee728b) [PhysX] Initialized MultithreadedTaskDispatcher with 16 workers.
[PhysX] Initialized MultithreadedTaskDispatcher with 16 workers.
 -> (artifact id: '1f4f638faad839c02fbceec214f2742f') in 0.018528 seconds
Number of updated asset objects reloaded before import = 0
Number of asset objects unloaded after import = 13
========================================================================
Received Import Request.
  Time since last request: 0.000023 seconds.
  path: Assets/polyperfect/Poly Halloween/- Prefabs/Halloween/candy-a.prefab
  artifactKey: Guid(477741b58e5320d4f8c8f2410f39cc4b) Importer(815301076,1909f56bfc062723c751e8b465ee728b)
Start importing Assets/polyperfect/Poly Halloween/- Prefabs/Halloween/candy-a.prefab using Guid(477741b58e5320d4f8c8f2410f39cc4b) Importer(815301076,1909f56bfc062723c751e8b465ee728b) [PhysX] Initialized MultithreadedTaskDispatcher with 16 workers.
[PhysX] Initialized MultithreadedTaskDispatcher with 16 workers.
 -> (artifact id: '8b8de273f6c23cbad48b309a3bf9af69') in 0.011685 seconds
Number of updated asset objects reloaded before import = 0
Number of asset objects unloaded after import = 12
========================================================================
Received Import Request.
  Time since last request: 0.000011 seconds.
  path: Assets/polyperfect/Poly Halloween/- Prefabs/Halloween/candle-skull-lit.prefab
  artifactKey: Guid(369456f238c2221498ccdf16df24b160) Importer(815301076,1909f56bfc062723c751e8b465ee728b)
Start importing Assets/polyperfect/Poly Halloween/- Prefabs/Halloween/candle-skull-lit.prefab using Guid(369456f238c2221498ccdf16df24b160) Importer(815301076,1909f56bfc062723c751e8b465ee728b) [PhysX] Initialized MultithreadedTaskDispatcher with 16 workers.
[PhysX] Initialized MultithreadedTaskDispatcher with 16 workers.
 -> (artifact id: '052820026d6db09a30779cd64ad2cd5f') in 0.011680 seconds
Number of updated asset objects reloaded before import = 0
Number of asset objects unloaded after import = 12
========================================================================
Received Import Request.
  Time since last request: 0.000011 seconds.
  path: Assets/polyperfect/Poly Halloween/- Prefabs/Halloween/mushroom-magical-champignon-a.prefab
  artifactKey: Guid(d612f6a8366b16945939d1cf3ef5ae37) Importer(815301076,1909f56bfc062723c751e8b465ee728b)
Start importing Assets/polyperfect/Poly Halloween/- Prefabs/Halloween/mushroom-magical-champignon-a.prefab using Guid(d612f6a8366b16945939d1cf3ef5ae37) Importer(815301076,1909f56bfc062723c751e8b465ee728b) [PhysX] Initialized MultithreadedTaskDispatcher with 16 workers.
[PhysX] Initialized MultithreadedTaskDispatcher with 16 workers.
 -> (artifact id: 'efaa8f7348a1ef434b35d0524edd907d') in 0.014693 seconds
Number of updated asset objects reloaded before import = 0
Number of asset objects unloaded after import = 12
========================================================================
Received Import Request.
  Time since last request: 0.000011 seconds.
  path: Assets/polyperfect/Poly Halloween/- Prefabs/Halloween/scarecrow-b.prefab
  artifactKey: Guid(b690cb73b33aed849b8f65e31595dea7) Importer(815301076,1909f56bfc062723c751e8b465ee728b)
Start importing Assets/polyperfect/Poly Halloween/- Prefabs/Halloween/scarecrow-b.prefab using Guid(b690cb73b33aed849b8f65e31595dea7) Importer(815301076,1909f56bfc062723c751e8b465ee728b) [PhysX] Initialized MultithreadedTaskDispatcher with 16 workers.
[PhysX] Initialized MultithreadedTaskDispatcher with 16 workers.
 -> (artifact id: '7d4841368ea023ad49c45120e26c233d') in 0.013022 seconds
Number of updated asset objects reloaded before import = 0
Number of asset objects unloaded after import = 12
========================================================================
Received Import Request.
  Time since last request: 0.000011 seconds.
  path: Assets/polyperfect/Poly Halloween/- Prefabs/Halloween/string-of-flags-3m.prefab
  artifactKey: Guid(849ba2d3e5872ea418a8fd36343014de) Importer(815301076,1909f56bfc062723c751e8b465ee728b)
Start importing Assets/polyperfect/Poly Halloween/- Prefabs/Halloween/string-of-flags-3m.prefab using Guid(849ba2d3e5872ea418a8fd36343014de) Importer(815301076,1909f56bfc062723c751e8b465ee728b) [PhysX] Initialized MultithreadedTaskDispatcher with 16 workers.
[PhysX] Initialized MultithreadedTaskDispatcher with 16 workers.
 -> (artifact id: '7627a03795ac31c95f9e518ea97ef024') in 0.012872 seconds
Number of updated asset objects reloaded before import = 0
Number of asset objects unloaded after import = 11
========================================================================
Received Import Request.
  Time since last request: 0.000013 seconds.
  path: Assets/polyperfect/Poly Halloween/- Prefabs/Halloween/candy-pumpkin.prefab
  artifactKey: Guid(02a2903fd6ff3bb46b4e541371cc79e4) Importer(815301076,1909f56bfc062723c751e8b465ee728b)
Start importing Assets/polyperfect/Poly Halloween/- Prefabs/Halloween/candy-pumpkin.prefab using Guid(02a2903fd6ff3bb46b4e541371cc79e4) Importer(815301076,1909f56bfc062723c751e8b465ee728b) [PhysX] Initialized MultithreadedTaskDispatcher with 16 workers.
[PhysX] Initialized MultithreadedTaskDispatcher with 16 workers.
 -> (artifact id: '1288937e04b271164ba647bfa87a78f2') in 0.013562 seconds
Number of updated asset objects reloaded before import = 0
Number of asset objects unloaded after import = 12
========================================================================
Received Import Request.
  Time since last request: 0.000015 seconds.
  path: Assets/polyperfect/Poly Halloween/- Prefabs/Halloween/pumpkin-carved-lit-b.prefab
  artifactKey: Guid(32a07afdb9244484ea69e3551e9cbd4f) Importer(815301076,1909f56bfc062723c751e8b465ee728b)
Start importing Assets/polyperfect/Poly Halloween/- Prefabs/Halloween/pumpkin-carved-lit-b.prefab using Guid(32a07afdb9244484ea69e3551e9cbd4f) Importer(815301076,1909f56bfc062723c751e8b465ee728b) [PhysX] Initialized MultithreadedTaskDispatcher with 16 workers.
[PhysX] Initialized MultithreadedTaskDispatcher with 16 workers.
 -> (artifact id: 'dc4c210561d15778d4306d7d1a0bed36') in 0.013733 seconds
Number of updated asset objects reloaded before import = 0
Number of asset objects unloaded after import = 12
========================================================================
Received Import Request.
  Time since last request: 0.000011 seconds.
  path: Assets/polyperfect/Poly Halloween/- Prefabs/Halloween/candle-finger-holder-lit.prefab
  artifactKey: Guid(c85864aae28330e49ae362ef6709cfa0) Importer(815301076,1909f56bfc062723c751e8b465ee728b)
Start importing Assets/polyperfect/Poly Halloween/- Prefabs/Halloween/candle-finger-holder-lit.prefab using Guid(c85864aae28330e49ae362ef6709cfa0) Importer(815301076,1909f56bfc062723c751e8b465ee728b) [PhysX] Initialized MultithreadedTaskDispatcher with 16 workers.
[PhysX] Initialized MultithreadedTaskDispatcher with 16 workers.
 -> (artifact id: '7c350cda2729368050d26fd3386afba7') in 0.013293 seconds
Number of updated asset objects reloaded before import = 0
Number of asset objects unloaded after import = 12
========================================================================
Received Import Request.
  Time since last request: 0.000024 seconds.
  path: Assets/polyperfect/Poly Halloween/- Prefabs/Halloween/scythe.prefab
  artifactKey: Guid(5d1c6b9606695db4f95ec9b45a56a860) Importer(815301076,1909f56bfc062723c751e8b465ee728b)
Start importing Assets/polyperfect/Poly Halloween/- Prefabs/Halloween/scythe.prefab using Guid(5d1c6b9606695db4f95ec9b45a56a860) Importer(815301076,1909f56bfc062723c751e8b465ee728b) [PhysX] Initialized MultithreadedTaskDispatcher with 16 workers.
[PhysX] Initialized MultithreadedTaskDispatcher with 16 workers.
 -> (artifact id: '5241d346f50f256d5b8e3240af22bd1a') in 0.013658 seconds
Number of updated asset objects reloaded before import = 0
Number of asset objects unloaded after import = 12
========================================================================
Received Import Request.
  Time since last request: 0.000012 seconds.
  path: Assets/polyperfect/Poly Halloween/- Prefabs/Halloween/pumpkin-candy.prefab
  artifactKey: Guid(8aa9f0eeaf116a8469f8cda342757ddb) Importer(815301076,1909f56bfc062723c751e8b465ee728b)
Start importing Assets/polyperfect/Poly Halloween/- Prefabs/Halloween/pumpkin-candy.prefab using Guid(8aa9f0eeaf116a8469f8cda342757ddb) Importer(815301076,1909f56bfc062723c751e8b465ee728b) [PhysX] Initialized MultithreadedTaskDispatcher with 16 workers.
[PhysX] Initialized MultithreadedTaskDispatcher with 16 workers.
 -> (artifact id: '2462bd5bf04d12d72084c010831fb013') in 0.013359 seconds
Number of updated asset objects reloaded before import = 0
Number of asset objects unloaded after import = 12
========================================================================
Received Import Request.
  Time since last request: 3.608573 seconds.
  path: Assets/polyperfect/Poly Halloween/- Prefabs/Halloween/wall-graveyard-1m.prefab
  artifactKey: Guid(a360f7d95901f2e4081dccc2d8cd0542) Importer(815301076,1909f56bfc062723c751e8b465ee728b)
Start importing Assets/polyperfect/Poly Halloween/- Prefabs/Halloween/wall-graveyard-1m.prefab using Guid(a360f7d95901f2e4081dccc2d8cd0542) Importer(815301076,1909f56bfc062723c751e8b465ee728b) [PhysX] Initialized MultithreadedTaskDispatcher with 16 workers.
[PhysX] Initialized MultithreadedTaskDispatcher with 16 workers.
 -> (artifact id: '27d5dab27f8cb2e7d9919ae44149dcac') in 0.014225 seconds
Number of updated asset objects reloaded before import = 0
Number of asset objects unloaded after import = 12
========================================================================
Received Import Request.
  Time since last request: 0.000012 seconds.
  path: Assets/polyperfect/Poly Halloween/- Prefabs/Halloween/wall-graveyard-end.prefab
  artifactKey: Guid(6aeb785d1cb7b554d95439d19f61fe4d) Importer(815301076,1909f56bfc062723c751e8b465ee728b)
Start importing Assets/polyperfect/Poly Halloween/- Prefabs/Halloween/wall-graveyard-end.prefab using Guid(6aeb785d1cb7b554d95439d19f61fe4d) Importer(815301076,1909f56bfc062723c751e8b465ee728b) [PhysX] Initialized MultithreadedTaskDispatcher with 16 workers.
[PhysX] Initialized MultithreadedTaskDispatcher with 16 workers.
 -> (artifact id: 'c68899c19b1a22639ee71658adbdccc2') in 0.013717 seconds
Number of updated asset objects reloaded before import = 0
Number of asset objects unloaded after import = 12
========================================================================
Received Import Request.
  Time since last request: 0.000013 seconds.
  path: Assets/polyperfect/Poly Halloween/- Prefabs/Halloween/wall-graveyard-3m-corner.prefab
  artifactKey: Guid(85805862c6f82c341af4aaa9ed189d05) Importer(815301076,1909f56bfc062723c751e8b465ee728b)
Start importing Assets/polyperfect/Poly Halloween/- Prefabs/Halloween/wall-graveyard-3m-corner.prefab using Guid(85805862c6f82c341af4aaa9ed189d05) Importer(815301076,1909f56bfc062723c751e8b465ee728b) [PhysX] Initialized MultithreadedTaskDispatcher with 16 workers.
[PhysX] Initialized MultithreadedTaskDispatcher with 16 workers.
 -> (artifact id: '0973c1791ecd3856f523003130f447d8') in 0.013841 seconds
Number of updated asset objects reloaded before import = 0
Number of asset objects unloaded after import = 12
Editor requested this worker to shutdown with reason: Scaling down because of idle timeout
TcpMessagingSession - receive error: operation aborted. errorcode: 995, details: The I/O operation has been aborted because of either a thread exit or an application request.
AssetImportWorker is now disconnected from the server
Process exiting
Exiting without the bug reporter. Application will terminate with return code 0